Log file open, 04/15/14 15:09:34
LogInit:Display: Running engine for game: MyProject
LogInit: Version: 4.0.1-0+UE4
LogInit: Compiled (64-bit): Apr  3 2014 11:44:54
LogInit: Build Configuration: Development
LogInit: Branch Name: UE4
LogInit: Command line: 
LogInit: Base directory: D:/UnrealEngine-4.0.1-release/Engine/Binaries/Win64/
[2014.04.15-12.09.34:084][  0]LogTaskGraph: Started task graph with 3 named threads and 4 total threads.
[2014.04.15-12.09.34:114][  0]LogOnline:Warning: No default platform service specified for OnlineSubsystem
[2014.04.15-12.09.34:121][  0]LogInit: Presizing for 0 objects not considered by GC, pre-allocating 0 bytes.
[2014.04.15-12.09.34:128][  0]LogInit: Object subsystem initialized
[2014.04.15-12.09.34:129][  0]LogInit: Selected Device Profile: [Windows]
[2014.04.15-12.09.34:129][  0]LogInit: Applying CVar settings loaded from the selected device profile: [Windows]
[2014.04.15-12.09.34:135][  0]LogInit: Computer: BOSHCHUKV
[2014.04.15-12.09.34:135][  0]LogInit: User: vboshchuk
[2014.04.15-12.09.34:136][  0]LogInit: CPU Page size=4096, Cores=2
[2014.04.15-12.09.34:136][  0]LogInit: High frequency timer resolution =3.215351 MHz
[2014.04.15-12.09.34:136][  0]LogInit: Memory total: Physical=15.9GB (16GB approx) Pagefile=8176.1GB Virtual=8192.0GB
[2014.04.15-12.09.34:151][  0]LogD3D11RHI: Found D3D11 adapter 0: Intel(R) HD Graphics 4000 (Feature Level 11_0)
[2014.04.15-12.09.34:151][  0]LogD3D11RHI: Adapter has 32MB of dedicated video memory, 0MB of dedicated system memory, and 1632MB of shared system memory
[2014.04.15-12.09.34:152][  0]LogD3D11RHI: Found D3D11 adapter 1: Microsoft Basic Render Driver (Feature Level 11_0)
[2014.04.15-12.09.34:152][  0]LogD3D11RHI: Adapter has 0MB of dedicated video memory, 0MB of dedicated system memory, and 256MB of shared system memory
[2014.04.15-12.09.34:160][  0]LogRHI: Texture pool is 593 MB (70% of 848 MB)
[2014.04.15-12.09.34:162][  0]LogD3D11RHI: Async texture creation enabled
[2014.04.15-12.09.34:220][  0]LogTextLocalizationManager:Warning: Loading localization resources contain conflicting entries for (Namespace:UICommands, Key:ToggleRealtime_ToolTip):
Resource: (D:/UnrealEngine-4.0.1-release/Engine/Content/Localization/Editor/en/Editor.locres) Hash: (-291638278) String: (Toggle Realtime)
Resource: (D:/UnrealEngine-4.0.1-release/Engine/Content/Localization/Editor/en/Editor.locres) Hash: (-1913389001) String: (Toggles real time rendering in this viewport)
[2014.04.15-12.09.34:238][  0]LogContentStreaming: Texture pool size is 0.000000MB
[2014.04.15-12.09.34:270][  0]LogInit: WinSock: version 1.1 (2.2), MaxSocks=32767, MaxUdp=65467
[2014.04.15-12.09.34:764][  0]LogTargetPlatformManager:Display: Building Assets For Windows
[2014.04.15-12.09.34:831][  0]LogTargetPlatformManager:Display: Building Assets For Windows
[2014.04.15-12.09.34:860][  0]LogDerivedDataCache:Display: Max Cache Size: 512 MB
[2014.04.15-12.09.34:895][  0]LogDerivedDataCache: Loaded boot cache 0.03s 38MB C:/Users/v.boshchuk/Documents/Unreal Projects/MyProject/DerivedDataCache/Boot.ddc.
[2014.04.15-12.09.34:895][  0]LogDerivedDataCache:Display: Loaded Boot cache: C:/Users/v.boshchuk/Documents/Unreal Projects/MyProject/DerivedDataCache/Boot.ddc
[2014.04.15-12.09.34:895][  0]LogDerivedDataCache: FDerivedDataBackendGraph:  Pak pak cache file C:/Users/v.boshchuk/Documents/Unreal Projects/MyProject/DerivedDataCache/DDC.ddp not found, will not use a pak cache.
[2014.04.15-12.09.34:895][  0]LogDerivedDataCache: Unable to find inner node Pak for hierarchical cache Hierarchy.
[2014.04.15-12.09.34:895][  0]LogDerivedDataCache: FDerivedDataBackendGraph:  EnginePak pak cache file ../../../Engine/DerivedDataCache/DDC.ddp not found, will not use a pak cache.
[2014.04.15-12.09.34:895][  0]LogDerivedDataCache: Unable to find inner node EnginePak for hierarchical cache Hierarchy.
[2014.04.15-12.09.34:907][  0]LogDerivedDataCache: Using Local data cache path ../../../Engine/DerivedDataCache: Writable
[2014.04.15-12.09.34:908][  0]LogDerivedDataCache:Warning: Fail to write to //epicgames.net/root/UE4DDC, derived data cache to this directory will be read only.
[2014.04.15-12.09.34:908][  0]LogDerivedDataCache:Warning: Shared data cache path was not usable, will not use it.
[2014.04.15-12.09.34:908][  0]LogDerivedDataCache: Unable to find inner node Shared for hierarchical cache Hierarchy.
[2014.04.15-12.09.35:083][  0]LogMeshUtilities: No automatic mesh reduction module available
[2014.04.15-12.09.35:083][  0]LogMeshUtilities: No automatic mesh merging module available
[2014.04.15-12.09.35:611][  0]LogEnum:Warning: Enum Text 1 for Enum ECustomDepth failed to resolve to any value
[2014.04.15-12.09.35:611][  0]LogEnum:Warning: Enum Text 3 for Enum EEarlyZPass failed to resolve to any value
[2014.04.15-12.09.35:611][  0]LogEnum:Warning: Enum Text 1 for Enum EClearSceneOptions failed to resolve to any value
[2014.04.15-12.09.35:611][  0]LogEnum:Warning: Enum Text 4 for Enum ECompositingSampleCount failed to resolve to any value
[2014.04.15-12.09.36:305][  0]UdpMessaging: Initializing bridge on interface 0.0.0.0:0 to multicast group 230.0.0.1:6666.
[2014.04.15-12.09.36:381][  0]SourceControl: Info Source control is disabled
[2014.04.15-12.09.36:381][  0]SourceControl: Info Source control is disabled
[2014.04.15-12.09.36:385][  0]SourceControl: Info Source control is disabled
[2014.04.15-12.09.36:533][  0]BlueprintLog: New page: Editor Load
[2014.04.15-12.09.36:567][  0]LogObj: 18325 objects as part of root set at end of initial load.
[2014.04.15-12.09.36:567][  0]LogUObjectAllocator: 3624888 out of 0 bytes used by permanent object pool.
[2014.04.15-12.09.36:745][  0]LogAutomationTest:Warning: Loading localization resources contain conflicting entries for (Namespace:UICommands, Key:ToggleRealtime_ToolTip):
Resource: (D:/UnrealEngine-4.0.1-release/Engine/Content/Localization/Editor/en/Editor.locres) Hash: (-291638278) String: (Toggle Realtime)
Resource: (D:/UnrealEngine-4.0.1-release/Engine/Content/Localization/Editor/en/Editor.locres) Hash: (-1913389001) String: (Toggles real time rendering in this viewport)
[2014.04.15-12.09.36:745][  0]LogAutomationTest:Warning: Loading localization resources contain conflicting entries for (Namespace:UICommands, Key:ToggleRealtime_ToolTip):
Resource: (D:/UnrealEngine-4.0.1-release/Engine/Content/Localization/Editor/en/Editor.locres) Hash: (-291638278) String: (Toggle Realtime)
Resource: (D:/UnrealEngine-4.0.1-release/Engine/Content/Localization/Editor/en/Editor.locres) Hash: (-1913389001) String: (Toggles real time rendering in this viewport)
[2014.04.15-12.09.36:745][  0]LogAutomationTest:Warning: Loading localization resources contain conflicting entries for (Namespace:UICommands, Key:ToggleRealtime_ToolTip):
Resource: (D:/UnrealEngine-4.0.1-release/Engine/Content/Localization/Editor/en/Editor.locres) Hash: (-291638278) String: (Toggle Realtime)
Resource: (D:/UnrealEngine-4.0.1-release/Engine/Content/Localization/Editor/en/Editor.locres) Hash: (-1913389001) String: (Toggles real time rendering in this viewport)
[2014.04.15-12.09.36:745][  0]LogEngine: Initializing Engine...
[2014.04.15-12.09.37:117][  0]LogInit: XAudio2 using 'Speakers (2- High Definition Audio Device)' : 2 channels at 44.1 kHz using 16 bits per sample (channel mask 0x3)
[2014.04.15-12.09.37:128][  0]LogInit: FAudioDevice initialized.
[2014.04.15-12.09.37:159][  0]LogDerivedDataCache: Saved boot cache 0.03s 58MB C:/Users/v.boshchuk/Documents/Unreal Projects/MyProject/DerivedDataCache/Boot.ddc.
[2014.04.15-12.09.37:163][  0]LogInit: Texture streaming: Enabled
[2014.04.15-12.09.37:198][  0]LogInit: Transaction tracking system initialized
[2014.04.15-12.09.37:297][  0]LogAssetRegistry: FAssetRegistry took 0.010415 seconds to start up
[2014.04.15-12.09.37:454][  0]LogModuleManager:Warning: ModuleManager: Unable to load module '' because the file was not found.
[2014.04.15-12.09.37:458][  0]LogModuleManager:Warning: ModuleManager: Unable to load module '' because the file was not found.
[2014.04.15-12.09.37:522][  0]LogConsoleResponse:Display: 
[2014.04.15-12.09.37:753][  0]SourceControl: Info Source control is disabled
[2014.04.15-12.09.37:753][  0]Cmd: MAP LOAD FILE="C:/Users/v.boshchuk/Documents/Unreal Projects/MyProject/Content/Maps/Minimal_Default.umap" TEMPLATE=0 SHOWPROGRESS=1 WORLDCOMPOSITION=0
[2014.04.15-12.09.37:754][  0]LightingResults: New page: Lighting Build
[2014.04.15-12.09.37:761][  0]MapCheck: New page: Map Check
[2014.04.15-12.09.37:761][  0]LightingResults: New page: Lighting Build
[2014.04.15-12.09.37:775][  0]LogParticles: Destroying 0 GPU particle simulations for FXSystem 0x000000E7BCE6EF20
[2014.04.15-12.09.40:590][  0]LogEditorServer: Finished looking for orphan Actors (0.000 secs)
[2014.04.15-12.09.40:591][  0]Cmd: MAP CHECKDEP
[2014.04.15-12.09.40:591][  0]MapCheck: New page: Minimal_Default - Apr 15, 2014, 6:09:40 PM
[2014.04.15-12.09.40:635][  0]MapCheck: Info ========== Map Check: 0 Error(s), 0 Warning(s), [44.226ms] ==========
[2014.04.15-12.09.40:635][  0]LogFileHelpers: Loading map 'Minimal_Default' took 2.882
[2014.04.15-12.09.40:999][  0]LogCollectionManager: Loaded 0 collections in 0.001007 seconds
[2014.04.15-12.09.41:300][  0]LogCrashTracker: Crashtracker disabled due to settings.
[2014.04.15-12.09.41:300][  0]Cmd: MODE PLACEMENT
[2014.04.15-12.09.41:518][  0]LogLoad: Full Startup: 8.17 seconds (BP compile: 0.12 seconds)
[2014.04.15-12.09.41:531][  0]LogContentBrowser:Verbose: The content browser source was changed by the sources view to '/Game/Blueprints'
[2014.04.15-12.09.41:636][  0]LogRenderer:Warning: Reallocating scene render targets to support 32x32.
[2014.04.15-12.09.42:041][  0]LogRenderer:Warning: Reallocating scene render targets to support 784x904.
[2014.04.15-12.09.42:313][  1]LogEpicSurvey:Warning: EnumerateFiles request failed. Invalid response. code=403 error=<?xml version="1.0" encoding="UTF-8"?>
<Error><Code>AccessDenied</Code><Message>Access Denied</Message><RequestId>BE5F21A8D33F25F7</RequestId><HostId>pw4C9eD5h/zYbXwMHLSb8kxc/XOz2gqL76PxW2qkFLYyh8JPxXS6oKDSgHTZ/QrQ</HostId></Error>
[2014.04.15-12.09.42:587][  5]LogEpicSurvey:Warning: EnumerateFiles request failed. Invalid response. code=403 error=<?xml version="1.0" encoding="UTF-8"?>
<Error><Code>AccessDenied</Code><Message>Access Denied</Message><RequestId>9FDC17D782E7D4F1</RequestId><HostId>bciNdjZIH0JgsA2eNldNe1e3TLJZhgM+Wd1NiqC6rf/bYZEgbPA3r/bSmrirJgCs</HostId></Error>
[2014.04.15-12.09.42:745][  8]LogEpicSurvey:Warning: EnumerateFiles request failed. Invalid response. code=403 error=<?xml version="1.0" encoding="UTF-8"?>
<Error><Code>AccessDenied</Code><Message>Access Denied</Message><RequestId>E81D3A3CA31D1DD4</RequestId><HostId>Z4wWkTqwcLKmwKl74IAF/KQq7Ep8gZkSgNfCLj7m36LlV4C2XDICpF/4+MOLwwQj</HostId></Error>
[2014.04.15-12.09.47:060][101]LogAssetRegistry: Asset discovery search completed in 9.774196 seconds
[2014.04.15-12.09.57:682][385]LogActorComponent: UnregisterComponent: (/Engine/Transient.ProjectileMovementComponent_0) Not registered. Aborting.
[2014.04.15-12.09.57:704][385]Cmd: MAP LOAD FILE="C:/Users/v.boshchuk/Documents/Unreal Projects/MyProject/Content/Maps/MyTest.umap" TEMPLATE=0 SHOWPROGRESS=1 WORLDCOMPOSITION=0
[2014.04.15-12.09.57:704][385]LightingResults: New page: Lighting Build
[2014.04.15-12.09.57:708][385]LoadErrors: New page: Loading map: MyTest.umap
[2014.04.15-12.09.57:708][385]MapCheck: New page: Map Check
[2014.04.15-12.09.57:708][385]LightingResults: New page: Lighting Build
[2014.04.15-12.09.57:724][385]LogParticles: Destroying 0 GPU particle simulations for FXSystem 0x000000E7BD103560
[2014.04.15-12.09.57:952][385]LogEditorServer: Finished looking for orphan Actors (0.000 secs)
[2014.04.15-12.09.57:964][385]Cmd: MAP CHECKDEP
[2014.04.15-12.09.57:965][385]MapCheck: New page: MyTest - Apr 15, 2014, 6:09:57 PM
[2014.04.15-12.09.58:002][385]MapCheck: Info ========== Map Check: 0 Error(s), 0 Warning(s), [37.525ms] ==========
[2014.04.15-12.09.58:002][385]LogFileHelpers: Loading map 'MyTest' took 0.298
[2014.04.15-12.10.02:189][489]BlueprintLog: New page: Pre-PIE auto-recompile
[2014.04.15-12.10.02:215][489]LogPlayLevel: [PIE] Compiling Untitled before PIE...
[2014.04.15-12.10.02:262][489]LogActorComponent: UnregisterComponent: (/Engine/Transient.CharacterMovementComponent_0) Not registered. Aborting.
[2014.04.15-12.10.02:286][489]LogPlayLevel: PIE:  Blueprint regeneration took 97 ms (1 blueprints)
[2014.04.15-12.10.02:286][489]PIE: New page: PIE session: MyTest (Apr 15, 2014, 6:10:02 PM)
[2014.04.15-12.10.02:292][489]LogPlayLevel: PIE: StaticDuplicateObject took: (0.005819s)
[2014.04.15-12.10.02:293][489]LogPlayLevel: PIE: World Init took: (0.001058s)
[2014.04.15-12.10.02:293][489]LogPlayLevel: PIE: Created PIE world by copying editor world from /Game/Maps/MyTest.MyTest to /Game/Maps/UEDPIE_0_MyTest.MyTest (0.007098s)
[2014.04.15-12.10.02:293][489]LogWorld: Game class is 'AntiGameMode_C'
[2014.04.15-12.10.02:366][489]LogWorld: Bringing World /Game/Maps/UEDPIE_0_MyTest.MyTest up for play (max tick rate 0) at 2014.04.15-15.10.02
[2014.04.15-12.10.02:366][489]LogWorld: Bringing up level for play took: 0.001502
[2014.04.15-12.10.02:367][489]LogPlayerController: ClientRestart_Implementation MyCharackter_C_0
[2014.04.15-12.10.02:367][489]LogPlayerController: ServerAcknowledgePossession_Implementation MyCharackter_C_0
[2014.04.15-12.10.02:368][489]LogBlueprintUserMessages: X=530.000 Y=-620.000 Z=100.000
[2014.04.15-12.10.02:368][489]PIE: Info Play in editor start time for /Game/Maps/UEDPIE_0_MyTest -0.492
[2014.04.15-12.10.04:734][520]LogBlueprintUserMessages: Frome my level
[2014.04.15-12.10.17:987][725]LogParticles: Destroying 0 GPU particle simulations for FXSystem 0x000000E7C2EBEF20
[2014.04.15-12.17.17:099][289]LogRenderer:Warning: Reallocating scene render targets to support 792x904.
[2014.04.15-13.14.41:135][812]BlueprintLog: New page: Pre-PIE auto-recompile
[2014.04.15-13.14.41:154][812]LogPlayLevel: [PIE] Compiling Untitled before PIE...
[2014.04.15-13.14.41:219][812]LogPlayLevel: PIE:  Blueprint regeneration took 83 ms (1 blueprints)
[2014.04.15-13.14.41:219][812]PIE: New page: PIE session: MyTest (Apr 15, 2014, 7:14:41 PM)
[2014.04.15-13.14.41:229][812]LogPlayLevel: PIE: StaticDuplicateObject took: (0.009534s)
[2014.04.15-13.14.41:229][812]LogPlayLevel: PIE: World Init took: (0.000622s)
[2014.04.15-13.14.41:229][812]LogPlayLevel: PIE: Created PIE world by copying editor world from /Game/Maps/MyTest.MyTest to /Game/Maps/UEDPIE_0_MyTest.MyTest (0.010354s)
[2014.04.15-13.14.41:229][812]LogWorld: Game class is 'AntiGameMode_C'
[2014.04.15-13.14.41:259][812]LogWorld: Bringing World /Game/Maps/UEDPIE_0_MyTest.MyTest up for play (max tick rate 0) at 2014.04.15-16.14.41
[2014.04.15-13.14.41:259][812]LogWorld: Bringing up level for play took: 0.001543
[2014.04.15-13.14.41:260][812]LogPlayerController: ClientRestart_Implementation MyCharackter_C_1
[2014.04.15-13.14.41:260][812]LogPlayerController: ServerAcknowledgePossession_Implementation MyCharackter_C_1
[2014.04.15-13.14.41:261][812]LogBlueprintUserMessages: X=530.000 Y=-620.000 Z=100.000
[2014.04.15-13.14.41:261][812]PIE: Info Play in editor start time for /Game/Maps/UEDPIE_0_MyTest 0.336
[2014.04.15-13.14.43:277][843]LogBlueprintUserMessages: Frome my level
[2014.04.15-13.14.49:400][937]LogParticles: Destroying 0 GPU particle simulations for FXSystem 0x000000E7BABD4360
[2014.04.15-13.14.52:078][  4]BlueprintLog: New page: Pre-PIE auto-recompile
[2014.04.15-13.14.52:099][  4]LogPlayLevel: [PIE] Compiling Untitled before PIE...
[2014.04.15-13.14.52:161][  4]LogPlayLevel: PIE:  Blueprint regeneration took 83 ms (1 blueprints)
[2014.04.15-13.14.52:161][  4]PIE: New page: PIE session: MyTest (Apr 15, 2014, 7:14:52 PM)
[2014.04.15-13.14.52:166][  4]LogPlayLevel: PIE: StaticDuplicateObject took: (0.005141s)
[2014.04.15-13.14.52:168][  4]LogPlayLevel: PIE: World Init took: (0.001419s)
[2014.04.15-13.14.52:168][  4]LogPlayLevel: PIE: Created PIE world by copying editor world from /Game/Maps/MyTest.MyTest to /Game/Maps/UEDPIE_0_MyTest.MyTest (0.006739s)
[2014.04.15-13.14.52:168][  4]LogWorld: Game class is 'AntiGameMode_C'
[2014.04.15-13.14.52:195][  4]LogWorld: Bringing World /Game/Maps/UEDPIE_0_MyTest.MyTest up for play (max tick rate 0) at 2014.04.15-16.14.52
[2014.04.15-13.14.52:195][  4]LogWorld: Bringing up level for play took: 0.001480
[2014.04.15-13.14.52:196][  4]LogPlayerController: ClientRestart_Implementation MyCharackter_C_2
[2014.04.15-13.14.52:196][  4]LogPlayerController: ServerAcknowledgePossession_Implementation MyCharackter_C_2
[2014.04.15-13.14.52:196][  4]LogBlueprintUserMessages: X=530.000 Y=-620.000 Z=100.000
[2014.04.15-13.14.52:197][  4]PIE: Info Play in editor start time for /Game/Maps/UEDPIE_0_MyTest -0.729
[2014.04.15-13.14.53:677][ 28]LogBlueprintUserMessages: Frome my level
[2014.04.15-13.15.05:892][218]LogBlueprintUserMessages: Frome my level
[2014.04.15-13.15.10:456][288]LogParticles: Destroying 0 GPU particle simulations for FXSystem 0x000000E7BABD7100
[2014.04.15-13.15.18:461][484]BlueprintLog: New page: Pre-PIE auto-recompile
[2014.04.15-13.15.18:479][484]LogPlayLevel: [PIE] Compiling Untitled before PIE...
[2014.04.15-13.15.18:549][484]LogPlayLevel: PIE:  Blueprint regeneration took 88 ms (1 blueprints)
[2014.04.15-13.15.18:549][484]PIE: New page: PIE session: MyTest (Apr 15, 2014, 7:15:18 PM)
[2014.04.15-13.15.18:555][484]LogPlayLevel: PIE: StaticDuplicateObject took: (0.005099s)
[2014.04.15-13.15.18:556][484]LogPlayLevel: PIE: World Init took: (0.001238s)
[2014.04.15-13.15.18:556][484]LogPlayLevel: PIE: Created PIE world by copying editor world from /Game/Maps/MyTest.MyTest to /Game/Maps/UEDPIE_0_MyTest.MyTest (0.006512s)
[2014.04.15-13.15.18:556][484]LogWorld: Game class is 'AntiGameMode_C'
[2014.04.15-13.15.18:585][484]LogWorld: Bringing World /Game/Maps/UEDPIE_0_MyTest.MyTest up for play (max tick rate 0) at 2014.04.15-16.15.18
[2014.04.15-13.15.18:585][484]LogWorld: Bringing up level for play took: 0.001486
[2014.04.15-13.15.18:586][484]LogPlayerController: ClientRestart_Implementation MyCharackter_C_3
[2014.04.15-13.15.18:586][484]LogPlayerController: ServerAcknowledgePossession_Implementation MyCharackter_C_3
[2014.04.15-13.15.18:587][484]LogBlueprintUserMessages: X=530.000 Y=-620.000 Z=100.000
[2014.04.15-13.15.18:587][484]PIE: Info Play in editor start time for /Game/Maps/UEDPIE_0_MyTest -0.338
[2014.04.15-13.15.20:829][520]LogBlueprintUserMessages: Frome my level
[2014.04.15-13.15.26:534][608]LogBlueprintUserMessages: Frome my level
[2014.04.15-13.15.28:622][640]LogBlueprintUserMessages: Frome my level
[2014.04.15-13.15.32:618][701]LogBlueprintUserMessages: Frome my level
[2014.04.15-13.15.35:702][747]LogParticles: Destroying 0 GPU particle simulations for FXSystem 0x000000E7B7106CA0
[2014.04.15-13.38.05:040][ 65]LogSlate:Warning: GetFontFace failed to load or process 'Roboto-Regular'
[2014.04.15-13.38.05:040][ 65]LogSlate:Warning: GetFontFace failed to load or process 'Roboto-Regular'
[2014.04.15-13.38.05:093][ 65]LogSlate:Warning: GetFontFace failed to load or process 'Roboto-Regular'
[2014.04.15-13.38.05:093][ 65]LogSlate:Warning: GetFontFace failed to load or process 'Roboto-Regular'
[2014.04.15-13.38.05:093][ 65]LogSlate:Warning: GetFontFace failed to load or process 'Roboto-Regular'
[2014.04.15-13.38.05:093][ 65]LogSlate:Warning: GetFontFace failed to load or process 'Roboto-Regular'
[2014.04.15-13.38.05:093][ 65]LogSlate:Warning: GetFontFace failed to load or process 'Roboto-Regular'
[2014.04.15-13.38.05:093][ 65]LogSlate:Warning: GetFontFace failed to load or process 'Roboto-Regular'
[2014.04.15-13.38.05:093][ 65]LogSlate:Warning: GetFontFace failed to load or process 'Roboto-Regular'
[2014.04.15-13.38.05:093][ 65]LogSlate:Warning: GetFontFace failed to load or process 'Roboto-Regular'
[2014.04.15-13.38.05:093][ 65]LogSlate:Warning: GetFontFace failed to load or process 'Roboto-Regular'
[2014.04.15-13.38.05:093][ 65]LogSlate:Warning: GetFontFace failed to load or process 'Roboto-Regular'
[2014.04.15-13.38.05:093][ 65]LogSlate:Warning: GetFontFace failed to load or process 'Roboto-Regular'
[2014.04.15-13.38.05:093][ 65]LogSlate:Warning: GetFontFace failed to load or process 'Roboto-Regular'
[2014.04.15-13.38.05:094][ 65]LogSlate:Warning: GetFontFace failed to load or process 'Roboto-Regular'
[2014.04.15-13.38.05:094][ 65]LogSlate:Warning: GetFontFace failed to load or process 'Roboto-Regular'
[2014.04.15-13.38.05:094][ 65]LogSlate:Warning: GetFontFace failed to load or process 'Roboto-Regular'
[2014.04.15-13.38.05:094][ 65]LogSlate:Warning: GetFontFace failed to load or process 'Roboto-Regular'
[2014.04.15-13.38.05:094][ 65]LogSlate:Warning: GetFontFace failed to load or process 'Roboto-Regular'
[2014.04.15-13.38.05:094][ 65]LogSlate:Warning: GetFontFace failed to load or process 'Roboto-Regular'
[2014.04.15-13.38.05:094][ 65]LogSlate:Warning: GetFontFace failed to load or process 'Roboto-Regular'
[2014.04.15-13.38.05:094][ 65]LogSlate:Warning: GetFontFace failed to load or process 'Roboto-Regular'
[2014.04.15-13.38.05:094][ 65]LogSlate:Warning: GetFontFace failed to load or process 'Roboto-Regular'
[2014.04.15-13.38.26:702][821]LogActorComponent: UnregisterComponent: (/Engine/Transient.ProjectileMovementComponent_1) Not registered. Aborting.
[2014.04.15-13.38.26:702][821]LogActorComponent: UnregisterComponent: (/Engine/Transient.CharacterMovementComponent_1) Not registered. Aborting.
[2014.04.15-13.38.26:751][821]LogFileHelpers: Editor autosave (incl. sublevels) for '/Game/Maps/MyTest' took 0.050
[2014.04.15-13.38.43:587][317]LogSlate:Warning: GetFontFace failed to load or process 'Roboto-Regular'
[2014.04.15-13.38.43:587][317]LogSlate:Warning: GetFontFace failed to load or process 'Roboto-Regular'
[2014.04.15-13.38.43:587][317]LogSlate:Warning: GetFontFace failed to load or process 'Roboto-Regular'
[2014.04.15-13.38.43:587][317]LogSlate:Warning: GetFontFace failed to load or process 'Roboto-Regular'
[2014.04.15-13.38.43:587][317]LogSlate:Warning: GetFontFace failed to load or process 'Roboto-Regular'
[2014.04.15-13.38.53:209][802]LogSlate:Warning: GetFontFace failed to load or process 'Roboto-Regular'
[2014.04.15-13.38.53:210][802]LogSlate:Warning: GetFontFace failed to load or process 'Roboto-Regular'
[2014.04.15-13.39.42:651][907]BlueprintLog: New page: Compile MyProjectile
[2014.04.15-13.39.42:735][907]LogActorComponent: UnregisterComponent: (/Engine/Transient.ProjectileMovementComponent_2) Not registered. Aborting.
[2014.04.15-13.39.42:930][907]BlueprintEditorCompileResults: Info [5409.27] Compile of MyProjectile successful! [in 42 ms]
[2014.04.15-13.39.53:974][238]BlueprintLog: New page: Pre-PIE auto-recompile
[2014.04.15-13.39.53:984][238]LogPlayLevel: [PIE] Compiling MyCharackter before PIE...
[2014.04.15-13.39.54:205][238]LogPlayLevel: [PIE] Compiling Untitled before PIE...
[2014.04.15-13.39.54:416][238]LogActorComponent: UnregisterComponent: (/Engine/Transient.ProjectileMovementComponent_4) Not registered. Aborting.
[2014.04.15-13.39.54:446][238]LogPlayLevel: PIE:  Blueprint regeneration took 472 ms (2 blueprints)
[2014.04.15-13.39.54:446][238]PIE: New page: PIE session: MyTest (Apr 15, 2014, 7:39:54 PM)
[2014.04.15-13.39.54:452][238]LogPlayLevel: PIE: StaticDuplicateObject took: (0.005583s)
[2014.04.15-13.39.54:453][238]LogPlayLevel: PIE: World Init took: (0.000623s)
[2014.04.15-13.39.54:453][238]LogPlayLevel: PIE: Created PIE world by copying editor world from /Game/Maps/MyTest.MyTest to /Game/Maps/UEDPIE_0_MyTest.MyTest (0.006374s)
[2014.04.15-13.39.54:453][238]LogWorld: Game class is 'AntiGameMode_C'
[2014.04.15-13.39.54:484][238]LogWorld: Bringing World /Game/Maps/UEDPIE_0_MyTest.MyTest up for play (max tick rate 0) at 2014.04.15-16.39.54
[2014.04.15-13.39.54:484][238]LogWorld: Bringing up level for play took: 0.001522
[2014.04.15-13.39.54:485][238]LogPlayerController: ClientRestart_Implementation MyCharackter_C_0
[2014.04.15-13.39.54:485][238]LogPlayerController: ServerAcknowledgePossession_Implementation MyCharackter_C_0
[2014.04.15-13.39.54:486][238]LogBlueprintUserMessages: X=530.000 Y=-620.000 Z=100.000
[2014.04.15-13.39.54:486][238]PIE: Info Play in editor start time for /Game/Maps/UEDPIE_0_MyTest -0.449
[2014.04.15-13.39.55:987][266]LogBlueprintUserMessages: Frome my level
[2014.04.15-13.40.00:611][349]LogBlueprintUserMessages: Frome my level
[2014.04.15-13.40.07:636][477]LogBlueprintUserMessages: Frome my level
[2014.04.15-13.40.16:278][635]LogBlueprintUserMessages: Frome my level
[2014.04.15-13.40.25:275][798]LogBlueprintUserMessages: Frome my level
[2014.04.15-13.40.28:327][852]LogParticles: Destroying 0 GPU particle simulations for FXSystem 0x000000E7C9D251C0
[2014.04.15-13.49.01:325][488]LogSavePackage: Save=248.326538ms
[2014.04.15-13.49.01:325][488]LogSavePackage: Moving 'C:/Users/v.boshchuk/Documents/Unreal Projects/MyProject/Saved//MyTest_Auto1833E13C343755F93122C6FB86496ADC5.tmp' to 'C:/Users/v.boshchuk/Documents/Unreal Projects/MyProject/Saved/Autosaves/Game/Maps/MyTest_Auto1.umap'
[2014.04.15-13.49.01:334][488]LogFileHelpers: Editor autosave (incl. sublevels) for '/Game/Maps/MyTest' took 0.364
[2014.04.15-13.49.01:334][488]LogFileHelpers: Editor autosave (incl. sublevels) for all levels took 0.364
[2014.04.15-13.49.42:659][882]Cmd: OBJ SAVEPACKAGE PACKAGE="/Game/Blueprints/MyProjectile" FILE="C:/Users/v.boshchuk/Documents/Unreal Projects/MyProject/Content/Blueprints/MyProjectile.uasset" SILENT=true
[2014.04.15-13.49.43:102][882]LogSavePackage: Save=410.605560ms
[2014.04.15-13.49.43:102][882]LogSavePackage: Moving 'C:/Users/v.boshchuk/Documents/Unreal Projects/MyProject/Saved//MyProjectile3A9F99CB470942401E4AB89FB9FF27C3.tmp' to 'C:/Users/v.boshchuk/Documents/Unreal Projects/MyProject/Content/Blueprints/MyProjectile.uasset'
[2014.04.15-13.49.45:015][935]BlueprintLog: New page: Pre-PIE auto-recompile
[2014.04.15-13.49.45:022][935]LogActorComponent: UnregisterComponent: (/Engine/Transient.ProjectileMovementComponent_5) Not registered. Aborting.
[2014.04.15-13.49.45:027][935]LogPlayLevel: [PIE] Compiling MyProjectile before PIE...
[2014.04.15-13.49.45:273][935]LogPlayLevel: [PIE] Compiling Untitled before PIE...
[2014.04.15-13.49.45:512][935]LogPlayLevel: PIE:  Blueprint regeneration took 497 ms (2 blueprints)
[2014.04.15-13.49.45:512][935]PIE: New page: PIE session: MyTest (Apr 15, 2014, 7:49:45 PM)
[2014.04.15-13.49.45:517][935]LogPlayLevel: PIE: StaticDuplicateObject took: (0.005355s)
[2014.04.15-13.49.45:518][935]LogPlayLevel: PIE: World Init took: (0.001094s)
[2014.04.15-13.49.45:519][935]LogPlayLevel: PIE: Created PIE world by copying editor world from /Game/Maps/MyTest.MyTest to /Game/Maps/UEDPIE_0_MyTest.MyTest (0.006622s)
[2014.04.15-13.49.45:519][935]LogWorld: Game class is 'AntiGameMode_C'
[2014.04.15-13.49.45:550][935]LogWorld: Bringing World /Game/Maps/UEDPIE_0_MyTest.MyTest up for play (max tick rate 0) at 2014.04.15-16.49.45
[2014.04.15-13.49.45:550][935]LogWorld: Bringing up level for play took: 0.001605
[2014.04.15-13.49.45:551][935]LogPlayerController: ClientRestart_Implementation MyCharackter_C_1
[2014.04.15-13.49.45:551][935]LogPlayerController: ServerAcknowledgePossession_Implementation MyCharackter_C_1
[2014.04.15-13.49.45:552][935]LogBlueprintUserMessages: X=530.000 Y=-620.000 Z=100.000
[2014.04.15-13.49.45:552][935]PIE: Info Play in editor start time for /Game/Maps/UEDPIE_0_MyTest 0.608
[2014.04.15-13.49.50:781][138]LogBlueprintUserMessages: Frome my level
[2014.04.15-13.50.01:338][331]LogBlueprintUserMessages: Frome my level
[2014.04.15-13.50.15:113][581]LogBlueprintUserMessages: Frome my level
[2014.04.15-13.50.25:578][770]LogBlueprintUserMessages: Frome my level
[2014.04.15-13.50.27:879][811]LogBlueprintUserMessages: Frome my level
[2014.04.15-13.50.30:075][850]LogBlueprintUserMessages: Frome my level
[2014.04.15-13.50.33:650][914]LogBlueprintUserMessages: Frome my level
[2014.04.15-13.50.39:041][  1]LogBlueprintUserMessages: Frome my level
[2014.04.15-13.50.45:340][102]LogActorComponent: UnregisterComponent: (/Engine/Transient.ProjectileMovementComponent_6) Not registered. Aborting.
[2014.04.15-13.50.45:395][103]LogParticles: Destroying 0 GPU particle simulations for FXSystem 0x000000E7C9D265C0
[2014.04.15-13.50.48:941][260]LogSlate:Warning: GetFontFace failed to load or process 'Roboto-Regular'
[2014.04.15-13.50.56:064][709]LogSlate:Warning: GetFontFace failed to load or process 'Roboto-Regular'
[2014.04.15-13.52.30:124][ 84]BlueprintLog: New page: Pre-PIE auto-recompile
[2014.04.15-13.52.30:144][ 84]LogActorComponent: UnregisterComponent: (/Engine/Transient.ProjectileMovementComponent_7) Not registered. Aborting.
[2014.04.15-13.52.30:162][ 84]LogPlayLevel: [PIE] Compiling MyProjectile before PIE...
[2014.04.15-13.52.30:382][ 84]LogPlayLevel: [PIE] Compiling MyCharackter before PIE...
[2014.04.15-13.52.30:593][ 84]LogPlayLevel: [PIE] Compiling Untitled before PIE...
[2014.04.15-13.52.30:829][ 84]LogPlayLevel: PIE:  Blueprint regeneration took 704 ms (3 blueprints)
[2014.04.15-13.52.30:829][ 84]PIE: New page: PIE session: MyTest (Apr 15, 2014, 7:52:30 PM)
[2014.04.15-13.52.30:835][ 84]LogPlayLevel: PIE: StaticDuplicateObject took: (0.005990s)
[2014.04.15-13.52.30:836][ 84]LogPlayLevel: PIE: World Init took: (0.001047s)
[2014.04.15-13.52.30:836][ 84]LogPlayLevel: PIE: Created PIE world by copying editor world from /Game/Maps/MyTest.MyTest to /Game/Maps/UEDPIE_0_MyTest.MyTest (0.007273s)
[2014.04.15-13.52.30:836][ 84]LogWorld: Game class is 'AntiGameMode_C'
[2014.04.15-13.52.30:868][ 84]LogWorld: Bringing World /Game/Maps/UEDPIE_0_MyTest.MyTest up for play (max tick rate 0) at 2014.04.15-16.52.30
[2014.04.15-13.52.30:868][ 84]LogWorld: Bringing up level for play took: 0.001527
[2014.04.15-13.52.30:869][ 84]LogPlayerController: ClientRestart_Implementation MyCharackter_C_0
[2014.04.15-13.52.30:869][ 84]LogPlayerController: ServerAcknowledgePossession_Implementation MyCharackter_C_0
[2014.04.15-13.52.30:869][ 84]LogBlueprintUserMessages: X=530.000 Y=-620.000 Z=100.000
[2014.04.15-13.52.30:870][ 84]PIE: Info Play in editor start time for /Game/Maps/UEDPIE_0_MyTest -0.079
[2014.04.15-13.52.32:719][115]LogBlueprintUserMessages: Frome my level
[2014.04.15-13.52.42:226][286]LogBlueprintUserMessages: Frome my level
[2014.04.15-13.52.47:291][377]LogBlueprintUserMessages: Frome my level
[2014.04.15-13.52.47:733][385]LogBlueprintUserMessages: Frome my level
[2014.04.15-13.52.47:964][389]LogBlueprintUserMessages: Frome my level
[2014.04.15-13.52.48:189][393]LogBlueprintUserMessages: Frome my level
[2014.04.15-13.52.48:532][399]LogBlueprintUserMessages: Frome my level
[2014.04.15-13.52.48:677][402]LogBlueprintUserMessages: Frome my level
[2014.04.15-13.52.48:834][405]LogBlueprintUserMessages: Frome my level
[2014.04.15-13.52.48:993][408]LogBlueprintUserMessages: Frome my level
[2014.04.15-13.52.49:206][411]LogBlueprintUserMessages: Frome my level
[2014.04.15-13.52.52:596][469]LogActorComponent: UnregisterComponent: (/Engine/Transient.ProjectileMovementComponent_8) Not registered. Aborting.
[2014.04.15-13.52.52:645][470]LogParticles: Destroying 0 GPU particle simulations for FXSystem 0x000000E7D46E51C0
[2014.04.15-13.55.42:227][328]LogSlate:Warning: GetFontFace failed to load or process 'Roboto-Regular'
[2014.04.15-13.56.18:399][ 72]BlueprintLog: New page: Compile MyProjectile
[2014.04.15-13.56.18:447][ 72]LogActorComponent: UnregisterComponent: (/Engine/Transient.ProjectileMovementComponent_9) Not registered. Aborting.
[2014.04.15-13.56.18:634][ 72]BlueprintEditorCompileResults: Info [6404.97] Compile of MyProjectile successful! [in 6 ms]
[2014.04.15-13.56.19:648][102]BlueprintLog: New page: Pre-PIE auto-recompile
[2014.04.15-13.56.19:659][102]LogPlayLevel: [PIE] Compiling MyCharackter before PIE...
[2014.04.15-13.56.19:886][102]LogPlayLevel: [PIE] Compiling Untitled before PIE...
[2014.04.15-13.56.20:092][102]LogActorComponent: UnregisterComponent: (/Engine/Transient.ProjectileMovementComponent_10) Not registered. Aborting.
[2014.04.15-13.56.20:122][102]LogPlayLevel: PIE:  Blueprint regeneration took 474 ms (2 blueprints)
[2014.04.15-13.56.20:122][102]PIE: New page: PIE session: MyTest (Apr 15, 2014, 7:56:20 PM)
[2014.04.15-13.56.20:128][102]LogPlayLevel: PIE: StaticDuplicateObject took: (0.005404s)
[2014.04.15-13.56.20:129][102]LogPlayLevel: PIE: World Init took: (0.001112s)
[2014.04.15-13.56.20:129][102]LogPlayLevel: PIE: Created PIE world by copying editor world from /Game/Maps/MyTest.MyTest to /Game/Maps/UEDPIE_0_MyTest.MyTest (0.006741s)
[2014.04.15-13.56.20:129][102]LogWorld: Game class is 'AntiGameMode_C'
[2014.04.15-13.56.20:162][102]LogWorld: Bringing World /Game/Maps/UEDPIE_0_MyTest.MyTest up for play (max tick rate 0) at 2014.04.15-16.56.20
[2014.04.15-13.56.20:162][102]LogWorld: Bringing up level for play took: 0.001644
[2014.04.15-13.56.20:163][102]LogPlayerController: ClientRestart_Implementation MyCharackter_C_0
[2014.04.15-13.56.20:163][102]LogPlayerController: ServerAcknowledgePossession_Implementation MyCharackter_C_0
[2014.04.15-13.56.20:163][102]LogBlueprintUserMessages: X=530.000 Y=-620.000 Z=100.000
[2014.04.15-13.56.20:164][102]PIE: Info Play in editor start time for /Game/Maps/UEDPIE_0_MyTest 1.213
[2014.04.15-13.56.22:538][146]LogBlueprintUserMessages: Frome my level
[2014.04.15-13.56.39:376][447]LogParticles: Destroying 0 GPU particle simulations for FXSystem 0x000000E7CBA79A80
[2014.04.15-13.56.41:930][516]BlueprintLog: New page: Pre-PIE auto-recompile
[2014.04.15-13.56.41:954][516]LogPlayLevel: [PIE] Compiling Untitled before PIE...
[2014.04.15-13.56.42:182][516]LogPlayLevel: PIE:  Blueprint regeneration took 252 ms (1 blueprints)
[2014.04.15-13.56.42:182][516]PIE: New page: PIE session: MyTest (Apr 15, 2014, 7:56:42 PM)
[2014.04.15-13.56.42:187][516]LogPlayLevel: PIE: StaticDuplicateObject took: (0.004910s)
[2014.04.15-13.56.42:188][516]LogPlayLevel: PIE: World Init took: (0.001269s)
[2014.04.15-13.56.42:188][516]LogPlayLevel: PIE: Created PIE world by copying editor world from /Game/Maps/MyTest.MyTest to /Game/Maps/UEDPIE_0_MyTest.MyTest (0.006370s)
[2014.04.15-13.56.42:188][516]LogWorld: Game class is 'AntiGameMode_C'
[2014.04.15-13.56.42:221][516]LogWorld: Bringing World /Game/Maps/UEDPIE_0_MyTest.MyTest up for play (max tick rate 0) at 2014.04.15-16.56.42
[2014.04.15-13.56.42:221][516]LogWorld: Bringing up level for play took: 0.001445
[2014.04.15-13.56.42:222][516]LogPlayerController: ClientRestart_Implementation MyCharackter_C_1
[2014.04.15-13.56.42:222][516]LogPlayerController: ServerAcknowledgePossession_Implementation MyCharackter_C_1
[2014.04.15-13.56.42:222][516]LogBlueprintUserMessages: X=530.000 Y=-620.000 Z=100.000
[2014.04.15-13.56.42:223][516]PIE: Info Play in editor start time for /Game/Maps/UEDPIE_0_MyTest 1.272
[2014.04.15-13.56.43:345][537]LogParticles: Destroying 0 GPU particle simulations for FXSystem 0x000000E7B47AF240
[2014.04.15-13.56.45:118][586]BlueprintLog: New page: Pre-PIE auto-recompile
[2014.04.15-13.56.45:146][586]LogPlayLevel: [PIE] Compiling Untitled before PIE...
[2014.04.15-13.56.45:373][586]LogPlayLevel: PIE:  Blueprint regeneration took 255 ms (1 blueprints)
[2014.04.15-13.56.45:373][586]PIE: New page: PIE session: MyTest (Apr 15, 2014, 7:56:45 PM)
[2014.04.15-13.56.45:378][586]LogPlayLevel: PIE: StaticDuplicateObject took: (0.004890s)
[2014.04.15-13.56.45:380][586]LogPlayLevel: PIE: World Init took: (0.001330s)
[2014.04.15-13.56.45:380][586]LogPlayLevel: PIE: Created PIE world by copying editor world from /Game/Maps/MyTest.MyTest to /Game/Maps/UEDPIE_0_MyTest.MyTest (0.006394s)
[2014.04.15-13.56.45:380][586]LogWorld: Game class is 'AntiGameMode_C'
[2014.04.15-13.56.45:409][586]LogWorld: Bringing World /Game/Maps/UEDPIE_0_MyTest.MyTest up for play (max tick rate 0) at 2014.04.15-16.56.45
[2014.04.15-13.56.45:409][586]LogWorld: Bringing up level for play took: 0.001459
[2014.04.15-13.56.45:410][586]LogPlayerController: ClientRestart_Implementation MyCharackter_C_2
[2014.04.15-13.56.45:410][586]LogPlayerController: ServerAcknowledgePossession_Implementation MyCharackter_C_2
[2014.04.15-13.56.45:411][586]LogBlueprintUserMessages: X=530.000 Y=-620.000 Z=100.000
[2014.04.15-13.56.45:411][586]PIE: Info Play in editor start time for /Game/Maps/UEDPIE_0_MyTest 0.46
[2014.04.15-13.56.47:171][619]LogBlueprintUserMessages: Frome my level
[2014.04.15-13.57.03:494][914]LogParticles: Destroying 0 GPU particle simulations for FXSystem 0x000000E7DA4C3240
[2014.04.15-13.57.08:042][131]LogSlate:Warning: GetFontFace failed to load or process 'Roboto-Regular'
[2014.04.15-13.57.08:042][131]LogSlate:Warning: GetFontFace failed to load or process 'Roboto-Regular'
[2014.04.15-14.01.03:115][526]LogActorComponent: UnregisterComponent: (/Engine/Transient.ProjectileMovementComponent_11) Not registered. Aborting.
[2014.04.15-14.01.03:464][526]LogSavePackage: Save=233.615555ms
[2014.04.15-14.01.03:464][526]LogSavePackage: Moving 'C:/Users/v.boshchuk/Documents/Unreal Projects/MyProject/Saved//MyTest_Auto28CC4F89C45388F042D7C96B0703E3FF8.tmp' to 'C:/Users/v.boshchuk/Documents/Unreal Projects/MyProject/Saved/Autosaves/Game/Maps/MyTest_Auto2.umap'
[2014.04.15-14.01.03:470][526]LogFileHelpers: Editor autosave (incl. sublevels) for '/Game/Maps/MyTest' took 0.356
[2014.04.15-14.01.03:470][526]LogFileHelpers: Editor autosave (incl. sublevels) for all levels took 0.356
[2014.04.15-14.11.03:900][599]LogSavePackage: Save=235.537582ms
[2014.04.15-14.11.03:900][599]LogSavePackage: Moving 'C:/Users/v.boshchuk/Documents/Unreal Projects/MyProject/Saved//MyTest_Auto3BF1B313C4F10EC5E3394C2930CAE5BA5.tmp' to 'C:/Users/v.boshchuk/Documents/Unreal Projects/MyProject/Saved/Autosaves/Game/Maps/MyTest_Auto3.umap'
[2014.04.15-14.11.03:906][599]LogFileHelpers: Editor autosave (incl. sublevels) for '/Game/Maps/MyTest' took 0.349
[2014.04.15-14.11.03:906][599]LogFileHelpers: Editor autosave (incl. sublevels) for all levels took 0.349
[2014.04.15-14.21.04:907][640]LogActorComponent: UnregisterComponent: (/Engine/Transient.ProjectileMovementComponent_12) Not registered. Aborting.
[2014.04.15-14.21.05:321][640]LogSavePackage: Save=245.200912ms
[2014.04.15-14.21.05:321][640]LogSavePackage: Moving 'C:/Users/v.boshchuk/Documents/Unreal Projects/MyProject/Saved//MyTest3F9F254944E431CAC4940DAEC0FE4EE0.tmp' to 'C:/Users/v.boshchuk/Documents/Unreal Projects/MyProject/Content/Maps/MyTest.umap'
[2014.04.15-14.21.05:337][640]LogFileHelpers: Saving map 'MyTest' took 0.354
[2014.04.15-14.21.05:379][640]Cmd: OBJ SAVEPACKAGE PACKAGE="/Game/Blueprints/MyProjectile" FILE="C:/Users/v.boshchuk/Documents/Unreal Projects/MyProject/Content/Blueprints/MyProjectile.uasset" SILENT=true
[2014.04.15-14.21.05:820][640]LogSavePackage: Save=414.906189ms
[2014.04.15-14.21.05:820][640]LogSavePackage: Moving 'C:/Users/v.boshchuk/Documents/Unreal Projects/MyProject/Saved//MyProjectileD9794D564FBB96702DC315B0E3916A13.tmp' to 'C:/Users/v.boshchuk/Documents/Unreal Projects/MyProject/Content/Blueprints/MyProjectile.uasset'
[2014.04.15-14.21.05:866][640]Cmd: OBJ SAVEPACKAGE PACKAGE="/Game/Blueprints/MyCharackter" FILE="C:/Users/v.boshchuk/Documents/Unreal Projects/MyProject/Content/Blueprints/MyCharackter.uasset" SILENT=true
[2014.04.15-14.21.06:212][640]LogSavePackage: Save=318.266968ms
[2014.04.15-14.21.06:212][640]LogSavePackage: Moving 'C:/Users/v.boshchuk/Documents/Unreal Projects/MyProject/Saved//MyCharackter071F98D04A8645F062D475B687B33F3C.tmp' to 'C:/Users/v.boshchuk/Documents/Unreal Projects/MyProject/Content/Blueprints/MyCharackter.uasset'
[2014.04.15-14.21.34:796][912]Cmd: OBJ SAVEPACKAGE PACKAGE="/Game/Blueprints/MyProjectile" FILE="C:/Users/v.boshchuk/Documents/Unreal Projects/MyProject/Content/Blueprints/MyProjectile.uasset" SILENT=true
[2014.04.15-14.21.34:839][912]LogSavePackage: Save=17.974709ms
[2014.04.15-14.21.34:839][912]LogSavePackage: Moving 'C:/Users/v.boshchuk/Documents/Unreal Projects/MyProject/Saved//MyProjectile6FAF5C684C4FAE92AF35B7BD2CE0BE38.tmp' to 'C:/Users/v.boshchuk/Documents/Unreal Projects/MyProject/Content/Blueprints/MyProjectile.uasset'
[2014.04.15-14.21.36:517][956]BlueprintLog: New page: Compile MyProjectile
[2014.04.15-14.21.36:577][956]LogActorComponent: UnregisterComponent: (/Engine/Transient.ProjectileMovementComponent_13) Not registered. Aborting.
[2014.04.15-14.21.36:577][956]LogActorComponent: UnregisterComponent: (/Engine/Transient.CharacterMovementComponent_2) Not registered. Aborting.
[2014.04.15-14.21.36:775][956]BlueprintEditorCompileResults: Info [7923.08] Compile of MyProjectile successful! [in 14 ms]
[2014.04.15-14.31.04:992][783]LogActorComponent: UnregisterComponent: (/Engine/Transient.ProjectileMovementComponent_14) Not registered. Aborting.
[2014.04.15-14.31.05:375][783]LogSavePackage: Save=257.406738ms
[2014.04.15-14.31.05:375][783]LogSavePackage: Moving 'C:/Users/v.boshchuk/Documents/Unreal Projects/MyProject/Saved//MyTest_Auto4FFD427664B13C85850F972BA887B56B8.tmp' to 'C:/Users/v.boshchuk/Documents/Unreal Projects/MyProject/Saved/Autosaves/Game/Maps/MyTest_Auto4.umap'
[2014.04.15-14.31.05:382][783]LogFileHelpers: Editor autosave (incl. sublevels) for '/Game/Maps/MyTest' took 0.389
[2014.04.15-14.31.05:382][783]LogFileHelpers: Editor autosave (incl. sublevels) for all levels took 0.389
[2014.04.15-14.33.06:346][ 68]LogActorComponent: UnregisterComponent: (/Engine/Transient.ProjectileMovementComponent_15) Not registered. Aborting.
[2014.04.15-14.33.23:731][664]LogActorComponent: UnregisterComponent: (/Engine/Transient.ProjectileMovementComponent_16) Not registered. Aborting.
[2014.04.15-14.41.05:548][454]LogActorComponent: UnregisterComponent: (/Engine/Transient.ProjectileMovementComponent_17) Not registered. Aborting.
[2014.04.15-14.41.05:971][454]LogSavePackage: Save=298.953064ms
[2014.04.15-14.41.05:971][454]LogSavePackage: Moving 'C:/Users/v.boshchuk/Documents/Unreal Projects/MyProject/Saved//MyTest_Auto5B327B71841205691FA3EEAAC9E6A41C8.tmp' to 'C:/Users/v.boshchuk/Documents/Unreal Projects/MyProject/Saved/Autosaves/Game/Maps/MyTest_Auto5.umap'
[2014.04.15-14.41.05:982][454]LogFileHelpers: Editor autosave (incl. sublevels) for '/Game/Maps/MyTest' took 0.433
[2014.04.15-14.41.05:982][454]LogFileHelpers: Editor autosave (incl. sublevels) for all levels took 0.433
[2014.04.15-14.49.54:264][325]LogClass:Warning: Type mismatch in NewVar of SKEL_MyProjectile_C - Previous (StructProperty) Current(FloatProperty) for package:  FObjectReader
[2014.04.15-14.49.54:282][325]LogActorComponent: UnregisterComponent: (/Engine/Transient.ProjectileMovementComponent_18) Not registered. Aborting.
[2014.04.15-14.50.03:868][575]LogActorComponent: UnregisterComponent: (/Engine/Transient.ProjectileMovementComponent_19) Not registered. Aborting.
[2014.04.15-14.50.45:432][985]LogActorComponent: UnregisterComponent: (/Engine/Transient.ProjectileMovementComponent_20) Not registered. Aborting.
[2014.04.15-14.50.46:394][ 10]LogActorComponent: UnregisterComponent: (/Engine/Transient.ProjectileMovementComponent_21) Not registered. Aborting.
[2014.04.15-14.50.56:916][285]BlueprintLog: New page: Compile MyProjectile
[2014.04.15-14.50.56:924][285]LogBlueprint:Warning: [compiler] Warning Can't parse default value '(Rotation=(X=0.000000,Y=0.000000,Z=0.000000,W=1.000000),Translation=(X=0.000000,Y=0.000000,Z=0.000000),Scale3D=(X=1.000000,Y=1.000000,Z=1.000000))' for  (none) . Property: AddFloat.
[2014.04.15-14.50.56:929][285]LogBlueprint:Warning: [compiler] Warning [9683.46] Compile of MyProjectile successful, but with 1 Warning(s) [in 7 ms]
[2014.04.15-14.50.56:973][285]LogActorComponent: UnregisterComponent: (/Engine/Transient.ProjectileMovementComponent_22) Not registered. Aborting.
[2014.04.15-14.50.57:168][285]BlueprintEditorCompileResults:Warning: Warning Can't parse default value '(Rotation=(X=0.000000,Y=0.000000,Z=0.000000,W=1.000000),Translation=(X=0.000000,Y=0.000000,Z=0.000000),Scale3D=(X=1.000000,Y=1.000000,Z=1.000000))' for  (none) . Property: AddFloat.
[2014.04.15-14.50.57:168][285]BlueprintEditorCompileResults:Warning: Warning [9683.46] Compile of MyProjectile successful, but with 1 Warning(s) [in 7 ms]
[2014.04.15-14.51.00:916][410]LogActorComponent: UnregisterComponent: (/Engine/Transient.ProjectileMovementComponent_23) Not registered. Aborting.
[2014.04.15-14.51.09:137][800]LogActorComponent: UnregisterComponent: (/Engine/Transient.ProjectileMovementComponent_24) Not registered. Aborting.
[2014.04.15-14.51.09:471][800]LogSavePackage: Save=237.895020ms
[2014.04.15-14.51.09:471][800]LogSavePackage: Moving 'C:/Users/v.boshchuk/Documents/Unreal Projects/MyProject/Saved//MyTest_Auto61889D4B54215731DB21AE1B2744E3C96.tmp' to 'C:/Users/v.boshchuk/Documents/Unreal Projects/MyProject/Saved/Autosaves/Game/Maps/MyTest_Auto6.umap'
[2014.04.15-14.51.09:479][800]LogFileHelpers: Editor autosave (incl. sublevels) for '/Game/Maps/MyTest' took 0.342
[2014.04.15-14.51.09:479][800]LogFileHelpers: Editor autosave (incl. sublevels) for all levels took 0.342
[2014.04.15-14.54.46:159][499]BlueprintLog: New page: Compile Untitled
[2014.04.15-14.54.46:214][499]LogActorComponent: UnregisterComponent: (/Engine/Transient.ProjectileMovementComponent_25) Not registered. Aborting.
[2014.04.15-14.54.46:410][499]BlueprintEditorCompileResults: Info [9912.71] Compile of Untitled successful! [in 10 ms]
[2014.04.15-14.54.47:828][537]BlueprintLog: New page: Pre-PIE auto-recompile
[2014.04.15-14.54.47:838][537]LogPlayLevel: [PIE] Compiling MyProjectile before PIE...
[2014.04.15-14.54.48:066][537]LogPlayLevel: [PIE] Compiling MyCharackter before PIE...
[2014.04.15-14.54.48:312][537]LogPlayLevel: [PIE] Compiling Untitled before PIE...
[2014.04.15-14.54.48:574][537]LogPlayLevel: PIE:  Blueprint regeneration took 746 ms (3 blueprints)
[2014.04.15-14.54.48:574][537]PIE: New page: PIE session: MyTest (Apr 15, 2014, 8:54:48 PM)
[2014.04.15-14.54.48:580][537]LogPlayLevel: PIE: StaticDuplicateObject took: (0.005616s)
[2014.04.15-14.54.48:581][537]LogPlayLevel: PIE: World Init took: (0.001301s)
[2014.04.15-14.54.48:581][537]LogPlayLevel: PIE: Created PIE world by copying editor world from /Game/Maps/MyTest.MyTest to /Game/Maps/UEDPIE_0_MyTest.MyTest (0.007113s)
[2014.04.15-14.54.48:582][537]LogWorld: Game class is 'AntiGameMode_C'
[2014.04.15-14.54.48:610][537]LogWorld: Bringing World /Game/Maps/UEDPIE_0_MyTest.MyTest up for play (max tick rate 0) at 2014.04.15-17.54.48
[2014.04.15-14.54.48:611][537]LogWorld: Bringing up level for play took: 0.001581
[2014.04.15-14.54.48:611][537]LogPlayerController: ClientRestart_Implementation MyCharackter_C_0
[2014.04.15-14.54.48:611][537]LogPlayerController: ServerAcknowledgePossession_Implementation MyCharackter_C_0
[2014.04.15-14.54.48:612][537]LogBlueprintUserMessages: X=530.000 Y=-620.000 Z=100.000
[2014.04.15-14.54.48:613][537]PIE: Info Play in editor start time for /Game/Maps/UEDPIE_0_MyTest 1.637
[2014.04.15-14.54.50:758][571]LogBlueprintUserMessages: Frome my level
[2014.04.15-14.54.52:509][601]LogBlueprintUserMessages: X=83.763 Y=-3.309 Z=138.693
[2014.04.15-14.54.52:972][609]LogBlueprintUserMessages: X=104.047 Y=-4.175 Z=149.851
[2014.04.15-14.54.53:150][612]LogBlueprintUserMessages: X=110.782 Y=-4.498 Z=155.269
[2014.04.15-14.54.53:266][614]LogBlueprintUserMessages: X=114.654 Y=-4.718 Z=159.695
[2014.04.15-14.54.53:501][618]LogBlueprintUserMessages: X=120.762 Y=-5.159 Z=169.788
[2014.04.15-14.54.53:672][621]LogBlueprintUserMessages: X=123.900 Y=-5.484 Z=177.884
[2014.04.15-14.54.53:789][623]LogBlueprintUserMessages: X=125.022 Y=-5.700 Z=183.558
[2014.04.15-14.54.53:964][626]LogBlueprintUserMessages: X=125.201 Y=-6.025 Z=192.241
[2014.04.15-14.54.55:172][647]LogBlueprintUserMessages: X=115.935 Y=-8.286 Z=251.980
[2014.04.15-14.54.55:288][649]LogBlueprintUserMessages: X=114.072 Y=-8.502 Z=257.449
[2014.04.15-14.54.55:458][652]LogBlueprintUserMessages: X=109.952 Y=-8.822 Z=264.938
[2014.04.15-14.54.55:633][655]LogBlueprintUserMessages: X=104.582 Y=-9.142 Z=271.613
[2014.04.15-14.54.55:979][661]LogBlueprintUserMessages: X=91.547 Y=-9.790 Z=283.018
[2014.04.15-14.54.56:091][663]LogBlueprintUserMessages: X=86.637 Y=-10.004 Z=285.990
[2014.04.15-14.54.56:264][666]LogBlueprintUserMessages: X=78.674 Y=-10.324 Z=289.076
[2014.04.15-14.54.56:385][668]LogBlueprintUserMessages: X=73.004 Y=-10.540 Z=290.197
[2014.04.15-14.54.56:556][671]LogBlueprintUserMessages: X=64.133 Y=-10.872 Z=290.380
[2014.04.15-14.54.56:730][674]LogBlueprintUserMessages: X=55.610 Y=-11.194 Z=289.058
[2014.04.15-14.54.56:901][677]LogBlueprintUserMessages: X=47.471 Y=-11.516 Z=286.285
[2014.04.15-14.54.57:081][680]LogBlueprintUserMessages: X=39.894 Y=-11.839 Z=282.117
[2014.04.15-14.54.57:193][682]LogBlueprintUserMessages: X=35.207 Y=-12.064 Z=278.346
[2014.04.15-14.54.57:367][685]LogBlueprintUserMessages: X=29.540 Y=-12.386 Z=271.868
[2014.04.15-14.54.57:598][689]LogBlueprintUserMessages: X=23.594 Y=-12.815 Z=262.045
[2014.04.15-14.54.58:005][696]LogBlueprintUserMessages: X=16.221 Y=-13.578 Z=243.019
[2014.04.15-14.54.58:349][702]LogBlueprintUserMessages: X=12.906 Y=-14.218 Z=226.253
[2014.04.15-14.54.58:520][705]LogBlueprintUserMessages: X=12.727 Y=-14.542 Z=217.578
[2014.04.15-14.54.58:750][709]LogBlueprintUserMessages: X=14.468 Y=-14.967 Z=206.353
[2014.04.15-14.55.03:348][789]LogBlueprintUserMessages: X=88.571 Y=-23.559 Z=-11.122
[2014.04.15-14.55.03:572][793]LogBlueprintUserMessages: X=94.040 Y=-23.983 Z=-21.062
[2014.04.15-14.55.04:492][809]LogBlueprintUserMessages: X=122.812 Y=-25.700 Z=-56.827
[2014.04.15-14.55.04:664][812]LogBlueprintUserMessages: X=129.222 Y=-26.018 Z=-62.435
[2014.04.15-14.55.04:777][814]LogBlueprintUserMessages: X=134.107 Y=-26.232 Z=-65.392
[2014.04.15-14.55.04:948][817]LogBlueprintUserMessages: X=142.012 Y=-26.549 Z=-68.455
[2014.04.15-14.55.05:118][820]LogBlueprintUserMessages: X=150.393 Y=-26.868 Z=-70.112
[2014.04.15-14.55.05:349][824]LogBlueprintUserMessages: X=161.860 Y=-27.297 Z=-70.349
[2014.04.15-14.55.05:634][829]LogBlueprintUserMessages: X=175.989 Y=-27.832 Z=-68.158
[2014.04.15-14.55.07:503][862]LogBlueprintUserMessages: X=264.435 Y=-31.326 Z=-38.020
[2014.04.15-14.55.07:670][865]LogBlueprintUserMessages: X=271.851 Y=-31.643 Z=-33.940
[2014.04.15-14.55.07:895][869]LogBlueprintUserMessages: X=280.491 Y=-32.057 Z=-26.990
[2014.04.15-14.55.08:066][872]LogBlueprintUserMessages: X=286.056 Y=-32.373 Z=-20.629
[2014.04.15-14.55.08:236][875]LogBlueprintUserMessages: X=290.549 Y=-32.698 Z=-13.205
[2014.04.15-14.55.08:404][878]LogBlueprintUserMessages: X=293.602 Y=-33.014 Z=-5.329
[2014.04.15-14.55.08:572][881]LogBlueprintUserMessages: X=295.233 Y=-33.328 Z=2.921
[2014.04.15-14.55.12:456][950]LogBlueprintUserMessages: X=299.241 Y=-40.584 Z=196.895
[2014.04.15-14.55.13:780][971]LogActorComponent: UnregisterComponent: (/Engine/Transient.ProjectileMovementComponent_26) Not registered. Aborting.
[2014.04.15-14.55.13:835][971]LogParticles: Destroying 0 GPU particle simulations for FXSystem 0x000000E7CD9172E0
[2014.04.15-14.56.40:815][698]LogEditorTransaction: Undo Create Pin Link
[2014.04.15-14.56.40:870][698]LogActorComponent: UnregisterComponent: (/Engine/Transient.ProjectileMovementComponent_27) Not registered. Aborting.
[2014.04.15-14.57.13:380][102]LogActorComponent: UnregisterComponent: (/Engine/Transient.ProjectileMovementComponent_28) Not registered. Aborting.
[2014.04.15-14.58.09:517][476]Cmd: OBJ SAVEPACKAGE PACKAGE="/Game/Blueprints/MyProjectile" FILE="C:/Users/v.boshchuk/Documents/Unreal Projects/MyProject/Content/Blueprints/MyProjectile.uasset" SILENT=true
[2014.04.15-14.58.09:977][476]LogSavePackage: Save=415.621796ms
[2014.04.15-14.58.09:977][476]LogSavePackage: Moving 'C:/Users/v.boshchuk/Documents/Unreal Projects/MyProject/Saved//MyProjectile9EE78DBD40E374042675069E25F00309.tmp' to 'C:/Users/v.boshchuk/Documents/Unreal Projects/MyProject/Content/Blueprints/MyProjectile.uasset'
[2014.04.15-14.58.10:819][498]BlueprintLog: New page: Compile MyProjectile
[2014.04.15-14.58.10:876][498]LogActorComponent: UnregisterComponent: (/Engine/Transient.ProjectileMovementComponent_29) Not registered. Aborting.
[2014.04.15-14.58.11:050][498]BlueprintEditorCompileResults: Info [0117.37] Compile of MyProjectile successful! [in 13 ms]
[2014.04.15-14.58.29:826][ 19]BlueprintLog: New page: Pre-PIE auto-recompile
[2014.04.15-14.58.29:836][ 19]LogPlayLevel: [PIE] Compiling MyCharackter before PIE...
[2014.04.15-14.58.30:060][ 19]LogPlayLevel: [PIE] Compiling Untitled before PIE...
[2014.04.15-14.58.30:272][ 19]LogActorComponent: UnregisterComponent: (/Engine/Transient.ProjectileMovementComponent_30) Not registered. Aborting.
[2014.04.15-14.58.30:302][ 19]LogPlayLevel: PIE:  Blueprint regeneration took 476 ms (2 blueprints)
[2014.04.15-14.58.30:302][ 19]PIE: New page: PIE session: MyTest (Apr 15, 2014, 8:58:30 PM)
[2014.04.15-14.58.30:310][ 19]LogPlayLevel: PIE: StaticDuplicateObject took: (0.007908s)
[2014.04.15-14.58.30:311][ 19]LogPlayLevel: PIE: World Init took: (0.000588s)
[2014.04.15-14.58.30:311][ 19]LogPlayLevel: PIE: Created PIE world by copying editor world from /Game/Maps/MyTest.MyTest to /Game/Maps/UEDPIE_0_MyTest.MyTest (0.008703s)
[2014.04.15-14.58.30:311][ 19]LogWorld: Game class is 'AntiGameMode_C'
[2014.04.15-14.58.30:343][ 19]LogWorld: Bringing World /Game/Maps/UEDPIE_0_MyTest.MyTest up for play (max tick rate 0) at 2014.04.15-17.58.30
[2014.04.15-14.58.30:344][ 19]LogWorld: Bringing up level for play took: 0.001968
[2014.04.15-14.58.30:344][ 19]LogPlayerController: ClientRestart_Implementation MyCharackter_C_0
[2014.04.15-14.58.30:345][ 19]LogPlayerController: ServerAcknowledgePossession_Implementation MyCharackter_C_0
[2014.04.15-14.58.30:345][ 19]LogBlueprintUserMessages: X=530.000 Y=-620.000 Z=100.000
[2014.04.15-14.58.30:346][ 19]PIE: Info Play in editor start time for /Game/Maps/UEDPIE_0_MyTest 1.369
[2014.04.15-14.58.32:433][ 55]LogBlueprintUserMessages: Frome my level
[2014.04.15-14.58.35:237][104]LogBlueprintUserMessages: X=132.338 Y=3.625 Z=159.227
[2014.04.15-14.58.36:379][124]LogBlueprintUserMessages: X=181.480 Y=5.088 Z=187.997
[2014.04.15-14.58.36:601][128]LogBlueprintUserMessages: X=190.207 Y=5.382 Z=195.410
[2014.04.15-14.58.36:773][131]LogBlueprintUserMessages: X=195.518 Y=5.596 Z=201.818
[2014.04.15-14.58.36:888][133]LogBlueprintUserMessages: X=198.364 Y=5.743 Z=206.818
[2014.04.15-14.58.37:058][136]LogBlueprintUserMessages: X=201.229 Y=5.962 Z=214.841
[2014.04.15-14.58.37:287][140]LogBlueprintUserMessages: X=203.147 Y=6.256 Z=226.117
[2014.04.15-14.58.37:457][143]LogBlueprintUserMessages: X=203.096 Y=6.473 Z=234.581
[2014.04.15-14.58.38:083][154]LogBlueprintUserMessages: X=197.465 Y=7.279 Z=265.425
[2014.04.15-14.58.38:826][167]LogBlueprintUserMessages: X=197.240 Y=8.233 Z=302.572
[2014.04.15-14.58.39:006][170]LogBlueprintUserMessages: X=198.735 Y=8.462 Z=311.358
[2014.04.15-14.58.39:120][172]LogBlueprintUserMessages: X=200.652 Y=8.608 Z=316.728
[2014.04.15-14.58.39:289][175]LogBlueprintUserMessages: X=204.856 Y=8.826 Z=324.112
[2014.04.15-14.58.39:459][178]LogBlueprintUserMessages: X=210.300 Y=9.045 Z=330.680
[2014.04.15-14.58.39:633][181]LogBlueprintUserMessages: X=216.757 Y=9.263 Z=336.165
[2014.04.15-14.58.39:855][185]LogBlueprintUserMessages: X=226.565 Y=9.555 Z=341.907
[2014.04.15-14.58.40:023][188]LogBlueprintUserMessages: X=234.437 Y=9.771 Z=344.827
[2014.04.15-14.58.40:248][192]LogBlueprintUserMessages: X=245.380 Y=10.056 Z=346.824
[2014.04.15-14.58.40:417][195]LogBlueprintUserMessages: X=253.896 Y=10.275 Z=346.876
[2014.04.15-14.58.41:540][215]LogBlueprintUserMessages: X=309.241 Y=11.717 Z=337.462
[2014.04.15-14.58.42:163][226]LogBlueprintUserMessages: X=340.236 Y=12.513 Z=337.650
[2014.04.15-14.58.42:835][238]LogBlueprintUserMessages: X=373.408 Y=13.379 Z=343.706
[2014.04.15-14.58.43:116][243]LogBlueprintUserMessages: X=386.497 Y=13.737 Z=348.560
[2014.04.15-14.58.44:125][261]LogBlueprintUserMessages: X=430.111 Y=15.036 Z=374.094
[2014.04.15-14.58.44:349][265]LogBlueprintUserMessages: X=440.494 Y=15.320 Z=377.944
[2014.04.15-14.58.44:773][270]LogParticles: Destroying 0 GPU particle simulations for FXSystem 0x000000E7DFC97380
[2014.04.15-15.01.09:883][414]LogEditorTransaction: Undo Create Pin Link
[2014.04.15-15.01.09:960][414]LogActorComponent: UnregisterComponent: (/Engine/Transient.ProjectileMovementComponent_31) Not registered. Aborting.
[2014.04.15-15.01.59:217][393]LogActorComponent: UnregisterComponent: (/Engine/Transient.ProjectileMovementComponent_32) Not registered. Aborting.
[2014.04.15-15.01.59:568][393]LogSavePackage: Save=235.866013ms
[2014.04.15-15.01.59:568][393]LogSavePackage: Moving 'C:/Users/v.boshchuk/Documents/Unreal Projects/MyProject/Saved//MyTest_Auto79F9B71454CFA7DBFE9689580A04F0F02.tmp' to 'C:/Users/v.boshchuk/Documents/Unreal Projects/MyProject/Saved/Autosaves/Game/Maps/MyTest_Auto7.umap'
[2014.04.15-15.01.59:579][393]LogFileHelpers: Editor autosave (incl. sublevels) for '/Game/Maps/MyTest' took 0.363
[2014.04.15-15.01.59:579][393]LogFileHelpers: Editor autosave (incl. sublevels) for all levels took 0.363
[2014.04.15-15.12.00:011][707]LogSavePackage: Save=231.649353ms
[2014.04.15-15.12.00:011][707]LogSavePackage: Moving 'C:/Users/v.boshchuk/Documents/Unreal Projects/MyProject/Saved//MyTest_Auto88A41340646236943C61CA88638A8BE1F.tmp' to 'C:/Users/v.boshchuk/Documents/Unreal Projects/MyProject/Saved/Autosaves/Game/Maps/MyTest_Auto8.umap'
[2014.04.15-15.12.00:017][707]LogFileHelpers: Editor autosave (incl. sublevels) for '/Game/Maps/MyTest' took 0.357
[2014.04.15-15.12.00:017][707]LogFileHelpers: Editor autosave (incl. sublevels) for all levels took 0.357
[2014.04.15-15.14.14:285][186]Cmd: OBJ SAVEPACKAGE PACKAGE="/Game/Blueprints/MyProjectile" FILE="C:/Users/v.boshchuk/Documents/Unreal Projects/MyProject/Content/Blueprints/MyProjectile.uasset" SILENT=true
[2014.04.15-15.14.14:744][186]LogSavePackage: Save=419.868011ms
[2014.04.15-15.14.14:744][186]LogSavePackage: Moving 'C:/Users/v.boshchuk/Documents/Unreal Projects/MyProject/Saved//MyProjectileDB2877584BF5831374667AA306C22D6B.tmp' to 'C:/Users/v.boshchuk/Documents/Unreal Projects/MyProject/Content/Blueprints/MyProjectile.uasset'
[2014.04.15-15.14.47:513][ 29]LogActorComponent: UnregisterComponent: (/Engine/Transient.ProjectileMovementComponent_33) Not registered. Aborting.
[2014.04.15-15.14.47:534][ 29]LogParticles: Destroying 0 GPU particle simulations for FXSystem 0x000000E7B844B4C0
[2014.04.15-15.14.47:535][ 29]LogParticles: Destroying 0 GPU particle simulations for FXSystem 0x000000E7BC9EDF80
[2014.04.15-15.14.50:700][ 29]LogSavePackage: Save=74.647217ms
[2014.04.15-15.14.50:700][ 29]LogSavePackage: Moving 'C:/Users/v.boshchuk/Documents/Unreal Projects/MyProject/Saved//MyTest1B5B71FA48A00A027C37FB8EA22E7F47.tmp' to 'C:/Users/v.boshchuk/Documents/Unreal Projects/MyProject/Content/Maps/MyTest.umap'
[2014.04.15-15.14.50:716][ 29]LogFileHelpers: Saving map 'MyTest' took 0.273
[2014.04.15-15.14.50:719][ 29]Cmd: OBJ SAVEPACKAGE PACKAGE="/Game/Blueprints/MyCharackter" FILE="C:/Users/v.boshchuk/Documents/Unreal Projects/MyProject/Content/Blueprints/MyCharackter.uasset" SILENT=true
[2014.04.15-15.14.50:779][ 29]LogSavePackage: Save=28.310129ms
[2014.04.15-15.14.50:779][ 29]LogSavePackage: Moving 'C:/Users/v.boshchuk/Documents/Unreal Projects/MyProject/Saved//MyCharackter278BB50844C075A94B4DB4BAF129181B.tmp' to 'C:/Users/v.boshchuk/Documents/Unreal Projects/MyProject/Content/Blueprints/MyCharackter.uasset'
[2014.04.15-15.14.51:057][ 30]Cmd: QUIT_EDITOR
[2014.04.15-15.14.51:109][ 30]LogExit: Preparing to exit.
[2014.04.15-15.14.51:306][ 30]LogExit: Editor shut down
[2014.04.15-15.14.51:306][ 30]LogExit: Transaction tracking system shut down
[2014.04.15-15.14.51:307][ 30]LogParticles: Destroying 0 GPU particle simulations for FXSystem 0x000000E7BCB9D940
[2014.04.15-15.14.51:329][ 30]LogParticles: Destroying 0 GPU particle simulations for FXSystem 0x000000E7C36160C0
[2014.04.15-15.14.51:329][ 30]LogExit: Object subsystem successfully closed.
[2014.04.15-15.14.51:331][ 30]LogPhysics:Warning: PHYSX: ..\..\PhysX\src\NpScene.cpp (2861) 8 : PxScene::unlockWrite() called without matching call to PxScene::lockWrite(), behaviour will be undefined.
[2014.04.15-15.14.51:363][ 30]LogModuleManager: Shutting down and abandoning module HTTP (142)
[2014.04.15-15.14.51:363][ 30]LogModuleManager: Shutting down and abandoning module CrashTracker (141)
[2014.04.15-15.14.51:363][ 30]LogModuleManager: Shutting down and abandoning module SceneOutliner (140)
[2014.04.15-15.14.51:363][ 30]LogModuleManager: Shutting down and abandoning module EditorWidgets (139)
[2014.04.15-15.14.51:363][ 30]LogModuleManager: Shutting down and abandoning module CollectionManager (138)
[2014.04.15-15.14.51:363][ 30]LogModuleManager: Shutting down and abandoning module StatsViewer (137)
[2014.04.15-15.14.51:363][ 30]LogModuleManager: Shutting down and abandoning module FoliageEdit (136)
[2014.04.15-15.14.51:363][ 30]LogModuleManager: Shutting down and abandoning module LandscapeEditor (135)
[2014.04.15-15.14.51:367][ 30]LogModuleManager: Shutting down and abandoning module MeshPaint (134)
[2014.04.15-15.14.51:367][ 30]LogModuleManager: Shutting down and abandoning module GeometryMode (133)
[2014.04.15-15.14.51:367][ 30]LogModuleManager: Shutting down and abandoning module TextureAlignMode (132)
[2014.04.15-15.14.51:367][ 30]LogModuleManager: Shutting down and abandoning module BspMode (131)
[2014.04.15-15.14.51:367][ 30]LogModuleManager: Shutting down and abandoning module PlacementMode (130)
[2014.04.15-15.14.51:367][ 30]LogModuleManager: Shutting down and abandoning module AutomationWorker (129)
[2014.04.15-15.14.51:367][ 30]LogModuleManager: Shutting down and abandoning module ViewportSnapping (128)
[2014.04.15-15.14.51:367][ 30]LogModuleManager: Shutting down and abandoning module GameplayTagsEditor (127)
[2014.04.15-15.14.51:367][ 30]LogModuleManager: Shutting down and abandoning module UserFeedback (126)
[2014.04.15-15.14.51:367][ 30]LogModuleManager: Shutting down and abandoning module XmlParser (125)
[2014.04.15-15.14.51:367][ 30]LogModuleManager: Shutting down and abandoning module OnlineBlueprintSupport (124)
[2014.04.15-15.14.51:367][ 30]LogModuleManager: Shutting down and abandoning module Blutility (123)
[2014.04.15-15.14.51:367][ 30]LogModuleManager: Shutting down and abandoning module IOSPlatformEditor (122)
[2014.04.15-15.14.51:368][ 30]LogModuleManager: Shutting down and abandoning module IOSRuntimeSettings (121)
[2014.04.15-15.14.51:368][ 30]LogModuleManager: Shutting down and abandoning module ProjectSettingsViewer (118)
[2014.04.15-15.14.51:368][ 30]LogModuleManager: Shutting down and abandoning module InputBindingEditor (117)
[2014.04.15-15.14.51:368][ 30]LogModuleManager: Shutting down and abandoning module EditorSettingsViewer (116)
[2014.04.15-15.14.51:368][ 30]LogModuleManager: Shutting down and abandoning module SettingsEditor (115)
[2014.04.15-15.14.51:368][ 30]LogModuleManager: Shutting down and abandoning module SessionLauncher (114)
[2014.04.15-15.14.51:368][ 30]LogModuleManager: Shutting down and abandoning module SessionFrontend (113)
[2014.04.15-15.14.51:368][ 30]LogModuleManager: Shutting down and abandoning module ProfilerClient (112)
[2014.04.15-15.14.51:368][ 30]LogModuleManager: Shutting down and abandoning module TargetDeviceServices (111)
[2014.04.15-15.14.51:368][ 30]LogModuleManager: Shutting down and abandoning module DeviceManager (110)
[2014.04.15-15.14.51:368][ 30]LogModuleManager: Shutting down and abandoning module AutomationController (109)
[2014.04.15-15.14.51:368][ 30]LogModuleManager: Shutting down and abandoning module AutomationWindow (108)
[2014.04.15-15.14.51:368][ 30]LogModuleManager: Shutting down and abandoning module Layers (107)
[2014.04.15-15.14.51:368][ 30]LogModuleManager: Shutting down and abandoning module ComponentVisualizers (106)
[2014.04.15-15.14.51:368][ 30]LogModuleManager: Shutting down and abandoning module DetailCustomizations (105)
[2014.04.15-15.14.51:368][ 30]LogModuleManager: Shutting down and abandoning module PreferencesEditor (104)
[2014.04.15-15.14.51:368][ 30]LogModuleManager: Shutting down and abandoning module PackagesDialog (103)
[2014.04.15-15.14.51:368][ 30]LogModuleManager: Shutting down and abandoning module DirectoryWatcher (102)
[2014.04.15-15.14.51:369][ 30]LogModuleManager: Shutting down and abandoning module AssetRegistry (101)
[2014.04.15-15.14.51:380][ 30]LogModuleManager: Shutting down and abandoning module Persona (100)
[2014.04.15-15.14.51:380][ 30]LogModuleManager: Shutting down and abandoning module GraphEditor (99)
[2014.04.15-15.14.51:381][ 30]LogModuleManager: Shutting down and abandoning module ContentBrowser (98)
[2014.04.15-15.14.51:381][ 30]LogModuleManager: Shutting down and abandoning module ClassViewer (97)
[2014.04.15-15.14.51:381][ 30]LogModuleManager: Shutting down and abandoning module Toolbox (96)
[2014.04.15-15.14.51:381][ 30]LogModuleManager: Shutting down and abandoning module ModuleUI (95)
[2014.04.15-15.14.51:381][ 30]LogModuleManager: Shutting down and abandoning module Sequencer (94)
[2014.04.15-15.14.51:381][ 30]LogModuleManager: Shutting down and abandoning module AssetTools (93)
[2014.04.15-15.14.51:381][ 30]LogModuleManager: Shutting down and abandoning module MovieSceneTools (92)
[2014.04.15-15.14.51:381][ 30]LogModuleManager: Shutting down and abandoning module OutputLog (91)
[2014.04.15-15.14.51:381][ 30]LogModuleManager: Shutting down and abandoning module GammaUI (90)
[2014.04.15-15.14.51:381][ 30]LogModuleManager: Shutting down and abandoning module Documentation (89)
[2014.04.15-15.14.51:381][ 30]LogModuleManager: Shutting down and abandoning module DesktopPlatform (88)
[2014.04.15-15.14.51:381][ 30]LogModuleManager: Shutting down and abandoning module ProfilerService (87)
[2014.04.15-15.14.51:445][ 30]LogModuleManager: Shutting down and abandoning module TaskGraph (86)
[2014.04.15-15.14.51:445][ 30]LogModuleManager: Shutting down and abandoning module GameProjectGeneration (85)
[2014.04.15-15.14.51:445][ 30]LogModuleManager: Shutting down and abandoning module Matinee (84)
[2014.04.15-15.14.51:445][ 30]LogModuleManager: Shutting down and abandoning module Kismet (83)
[2014.04.15-15.14.51:445][ 30]LogModuleManager: Shutting down and abandoning module LevelEditor (82)
[2014.04.15-15.14.51:445][ 30]LogModuleManager: Shutting down and abandoning module MainFrame (81)
[2014.04.15-15.14.51:445][ 30]LogModuleManager: Shutting down and abandoning module SourceControl (80)
[2014.04.15-15.14.51:445][ 30]LogModuleManager: Shutting down and abandoning module ImageWrapper (79)
[2014.04.15-15.14.51:445][ 30]LogModuleManager: Shutting down and abandoning module FunctionalTesting (78)
[2014.04.15-15.14.51:445][ 30]LogModuleManager: Shutting down and abandoning module CollisionAnalyzer (77)
[2014.04.15-15.14.51:445][ 30]LogModuleManager: Shutting down and abandoning module WorkspaceMenuStructure (76)
[2014.04.15-15.14.51:446][ 30]LogModuleManager: Shutting down and abandoning module MessageLog (75)
[2014.04.15-15.14.51:446][ 30]LogModuleManager: Shutting down and abandoning module Slate (74)
[2014.04.15-15.14.51:446][ 30]LogModuleManager: Shutting down and abandoning module EditorStyle (73)
[2014.04.15-15.14.51:447][ 30]LogModuleManager: Shutting down and abandoning module SessionServices (72)
[2014.04.15-15.14.51:447][ 30]LogModuleManager: Shutting down and abandoning module VSAccessor (71)
[2014.04.15-15.14.51:447][ 30]LogModuleManager: Shutting down and abandoning module HeadMountedDisplay (70)
[2014.04.15-15.14.51:447][ 30]LogModuleManager: Shutting down and abandoning module XAudio2 (69)
[2014.04.15-15.14.51:447][ 30]LogModuleManager: Shutting down and abandoning module Networking (68)
[2014.04.15-15.14.51:447][ 30]LogModuleManager: Shutting down and abandoning module Core (67)
[2014.04.15-15.14.51:447][ 30]LogModuleManager: Shutting down and abandoning module KismetCompiler (66)
[2014.04.15-15.14.51:447][ 30]LogModuleManager: Shutting down and abandoning module PhysXFormats (65)
[2014.04.15-15.14.51:447][ 30]LogModuleManager: Shutting down and abandoning module MeshUtilities (64)
[2014.04.15-15.14.51:447][ 30]LogModuleManager: Shutting down and abandoning module DerivedDataCache (63)
[2014.04.15-15.14.51:530][ 30]LogDerivedDataCache: Shutdown
[2014.04.15-15.14.51:530][ 30]LogModuleManager: Shutting down and abandoning module ShaderFormatOpenGL (62)
[2014.04.15-15.14.51:530][ 30]LogModuleManager: Shutting down and abandoning module ShaderFormatD3D (61)
[2014.04.15-15.14.51:530][ 30]LogModuleManager: Shutting down and abandoning module TextureFormatUncompressed (60)
[2014.04.15-15.14.51:530][ 30]LogModuleManager: Shutting down and abandoning module TextureFormatPVR (59)
[2014.04.15-15.14.51:530][ 30]LogModuleManager: Shutting down and abandoning module TextureFormatDXT (58)
[2014.04.15-15.14.51:530][ 30]LogModuleManager: Shutting down and abandoning module AudioFormatOgg (57)
[2014.04.15-15.14.51:530][ 30]LogModuleManager: Shutting down and abandoning module AudioFormatADPCM (56)
[2014.04.15-15.14.51:530][ 30]LogModuleManager: Shutting down and abandoning module Messaging (55)
[2014.04.15-15.14.51:530][ 30]LogModuleManager: Shutting down and abandoning module IOSTargetPlatform (54)
[2014.04.15-15.14.51:530][ 30]LogModuleManager: Shutting down and abandoning module PropertyEditor (53)
[2014.04.15-15.14.51:530][ 30]LogModuleManager: Shutting down and abandoning module WindowsTargetPlatform (52)
[2014.04.15-15.14.51:530][ 30]LogModuleManager: Shutting down and abandoning module WindowsServerTargetPlatform (51)
[2014.04.15-15.14.51:530][ 30]LogModuleManager: Shutting down and abandoning module WindowsNoEditorTargetPlatform (50)
[2014.04.15-15.14.51:530][ 30]LogModuleManager: Shutting down and abandoning module WindowsClientTargetPlatform (49)
[2014.04.15-15.14.51:530][ 30]LogModuleManager: Shutting down and abandoning module TargetPlatform (48)
[2014.04.15-15.14.51:530][ 30]LogModuleManager: Shutting down and abandoning module InputCore (46)
[2014.04.15-15.14.51:530][ 30]LogModuleManager: Shutting down and abandoning module Settings (45)
[2014.04.15-15.14.51:530][ 30]LogModuleManager: Shutting down and abandoning module TextureCompressor (42)
[2014.04.15-15.14.51:530][ 30]LogModuleManager: Shutting down and abandoning module ShaderCore (41)
[2014.04.15-15.14.51:530][ 30]LogModuleManager: Shutting down and abandoning module OpenGLDrv (40)
[2014.04.15-15.14.51:530][ 30]LogModuleManager: Shutting down and abandoning module D3D11RHI (39)
[2014.04.15-15.14.51:530][ 30]LogModuleManager: Shutting down and abandoning module SlateRHIRenderer (38)
[2014.04.15-15.14.51:530][ 30]LogModuleManager: Shutting down and abandoning module Renderer (37)
[2014.04.15-15.14.51:530][ 30]LogModuleManager: Shutting down and abandoning module Engine (36)
[2014.04.15-15.14.51:530][ 30]LogModuleManager: Shutting down and abandoning module WindowsMoviePlayer (35)
[2014.04.15-15.14.51:532][ 30]LogModuleManager: Shutting down and abandoning module ExampleDeviceProfileSelector (30)
[2014.04.15-15.14.51:532][ 30]LogModuleManager: Shutting down and abandoning module CustomMeshComponent (29)
[2014.04.15-15.14.51:532][ 30]LogModuleManager: Shutting down and abandoning module CableComponent (28)
[2014.04.15-15.14.51:532][ 30]LogModuleManager: Shutting down and abandoning module OculusRift (25)
[2014.04.15-15.14.51:532][ 30]LogModuleManager: Shutting down and abandoning module UdpMessaging (24)
[2014.04.15-15.14.51:632][ 30]LogModuleManager: Shutting down and abandoning module MessagingDebugger (23)
[2014.04.15-15.14.51:632][ 30]LogModuleManager: Shutting down and abandoning module PluginsEditor (12)
[2014.04.15-15.14.51:632][ 30]LogModuleManager: Shutting down and abandoning module IntroTutorials (11)
[2014.04.15-15.14.51:632][ 30]LogModuleManager: Shutting down and abandoning module EpicSurvey (10)
[2014.04.15-15.14.51:632][ 30]LogModuleManager: Shutting down and abandoning module UObjectPlugin (9)
[2014.04.15-15.14.51:632][ 30]LogModuleManager: Shutting down and abandoning module SubversionSourceControl (8)
[2014.04.15-15.14.51:632][ 30]LogModuleManager: Shutting down and abandoning module PerforceSourceControl (7)
[2014.04.15-15.14.51:632][ 30]LogModuleManager: Shutting down and abandoning module BlankPlugin (6)
[2014.04.15-15.14.51:632][ 30]LogModuleManager: Shutting down and abandoning module CoreUObject (5)
[2014.04.15-15.14.51:632][ 30]LogModuleManager: Shutting down and abandoning module NetworkFile (4)
[2014.04.15-15.14.51:632][ 30]LogModuleManager: Shutting down and abandoning module StreamingFile (3)
[2014.04.15-15.14.51:632][ 30]LogModuleManager: Shutting down and abandoning module SandboxFile (2)
[2014.04.15-15.14.51:632][ 30]LogModuleManager: Shutting down and abandoning module PakFile (1)
[2014.04.15-15.14.51:632][ 30]LogExit: Exiting.
[2014.04.15-15.14.51:633][ 30]Log file closed, 04/15/14 18:14:51
