Log file open, 04/15/14 12:59:58
LogInit:Display: Running engine for game: MyProject
LogInit: Version: 4.1.0-0+UE4
LogInit: Compiled (64-bit): Apr  8 2014 22:36:54
LogInit: Build Configuration: Development
LogInit: Branch Name: UE4
LogInit: Command line: 
LogInit: Base directory: D:/UnrealEngine-4.1.0/Engine/Binaries/Win64/
[2014.04.15-09.59.58:509][  0]LogTaskGraph: Started task graph with 3 named threads and 4 total threads.
[2014.04.15-09.59.58:538][  0]LogOnline:Warning: No default platform service specified for OnlineSubsystem
[2014.04.15-09.59.58:545][  0]LogInit: Presizing for 0 objects not considered by GC, pre-allocating 0 bytes.
[2014.04.15-09.59.58:552][  0]LogInit: Object subsystem initialized
[2014.04.15-09.59.58:555][  0]LogInit: Selected Device Profile: [Windows]
[2014.04.15-09.59.58:555][  0]LogInit: Applying CVar settings loaded from the selected device profile: [Windows]
[2014.04.15-09.59.58:567][  0]LogInit: Computer: BOSHCHUKV
[2014.04.15-09.59.58:567][  0]LogInit: User: vboshchuk
[2014.04.15-09.59.58:568][  0]LogInit: CPU Page size=4096, Cores=2
[2014.04.15-09.59.58:568][  0]LogInit: High frequency timer resolution =3.215349 MHz
[2014.04.15-09.59.58:568][  0]LogInit: Memory total: Physical=15.9GB (16GB approx) Pagefile=8176.1GB Virtual=8192.0GB
[2014.04.15-09.59.58:582][  0]LogD3D11RHI: Found D3D11 adapter 0: Intel(R) HD Graphics 4000 (Feature Level 11_0)
[2014.04.15-09.59.58:582][  0]LogD3D11RHI: Adapter has 32MB of dedicated video memory, 0MB of dedicated system memory, and 1632MB of shared system memory
[2014.04.15-09.59.58:583][  0]LogD3D11RHI: Found D3D11 adapter 1: Microsoft Basic Render Driver (Feature Level 11_0)
[2014.04.15-09.59.58:583][  0]LogD3D11RHI: Adapter has 0MB of dedicated video memory, 0MB of dedicated system memory, and 256MB of shared system memory
[2014.04.15-09.59.58:583][  0]LogD3D11RHI: Chosen D3D11 Adapter Id = 1
[2014.04.15-09.59.58:592][  0]LogRHI: Texture pool is 1361 MB (70% of 1945 MB)
[2014.04.15-09.59.58:593][  0]LogD3D11RHI: Async texture creation disabled: no driver support
[2014.04.15-09.59.58:664][  0]LogTextLocalizationManager:Warning: Loading localization resources contain conflicting entries for (Namespace:UICommands, Key:ToggleRealtime_ToolTip):
Resource: (D:/UnrealEngine-4.1.0/Engine/Content/Localization/Editor/en/Editor.locres) Hash: (-291638278) String: (Toggle Realtime)
Resource: (D:/UnrealEngine-4.1.0/Engine/Content/Localization/Editor/en/Editor.locres) Hash: (-1913389001) String: (Toggles real time rendering in this viewport)
[2014.04.15-09.59.58:682][  0]LogContentStreaming: Texture pool size is 0.000000MB
[2014.04.15-09.59.58:704][  0]LogInit: WinSock: version 1.1 (2.2), MaxSocks=32767, MaxUdp=65467
[2014.04.15-09.59.59:353][  0]LogTargetPlatformManager:Display: Building Assets For Windows
[2014.04.15-09.59.59:428][  0]LogTargetPlatformManager:Display: Building Assets For Windows
[2014.04.15-09.59.59:461][  0]LogDerivedDataCache:Display: Max Cache Size: 512 MB
[2014.04.15-09.59.59:800][  0]LogDerivedDataCache: Loaded boot cache 0.34s 37MB C:/Users/v.boshchuk/Documents/Unreal Projects/MyProject/DerivedDataCache/Boot.ddc.
[2014.04.15-09.59.59:800][  0]LogDerivedDataCache:Display: Loaded Boot cache: C:/Users/v.boshchuk/Documents/Unreal Projects/MyProject/DerivedDataCache/Boot.ddc
[2014.04.15-09.59.59:800][  0]LogDerivedDataCache: FDerivedDataBackendGraph:  Pak pak cache file C:/Users/v.boshchuk/Documents/Unreal Projects/MyProject/DerivedDataCache/DDC.ddp not found, will not use a pak cache.
[2014.04.15-09.59.59:800][  0]LogDerivedDataCache: Unable to find inner node Pak for hierarchical cache Hierarchy.
[2014.04.15-09.59.59:800][  0]LogDerivedDataCache: FDerivedDataBackendGraph:  EnginePak pak cache file ../../../Engine/DerivedDataCache/DDC.ddp not found, will not use a pak cache.
[2014.04.15-09.59.59:800][  0]LogDerivedDataCache: Unable to find inner node EnginePak for hierarchical cache Hierarchy.
[2014.04.15-09.59.59:812][  0]LogDerivedDataCache: Using Local data cache path ../../../Engine/DerivedDataCache: Writable
[2014.04.15-09.59.59:858][  0]LogDerivedDataCache:Warning: Fail to write to //epicgames.net/root/UE4DDC, derived data cache to this directory will be read only.
[2014.04.15-09.59.59:858][  0]LogDerivedDataCache:Warning: Shared data cache path was not usable, will not use it.
[2014.04.15-09.59.59:858][  0]LogDerivedDataCache: Unable to find inner node Shared for hierarchical cache Hierarchy.
[2014.04.15-10.00.00:018][  0]LogMeshUtilities: No automatic mesh reduction module available
[2014.04.15-10.00.00:018][  0]LogMeshUtilities: No automatic mesh merging module available
[2014.04.15-10.00.00:387][  0]LogEnum:Warning: Enum Text 1 for Enum ECustomDepth failed to resolve to any value
[2014.04.15-10.00.00:387][  0]LogEnum:Warning: Enum Text 3 for Enum EEarlyZPass failed to resolve to any value
[2014.04.15-10.00.00:387][  0]LogEnum:Warning: Enum Text 1 for Enum EClearSceneOptions failed to resolve to any value
[2014.04.15-10.00.00:387][  0]LogEnum:Warning: Enum Text 4 for Enum ECompositingSampleCount failed to resolve to any value
[2014.04.15-10.00.01:064][  0]UdpMessaging: Initializing bridge on interface 0.0.0.0:0 to multicast group 230.0.0.1:6666.
[2014.04.15-10.00.01:162][  0]SourceControl: Info Source control is disabled
[2014.04.15-10.00.01:162][  0]SourceControl: Info Source control is disabled
[2014.04.15-10.00.01:168][  0]SourceControl: Info Source control is disabled
[2014.04.15-10.00.01:296][  0]BlueprintLog: New page: Editor Load
[2014.04.15-10.00.01:328][  0]LogObj: 18591 objects as part of root set at end of initial load.
[2014.04.15-10.00.01:328][  0]LogUObjectAllocator: 3700024 out of 0 bytes used by permanent object pool.
[2014.04.15-10.00.01:529][  0]LogAutomationTest:Warning: Loading localization resources contain conflicting entries for (Namespace:UICommands, Key:ToggleRealtime_ToolTip):
Resource: (D:/UnrealEngine-4.1.0/Engine/Content/Localization/Editor/en/Editor.locres) Hash: (-291638278) String: (Toggle Realtime)
Resource: (D:/UnrealEngine-4.1.0/Engine/Content/Localization/Editor/en/Editor.locres) Hash: (-1913389001) String: (Toggles real time rendering in this viewport)
[2014.04.15-10.00.01:529][  0]LogAutomationTest:Warning: Loading localization resources contain conflicting entries for (Namespace:UICommands, Key:ToggleRealtime_ToolTip):
Resource: (D:/UnrealEngine-4.1.0/Engine/Content/Localization/Editor/en/Editor.locres) Hash: (-291638278) String: (Toggle Realtime)
Resource: (D:/UnrealEngine-4.1.0/Engine/Content/Localization/Editor/en/Editor.locres) Hash: (-1913389001) String: (Toggles real time rendering in this viewport)
[2014.04.15-10.00.01:529][  0]LogAutomationTest:Warning: Loading localization resources contain conflicting entries for (Namespace:UICommands, Key:ToggleRealtime_ToolTip):
Resource: (D:/UnrealEngine-4.1.0/Engine/Content/Localization/Editor/en/Editor.locres) Hash: (-291638278) String: (Toggle Realtime)
Resource: (D:/UnrealEngine-4.1.0/Engine/Content/Localization/Editor/en/Editor.locres) Hash: (-1913389001) String: (Toggles real time rendering in this viewport)
[2014.04.15-10.00.01:529][  0]LogEngine: Initializing Engine...
[2014.04.15-10.00.01:701][  0]LogInit: XAudio2 using 'Speakers (2- High Definition Audio Device)' : 2 channels at 44.1 kHz using 16 bits per sample (channel mask 0x3)
[2014.04.15-10.00.01:710][  0]LogInit: FAudioDevice initialized.
[2014.04.15-10.00.01:744][  0]LogDerivedDataCache: Saved boot cache 0.03s 58MB C:/Users/v.boshchuk/Documents/Unreal Projects/MyProject/DerivedDataCache/Boot.ddc.
[2014.04.15-10.00.01:748][  0]LogInit: Texture streaming: Enabled
[2014.04.15-10.00.01:769][  0]LogInit: Transaction tracking system initialized
[2014.04.15-10.00.01:884][  0]LogStreaming:Warning: Failed to read file 'C:/Users/v.boshchuk/Documents/Unreal Projects/MyProject/Intermediate/CachedAssetRegistry.bin' error.
[2014.04.15-10.00.01:884][  0]LogAssetRegistry: FAssetRegistry took 0.0105 seconds to start up
[2014.04.15-10.00.02:012][  0]LogModuleManager:Warning: ModuleManager: Unable to load module '' because the file was not found.
[2014.04.15-10.00.02:016][  0]LogModuleManager:Warning: ModuleManager: Unable to load module '' because the file was not found.
[2014.04.15-10.00.02:094][  0]LogConsoleResponse:Display: 
[2014.04.15-10.00.02:396][  0]SourceControl: Info Source control is disabled
[2014.04.15-10.00.02:396][  0]Cmd: MAP LOAD FILE="C:/Users/v.boshchuk/Documents/Unreal Projects/MyProject/Content/Maps/Minimal_Default.umap" TEMPLATE=0 SHOWPROGRESS=1 WORLDCOMPOSITION=0
[2014.04.15-10.00.02:498][  0]LightingResults: New page: Lighting Build
[2014.04.15-10.00.02:503][  0]MapCheck: New page: Map Check
[2014.04.15-10.00.02:503][  0]LightingResults: New page: Lighting Build
[2014.04.15-10.00.02:519][  0]LogParticles: Destroying 0 GPU particle simulations for FXSystem 0x000000A4FE2014E0
[2014.04.15-10.00.05:127][  0]LogTexture:Display: Building textures: T_Frame_M (DXT1)
[2014.04.15-10.00.07:815][  0]LogTexture:Display: Building textures: T_Frame_N (BC5)
[2014.04.15-10.00.08:580][  0]LogMaterial: Missing cached shader map for material M_Frame, compiling.
[2014.04.15-10.00.08:591][  0]LogStaticMesh: Building static mesh SM_CornerFrame...
[2014.04.15-10.00.08:596][  0]LogStaticMesh: Built static mesh [5.176732ms] /Game/Props/SM_CornerFrame.SM_CornerFrame
[2014.04.15-10.00.08:604][  0]LogMaterial: Missing cached shader map for material M_Glass, compiling.
[2014.04.15-10.00.09:777][  0]LogTexture:Display: Building textures: T_MacroVariation (AutoDXT)
[2014.04.15-10.00.20:724][  0]LogMaterial: Missing cached shader map for material M_Metal_Brushed_Nickel, compiling.
[2014.04.15-10.00.21:418][  0]LogTexture:Display: Building textures: T_Metal_Aluminum_D (AutoDXT)
[2014.04.15-10.00.33:951][  0]LogTexture:Display: Building textures: T_Metal_Gold_N (BC5)
[2014.04.15-10.00.35:139][  0]LogMaterial: Missing cached shader map for material M_Metal_Burnished_Steel, compiling.
[2014.04.15-10.00.35:438][  0]LogTexture:Display: Building textures: T_Metal_Copper_D (AutoDXT)
[2014.04.15-10.00.48:152][  0]LogMaterial: Missing cached shader map for material M_Metal_Copper, compiling.
[2014.04.15-10.00.48:305][  0]LogTexture:Display: Building textures: T_Chair_M (AutoDXT)
[2014.04.15-10.00.51:677][  0]LogTexture:Display: Building textures: T_Chair_N (BC5)
[2014.04.15-10.00.52:868][  0]LogMaterial: Missing cached shader map for material M_Chair, compiling.
[2014.04.15-10.00.52:873][  0]LogMaterial: Missing cached shader map for material M_Basic_Floor, compiling.
[2014.04.15-10.00.52:877][  0]LogStaticMesh: Building static mesh Floor_400x400...
[2014.04.15-10.00.52:877][  0]LogStaticMesh: Built static mesh [0.664625ms] /Game/Architecture/Floor_400x400.Floor_400x400
[2014.04.15-10.00.52:885][  0]LogAudioDerivedData:Display: Building compressed audio format OGG wave Starter_Birds01...
[2014.04.15-10.00.53:453][  0]LogAudioDerivedData:Display: Building compressed audio format OGG wave Starter_Wind05...
[2014.04.15-10.00.53:881][  0]LogAudioDerivedData:Display: Building compressed audio format OGG wave Starter_Wind06...
[2014.04.15-10.00.54:263][  0]LogStaticMesh: Building static mesh SM_TableRound...
[2014.04.15-10.00.54:363][  0]LogStaticMesh: Built static mesh [99.473808ms] /Game/Props/SM_TableRound.SM_TableRound
[2014.04.15-10.00.54:390][  0]LogStaticMesh: Building static mesh SM_Chair...
[2014.04.15-10.00.54:423][  0]LogStaticMesh: Built static mesh [33.595730ms] /Game/Props/SM_Chair.SM_Chair
[2014.04.15-10.00.54:590][  0]LogTexture:Display: Building textures: T_Statue_M (AutoDXT)
[2014.04.15-10.00.58:639][  0]LogTexture:Display: Building textures: T_Statue_N (BC5)
[2014.04.15-10.00.58:921][  0]LogMaterial: Missing cached shader map for material M_Statue, compiling.
[2014.04.15-10.00.58:927][  0]LogMaterial: Missing cached shader map for material M_StatueGlass, compiling.
[2014.04.15-10.00.58:930][  0]LogStaticMesh: Building static mesh SM_Statue...
[2014.04.15-10.00.59:035][  0]LogStaticMesh: Built static mesh [104.919868ms] /Game/Props/SM_Statue.SM_Statue
[2014.04.15-10.00.59:235][  0]LogTexture:Display: Building textures: T_TableRound_M (DXT1)
[2014.04.15-10.01.04:495][  0]LogTexture:Display: Building textures: T_TableRound_N (BC5)
[2014.04.15-10.01.05:619][  0]LogMaterial: Missing cached shader map for material M_TableRound, compiling.
[2014.04.15-10.01.05:676][  0]LogTexture:Display: Building textures: HQ_Lightmap1_1 (AutoDXT)
[2014.04.15-10.01.05:899][  0]LogTexture:Display: Building textures: HQ_Lightmap1_2 (AutoDXT)
[2014.04.15-10.01.05:910][  0]LogTexture:Display: Building textures: LQ_Lightmap_1_1 (DXT1)
[2014.04.15-10.01.06:070][  0]LogTexture:Display: Building textures: LQ_Lightmap_1_2 (DXT1)
[2014.04.15-10.01.06:079][  0]LogTexture:Display: Building textures: ShadowMapTexture2D_2 (BGRA8)
[2014.04.15-10.01.06:087][  0]LogTexture:Display: Building textures: ShadowMapTexture2D_3 (BGRA8)
[2014.04.15-10.01.06:097][  0]LogTexture:Display: Building textures: S_AudioComponent_AutoActivate (BGRA8)
[2014.04.15-10.01.06:174][  0]LogEditorServer: Finished looking for orphan Actors (0.000 secs)
[2014.04.15-10.01.06:189][  0]Cmd: MAP CHECKDEP
[2014.04.15-10.01.06:190][  0]MapCheck: New page: Minimal_Default - Apr 15, 2014, 4:01:06 PM
[2014.04.15-10.01.06:250][  0]MapCheck: Info ========== Map Check: 0 Error(s), 0 Warning(s), [59.763ms] ==========
[2014.04.15-10.01.06:250][  0]LogFileHelpers: Loading map 'Minimal_Default' took 63.854
[2014.04.15-10.01.06:378][  0]LogCollectionManager: Loaded 0 collections in 0.001256 seconds
[2014.04.15-10.01.06:695][  0]LogCrashTracker: Crashtracker disabled due to settings.
[2014.04.15-10.01.06:696][  0]Cmd: MODE PLACEMENT
[2014.04.15-10.01.06:768][  0]LogInit: Using libcurl 7.34.0
[2014.04.15-10.01.06:768][  0]LogInit:  - built for x86_64-pc-win32
[2014.04.15-10.01.06:768][  0]LogInit:  - supports SSL with WinSSL
[2014.04.15-10.01.06:768][  0]LogInit:  - other features:
[2014.04.15-10.01.06:768][  0]LogInit:      CURL_VERSION_SSL
[2014.04.15-10.01.06:768][  0]LogInit:      CURL_VERSION_ASYNCHDNS
[2014.04.15-10.01.06:768][  0]LogInit:      CURL_VERSION_LARGEFILE
[2014.04.15-10.01.06:768][  0]LogInit:      CURL_VERSION_IDN
[2014.04.15-10.01.06:768][  0]LogInit: Libcurl will NOT reuse connections
[2014.04.15-10.01.06:829][  0]LogLoad: Full Startup: 69.23 seconds (BP compile: 0.11 seconds)
[2014.04.15-10.01.06:844][  0]LogContentBrowser:Verbose: The content browser source was changed by the sources view to '/Game/Blueprints'
[2014.04.15-10.01.06:944][  0]LogRenderer:Warning: Reallocating scene render targets to support 32x32.
[2014.04.15-10.01.07:392][  0]LogTexture:Display: Building textures: LevelGrid1DStripes (BGRA8)
[2014.04.15-10.01.07:394][  0]LogMaterial: Missing cached shader map for material LevelGridMaterial2, compiling.
[2014.04.15-10.01.07:464][  0]LogRenderer:Warning: Reallocating scene render targets to support 784x896.
[2014.04.15-10.01.08:953][  1]LogEpicSurvey:Warning: EnumerateFiles request failed. Invalid response. code=403 error=<?xml version="1.0" encoding="UTF-8"?>
<Error><Code>AccessDenied</Code><Message>Access Denied</Message><RequestId>45E8E187657EABAB</RequestId><HostId>PwhcTchfyrq3VlTWuUiYZjMjMgO2BFqrzXd410iXrNhIAH65nEKxfPSVba/NAKQA</HostId></Error>
[2014.04.15-10.01.09:024][  1]LogEditorViewport: Clicking on Actor (LMB): StaticMeshActor (Floor)
[2014.04.15-10.01.09:046][  1]LogEditorViewport: Clicking on Actor (LMB): StaticMeshActor (Floor)
[2014.04.15-10.01.10:609][  2]LogEpicSurvey:Warning: EnumerateFiles request failed. Invalid response. code=403 error=<?xml version="1.0" encoding="UTF-8"?>
<Error><Code>AccessDenied</Code><Message>Access Denied</Message><RequestId>6CDF0EC694B6842E</RequestId><HostId>pdBziSczRLchTNDOL8epRSKzNXCIrFOo/N3a38a/qQ55uJ6ovx9kaGau3LE1/gWj</HostId></Error>
[2014.04.15-10.01.10:614][  2]LogAssetRegistry: Asset discovery search completed in 68.7416 seconds
[2014.04.15-10.01.11:237][  3]LogEpicSurvey:Warning: EnumerateFiles request failed. Invalid response. code=403 error=<?xml version="1.0" encoding="UTF-8"?>
<Error><Code>AccessDenied</Code><Message>Access Denied</Message><RequestId>3F1AC2366F07B3C5</RequestId><HostId>Gn/KntvMbEtL98xPZ0Y+cIbLDB4CD+ktsyNLoan7sXfUPLQrO+obHbElJEShMcjQ</HostId></Error>
[2014.04.15-10.03.13:308][140]ImportText (LocalizedDisplayNames): Missing closing parenthesis: (Language="en",Text="Blueprint Side Scroller"
[2014.04.15-10.03.23:581][150]Cmd: CLOSE_SLATE_MAINFRAME
[2014.04.15-10.03.23:605][150]LogActorComponent: UnregisterComponent: (/Engine/Transient.ProjectileMovementComponent_0) Not registered. Aborting.
[2014.04.15-10.03.25:019][151]Cmd: QUIT_EDITOR
[2014.04.15-10.03.25:099][151]LogWindowsTextInputMethodSystem:Error: Terminating failed while unadvising the language notification sink from the TSF source.
[2014.04.15-10.03.25:099][151]LogExit: Preparing to exit.
[2014.04.15-10.03.26:142][151]LogExit: Editor shut down
[2014.04.15-10.03.26:142][151]LogExit: Transaction tracking system shut down
[2014.04.15-10.03.26:146][151]LogParticles: Destroying 0 GPU particle simulations for FXSystem 0x000000A4817423E0
[2014.04.15-10.03.26:147][151]LogParticles: Destroying 0 GPU particle simulations for FXSystem 0x000000A4816E7380
[2014.04.15-10.03.26:181][151]LogParticles: Destroying 0 GPU particle simulations for FXSystem 0x000000A48345CA40
[2014.04.15-10.03.26:181][151]LogParticles: Destroying 0 GPU particle simulations for FXSystem 0x000000A4836DBD80
[2014.04.15-10.03.26:181][151]LogExit: Object subsystem successfully closed.
[2014.04.15-10.03.26:219][151]LogModuleManager: Shutting down and abandoning module HTTP (143)
[2014.04.15-10.03.26:219][151]LogModuleManager: Shutting down and abandoning module CrashTracker (142)
[2014.04.15-10.03.26:219][151]LogModuleManager: Shutting down and abandoning module SceneOutliner (141)
[2014.04.15-10.03.26:220][151]LogModuleManager: Shutting down and abandoning module EditorWidgets (140)
[2014.04.15-10.03.26:220][151]LogModuleManager: Shutting down and abandoning module CollectionManager (139)
[2014.04.15-10.03.26:220][151]LogModuleManager: Shutting down and abandoning module StatsViewer (138)
[2014.04.15-10.03.26:220][151]LogModuleManager: Shutting down and abandoning module FoliageEdit (137)
[2014.04.15-10.03.26:220][151]LogModuleManager: Shutting down and abandoning module LandscapeEditor (136)
[2014.04.15-10.03.26:225][151]LogModuleManager: Shutting down and abandoning module MeshPaint (135)
[2014.04.15-10.03.26:225][151]LogModuleManager: Shutting down and abandoning module GeometryMode (134)
[2014.04.15-10.03.26:225][151]LogModuleManager: Shutting down and abandoning module TextureAlignMode (133)
[2014.04.15-10.03.26:225][151]LogModuleManager: Shutting down and abandoning module BspMode (132)
[2014.04.15-10.03.26:225][151]LogModuleManager: Shutting down and abandoning module PlacementMode (131)
[2014.04.15-10.03.26:225][151]LogModuleManager: Shutting down and abandoning module AutomationWorker (130)
[2014.04.15-10.03.26:225][151]LogModuleManager: Shutting down and abandoning module ViewportSnapping (129)
[2014.04.15-10.03.26:225][151]LogModuleManager: Shutting down and abandoning module DeviceProfileEditor (128)
[2014.04.15-10.03.26:225][151]LogModuleManager: Shutting down and abandoning module UndoHistory (127)
[2014.04.15-10.03.26:225][151]LogModuleManager: Shutting down and abandoning module GameplayTagsEditor (126)
[2014.04.15-10.03.26:225][151]LogModuleManager: Shutting down and abandoning module UserFeedback (125)
[2014.04.15-10.03.26:226][151]LogModuleManager: Shutting down and abandoning module XmlParser (124)
[2014.04.15-10.03.26:226][151]LogModuleManager: Shutting down and abandoning module OnlineBlueprintSupport (123)
[2014.04.15-10.03.26:226][151]LogModuleManager: Shutting down and abandoning module Blutility (122)
[2014.04.15-10.03.26:226][151]LogModuleManager: Shutting down and abandoning module IOSPlatformEditor (121)
[2014.04.15-10.03.26:226][151]LogModuleManager: Shutting down and abandoning module IOSRuntimeSettings (120)
[2014.04.15-10.03.26:226][151]LogModuleManager: Shutting down and abandoning module ProjectSettingsViewer (117)
[2014.04.15-10.03.26:226][151]LogModuleManager: Shutting down and abandoning module InputBindingEditor (116)
[2014.04.15-10.03.26:226][151]LogModuleManager: Shutting down and abandoning module EditorSettingsViewer (115)
[2014.04.15-10.03.26:226][151]LogModuleManager: Shutting down and abandoning module SettingsEditor (114)
[2014.04.15-10.03.26:226][151]LogModuleManager: Shutting down and abandoning module SessionLauncher (113)
[2014.04.15-10.03.26:226][151]LogModuleManager: Shutting down and abandoning module SessionFrontend (112)
[2014.04.15-10.03.26:226][151]LogModuleManager: Shutting down and abandoning module ProfilerClient (111)
[2014.04.15-10.03.26:226][151]LogModuleManager: Shutting down and abandoning module TargetDeviceServices (110)
[2014.04.15-10.03.26:226][151]LogModuleManager: Shutting down and abandoning module DeviceManager (109)
[2014.04.15-10.03.26:226][151]LogModuleManager: Shutting down and abandoning module AutomationController (108)
[2014.04.15-10.03.26:226][151]LogModuleManager: Shutting down and abandoning module AutomationWindow (107)
[2014.04.15-10.03.26:226][151]LogModuleManager: Shutting down and abandoning module Layers (106)
[2014.04.15-10.03.26:226][151]LogModuleManager: Shutting down and abandoning module ComponentVisualizers (105)
[2014.04.15-10.03.26:226][151]LogModuleManager: Shutting down and abandoning module DetailCustomizations (104)
[2014.04.15-10.03.26:226][151]LogModuleManager: Shutting down and abandoning module PackagesDialog (103)
[2014.04.15-10.03.26:226][151]LogModuleManager: Shutting down and abandoning module PropertyEditor (102)
[2014.04.15-10.03.26:226][151]LogModuleManager: Shutting down and abandoning module DirectoryWatcher (101)
[2014.04.15-10.03.26:227][151]LogModuleManager: Shutting down and abandoning module AssetRegistry (100)
[2014.04.15-10.03.26:333][151]LogModuleManager: Shutting down and abandoning module Persona (99)
[2014.04.15-10.03.26:333][151]LogModuleManager: Shutting down and abandoning module GraphEditor (98)
[2014.04.15-10.03.26:333][151]LogModuleManager: Shutting down and abandoning module ContentBrowser (97)
[2014.04.15-10.03.26:333][151]LogModuleManager: Shutting down and abandoning module ClassViewer (96)
[2014.04.15-10.03.26:334][151]LogModuleManager: Shutting down and abandoning module Toolbox (95)
[2014.04.15-10.03.26:334][151]LogModuleManager: Shutting down and abandoning module ModuleUI (94)
[2014.04.15-10.03.26:334][151]LogModuleManager: Shutting down and abandoning module Sequencer (93)
[2014.04.15-10.03.26:334][151]LogModuleManager: Shutting down and abandoning module AssetTools (92)
[2014.04.15-10.03.26:334][151]LogModuleManager: Shutting down and abandoning module MovieSceneTools (91)
[2014.04.15-10.03.26:334][151]LogModuleManager: Shutting down and abandoning module OutputLog (90)
[2014.04.15-10.03.26:334][151]LogModuleManager: Shutting down and abandoning module GammaUI (89)
[2014.04.15-10.03.26:334][151]LogModuleManager: Shutting down and abandoning module Documentation (88)
[2014.04.15-10.03.26:334][151]LogModuleManager: Shutting down and abandoning module ProfilerService (87)
[2014.04.15-10.03.26:572][151]LogModuleManager: Shutting down and abandoning module TaskGraph (86)
[2014.04.15-10.03.26:572][151]LogModuleManager: Shutting down and abandoning module GameProjectGeneration (85)
[2014.04.15-10.03.26:572][151]LogModuleManager: Shutting down and abandoning module Matinee (84)
[2014.04.15-10.03.26:572][151]LogModuleManager: Shutting down and abandoning module Kismet (83)
[2014.04.15-10.03.26:572][151]LogModuleManager: Shutting down and abandoning module LevelEditor (82)
[2014.04.15-10.03.26:573][151]LogModuleManager: Shutting down and abandoning module MainFrame (81)
[2014.04.15-10.03.26:573][151]LogModuleManager: Shutting down and abandoning module SourceControl (80)
[2014.04.15-10.03.26:573][151]LogModuleManager: Shutting down and abandoning module ImageWrapper (79)
[2014.04.15-10.03.26:573][151]LogModuleManager: Shutting down and abandoning module FunctionalTesting (78)
[2014.04.15-10.03.26:573][151]LogModuleManager: Shutting down and abandoning module CollisionAnalyzer (77)
[2014.04.15-10.03.26:573][151]LogModuleManager: Shutting down and abandoning module WorkspaceMenuStructure (76)
[2014.04.15-10.03.26:573][151]LogModuleManager: Shutting down and abandoning module MessageLog (75)
[2014.04.15-10.03.26:573][151]LogModuleManager: Shutting down and abandoning module Slate (74)
[2014.04.15-10.03.26:573][151]LogModuleManager: Shutting down and abandoning module EditorStyle (73)
[2014.04.15-10.03.26:575][151]LogModuleManager: Shutting down and abandoning module SessionServices (72)
[2014.04.15-10.03.26:575][151]LogModuleManager: Shutting down and abandoning module VSAccessor (71)
[2014.04.15-10.03.26:575][151]LogModuleManager: Shutting down and abandoning module HeadMountedDisplay (70)
[2014.04.15-10.03.26:575][151]LogModuleManager: Shutting down and abandoning module XAudio2 (69)
[2014.04.15-10.03.26:575][151]LogModuleManager: Shutting down and abandoning module Networking (68)
[2014.04.15-10.03.26:575][151]LogModuleManager: Shutting down and abandoning module Core (67)
[2014.04.15-10.03.26:575][151]LogModuleManager: Shutting down and abandoning module KismetCompiler (66)
[2014.04.15-10.03.26:575][151]LogModuleManager: Shutting down and abandoning module PhysXFormats (65)
[2014.04.15-10.03.26:575][151]LogModuleManager: Shutting down and abandoning module MeshUtilities (64)
[2014.04.15-10.03.26:575][151]LogModuleManager: Shutting down and abandoning module DerivedDataCache (63)
[2014.04.15-10.03.26:633][151]LogDerivedDataCache: Shutdown
[2014.04.15-10.03.26:633][151]LogModuleManager: Shutting down and abandoning module ShaderFormatOpenGL (62)
[2014.04.15-10.03.26:633][151]LogModuleManager: Shutting down and abandoning module ShaderFormatD3D (61)
[2014.04.15-10.03.26:633][151]LogModuleManager: Shutting down and abandoning module TextureFormatUncompressed (60)
[2014.04.15-10.03.26:633][151]LogModuleManager: Shutting down and abandoning module TextureFormatPVR (59)
[2014.04.15-10.03.26:633][151]LogModuleManager: Shutting down and abandoning module TextureFormatDXT (58)
[2014.04.15-10.03.26:633][151]LogModuleManager: Shutting down and abandoning module AudioFormatOgg (57)
[2014.04.15-10.03.26:633][151]LogModuleManager: Shutting down and abandoning module AudioFormatADPCM (56)
[2014.04.15-10.03.26:633][151]LogModuleManager: Shutting down and abandoning module Messaging (55)
[2014.04.15-10.03.26:633][151]LogModuleManager: Shutting down and abandoning module IOSTargetPlatform (54)
[2014.04.15-10.03.26:633][151]LogModuleManager: Shutting down and abandoning module WindowsTargetPlatform (53)
[2014.04.15-10.03.26:633][151]LogModuleManager: Shutting down and abandoning module WindowsServerTargetPlatform (52)
[2014.04.15-10.03.26:633][151]LogModuleManager: Shutting down and abandoning module WindowsNoEditorTargetPlatform (51)
[2014.04.15-10.03.26:633][151]LogModuleManager: Shutting down and abandoning module WindowsClientTargetPlatform (50)
[2014.04.15-10.03.26:633][151]LogModuleManager: Shutting down and abandoning module TargetPlatform (49)
[2014.04.15-10.03.26:633][151]LogModuleManager: Shutting down and abandoning module InputCore (47)
[2014.04.15-10.03.26:633][151]LogModuleManager: Shutting down and abandoning module Settings (46)
[2014.04.15-10.03.26:633][151]LogModuleManager: Shutting down and abandoning module TextureCompressor (43)
[2014.04.15-10.03.26:633][151]LogModuleManager: Shutting down and abandoning module ShaderCore (42)
[2014.04.15-10.03.26:633][151]LogModuleManager: Shutting down and abandoning module OpenGLDrv (41)
[2014.04.15-10.03.26:633][151]LogModuleManager: Shutting down and abandoning module D3D11RHI (40)
[2014.04.15-10.03.26:633][151]LogModuleManager: Shutting down and abandoning module SlateRHIRenderer (39)
[2014.04.15-10.03.26:633][151]LogModuleManager: Shutting down and abandoning module Renderer (38)
[2014.04.15-10.03.26:633][151]LogModuleManager: Shutting down and abandoning module Engine (37)
[2014.04.15-10.03.26:633][151]LogModuleManager: Shutting down and abandoning module WindowsMoviePlayer (36)
[2014.04.15-10.03.26:636][151]LogModuleManager: Shutting down and abandoning module ExampleDeviceProfileSelector (31)
[2014.04.15-10.03.26:636][151]LogModuleManager: Shutting down and abandoning module CustomMeshComponent (30)
[2014.04.15-10.03.26:636][151]LogModuleManager: Shutting down and abandoning module CableComponent (29)
[2014.04.15-10.03.26:636][151]LogModuleManager: Shutting down and abandoning module OculusRift (26)
[2014.04.15-10.03.26:636][151]LogModuleManager: Shutting down and abandoning module UdpMessaging (25)
[2014.04.15-10.03.26:736][151]LogModuleManager: Shutting down and abandoning module MessagingDebugger (24)
[2014.04.15-10.03.26:736][151]LogModuleManager: Shutting down and abandoning module PluginsEditor (12)
[2014.04.15-10.03.26:736][151]LogModuleManager: Shutting down and abandoning module IntroTutorials (11)
[2014.04.15-10.03.26:736][151]LogModuleManager: Shutting down and abandoning module EpicSurvey (10)
[2014.04.15-10.03.26:736][151]LogModuleManager: Shutting down and abandoning module UObjectPlugin (9)
[2014.04.15-10.03.26:736][151]LogModuleManager: Shutting down and abandoning module SubversionSourceControl (8)
[2014.04.15-10.03.26:736][151]LogModuleManager: Shutting down and abandoning module PerforceSourceControl (7)
[2014.04.15-10.03.26:736][151]LogModuleManager: Shutting down and abandoning module BlankPlugin (6)
[2014.04.15-10.03.26:736][151]LogModuleManager: Shutting down and abandoning module CoreUObject (5)
[2014.04.15-10.03.26:736][151]LogModuleManager: Shutting down and abandoning module NetworkFile (4)
[2014.04.15-10.03.26:736][151]LogModuleManager: Shutting down and abandoning module StreamingFile (3)
[2014.04.15-10.03.26:736][151]LogModuleManager: Shutting down and abandoning module SandboxFile (2)
[2014.04.15-10.03.26:736][151]LogModuleManager: Shutting down and abandoning module PakFile (1)
[2014.04.15-10.03.26:737][151]LogExit: Exiting.
[2014.04.15-10.03.26:747][151]Log file closed, 04/15/14 13:03:26
