Log file open, 04/22/14 13:21:55
LogInit:Display: Running engine for game: MyProject
LogInit: Version: 4.0.1-0+UE4
LogInit: Compiled (64-bit): Apr  3 2014 11:44:54
LogInit: Build Configuration: Development
LogInit: Branch Name: UE4
LogInit: Command line: 
LogInit: Base directory: D:/UnrealEngine-4.0.1-release/Engine/Binaries/Win64/
[2014.04.22-10.21.55:343][  0]LogTaskGraph: Started task graph with 3 named threads and 4 total threads.
[2014.04.22-10.21.55:370][  0]LogOnline:Warning: No default platform service specified for OnlineSubsystem
[2014.04.22-10.21.55:376][  0]LogInit: Presizing for 0 objects not considered by GC, pre-allocating 0 bytes.
[2014.04.22-10.21.55:381][  0]LogInit: Object subsystem initialized
[2014.04.22-10.21.55:383][  0]LogInit: Selected Device Profile: [Windows]
[2014.04.22-10.21.55:383][  0]LogInit: Applying CVar settings loaded from the selected device profile: [Windows]
[2014.04.22-10.21.55:390][  0]LogInit: Computer: BOSHCHUKV
[2014.04.22-10.21.55:390][  0]LogInit: User: vboshchuk
[2014.04.22-10.21.55:391][  0]LogInit: CPU Page size=4096, Cores=2
[2014.04.22-10.21.55:391][  0]LogInit: High frequency timer resolution =3.215356 MHz
[2014.04.22-10.21.55:391][  0]LogInit: Memory total: Physical=15.9GB (16GB approx) Pagefile=8176.1GB Virtual=8192.0GB
[2014.04.22-10.21.55:403][  0]LogD3D11RHI: Found D3D11 adapter 0: Intel(R) HD Graphics 4000 (Feature Level 11_0)
[2014.04.22-10.21.55:403][  0]LogD3D11RHI: Adapter has 32MB of dedicated video memory, 0MB of dedicated system memory, and 1632MB of shared system memory
[2014.04.22-10.21.55:404][  0]LogD3D11RHI: Found D3D11 adapter 1: Microsoft Basic Render Driver (Feature Level 11_0)
[2014.04.22-10.21.55:404][  0]LogD3D11RHI: Adapter has 0MB of dedicated video memory, 0MB of dedicated system memory, and 256MB of shared system memory
[2014.04.22-10.21.55:409][  0]LogRHI: Texture pool is 593 MB (70% of 848 MB)
[2014.04.22-10.21.55:412][  0]LogD3D11RHI: Async texture creation enabled
[2014.04.22-10.21.55:476][  0]LogTextLocalizationManager:Warning: Loading localization resources contain conflicting entries for (Namespace:UICommands, Key:ToggleRealtime_ToolTip):
Resource: (D:/UnrealEngine-4.0.1-release/Engine/Content/Localization/Editor/en/Editor.locres) Hash: (-291638278) String: (Toggle Realtime)
Resource: (D:/UnrealEngine-4.0.1-release/Engine/Content/Localization/Editor/en/Editor.locres) Hash: (-1913389001) String: (Toggles real time rendering in this viewport)
[2014.04.22-10.21.55:500][  0]LogContentStreaming: Texture pool size is 0.000000MB
[2014.04.22-10.21.55:531][  0]LogInit: WinSock: version 1.1 (2.2), MaxSocks=32767, MaxUdp=65467
[2014.04.22-10.21.56:021][  0]LogTargetPlatformManager:Display: Building Assets For Windows
[2014.04.22-10.21.56:085][  0]LogTargetPlatformManager:Display: Building Assets For Windows
[2014.04.22-10.21.56:114][  0]LogDerivedDataCache:Display: Max Cache Size: 512 MB
[2014.04.22-10.21.56:150][  0]LogDerivedDataCache: Loaded boot cache 0.04s 37MB C:/Users/v.boshchuk/Documents/Unreal Projects/MyProject/DerivedDataCache/Boot.ddc.
[2014.04.22-10.21.56:150][  0]LogDerivedDataCache:Display: Loaded Boot cache: C:/Users/v.boshchuk/Documents/Unreal Projects/MyProject/DerivedDataCache/Boot.ddc
[2014.04.22-10.21.56:150][  0]LogDerivedDataCache: FDerivedDataBackendGraph:  Pak pak cache file C:/Users/v.boshchuk/Documents/Unreal Projects/MyProject/DerivedDataCache/DDC.ddp not found, will not use a pak cache.
[2014.04.22-10.21.56:150][  0]LogDerivedDataCache: Unable to find inner node Pak for hierarchical cache Hierarchy.
[2014.04.22-10.21.56:150][  0]LogDerivedDataCache: FDerivedDataBackendGraph:  EnginePak pak cache file ../../../Engine/DerivedDataCache/DDC.ddp not found, will not use a pak cache.
[2014.04.22-10.21.56:150][  0]LogDerivedDataCache: Unable to find inner node EnginePak for hierarchical cache Hierarchy.
[2014.04.22-10.21.56:162][  0]LogDerivedDataCache: Using Local data cache path ../../../Engine/DerivedDataCache: Writable
[2014.04.22-10.21.56:163][  0]LogDerivedDataCache:Warning: Fail to write to //epicgames.net/root/UE4DDC, derived data cache to this directory will be read only.
[2014.04.22-10.21.56:163][  0]LogDerivedDataCache:Warning: Shared data cache path was not usable, will not use it.
[2014.04.22-10.21.56:163][  0]LogDerivedDataCache: Unable to find inner node Shared for hierarchical cache Hierarchy.
[2014.04.22-10.21.56:296][  0]LogMeshUtilities: No automatic mesh reduction module available
[2014.04.22-10.21.56:296][  0]LogMeshUtilities: No automatic mesh merging module available
[2014.04.22-10.21.56:497][  0]LogEnum:Warning: Enum Text 1 for Enum ECustomDepth failed to resolve to any value
[2014.04.22-10.21.56:497][  0]LogEnum:Warning: Enum Text 3 for Enum EEarlyZPass failed to resolve to any value
[2014.04.22-10.21.56:497][  0]LogEnum:Warning: Enum Text 1 for Enum EClearSceneOptions failed to resolve to any value
[2014.04.22-10.21.56:497][  0]LogEnum:Warning: Enum Text 4 for Enum ECompositingSampleCount failed to resolve to any value
[2014.04.22-10.21.57:035][  0]UdpMessaging: Initializing bridge on interface 0.0.0.0:0 to multicast group 230.0.0.1:6666.
[2014.04.22-10.21.57:112][  0]SourceControl: Info Source control is disabled
[2014.04.22-10.21.57:112][  0]SourceControl: Info Source control is disabled
[2014.04.22-10.21.57:116][  0]SourceControl: Info Source control is disabled
[2014.04.22-10.21.57:177][  0]BlueprintLog: New page: Editor Load
[2014.04.22-10.21.57:203][  0]LogObj: 18325 objects as part of root set at end of initial load.
[2014.04.22-10.21.57:203][  0]LogUObjectAllocator: 3624888 out of 0 bytes used by permanent object pool.
[2014.04.22-10.21.57:367][  0]LogAutomationTest:Warning: Loading localization resources contain conflicting entries for (Namespace:UICommands, Key:ToggleRealtime_ToolTip):
Resource: (D:/UnrealEngine-4.0.1-release/Engine/Content/Localization/Editor/en/Editor.locres) Hash: (-291638278) String: (Toggle Realtime)
Resource: (D:/UnrealEngine-4.0.1-release/Engine/Content/Localization/Editor/en/Editor.locres) Hash: (-1913389001) String: (Toggles real time rendering in this viewport)
[2014.04.22-10.21.57:367][  0]LogAutomationTest:Warning: Loading localization resources contain conflicting entries for (Namespace:UICommands, Key:ToggleRealtime_ToolTip):
Resource: (D:/UnrealEngine-4.0.1-release/Engine/Content/Localization/Editor/en/Editor.locres) Hash: (-291638278) String: (Toggle Realtime)
Resource: (D:/UnrealEngine-4.0.1-release/Engine/Content/Localization/Editor/en/Editor.locres) Hash: (-1913389001) String: (Toggles real time rendering in this viewport)
[2014.04.22-10.21.57:367][  0]LogAutomationTest:Warning: Loading localization resources contain conflicting entries for (Namespace:UICommands, Key:ToggleRealtime_ToolTip):
Resource: (D:/UnrealEngine-4.0.1-release/Engine/Content/Localization/Editor/en/Editor.locres) Hash: (-291638278) String: (Toggle Realtime)
Resource: (D:/UnrealEngine-4.0.1-release/Engine/Content/Localization/Editor/en/Editor.locres) Hash: (-1913389001) String: (Toggles real time rendering in this viewport)
[2014.04.22-10.21.57:367][  0]LogEngine: Initializing Engine...
[2014.04.22-10.21.57:466][  0]LogInit: XAudio2 using 'Speakers (2- High Definition Audio Device)' : 2 channels at 44.1 kHz using 16 bits per sample (channel mask 0x3)
[2014.04.22-10.21.57:473][  0]LogInit: FAudioDevice initialized.
[2014.04.22-10.21.57:497][  0]LogDerivedDataCache: Saved boot cache 0.02s 37MB C:/Users/v.boshchuk/Documents/Unreal Projects/MyProject/DerivedDataCache/Boot.ddc.
[2014.04.22-10.21.57:500][  0]LogInit: Texture streaming: Enabled
[2014.04.22-10.21.57:515][  0]LogInit: Transaction tracking system initialized
[2014.04.22-10.21.57:605][  0]LogAssetRegistry: FAssetRegistry took 0.010445 seconds to start up
[2014.04.22-10.21.57:749][  0]LogModuleManager:Warning: ModuleManager: Unable to load module '' because the file was not found.
[2014.04.22-10.21.57:755][  0]LogModuleManager:Warning: ModuleManager: Unable to load module '' because the file was not found.
[2014.04.22-10.21.57:825][  0]LogConsoleResponse:Display: 
[2014.04.22-10.21.58:091][  0]SourceControl: Info Source control is disabled
[2014.04.22-10.21.58:092][  0]Cmd: MAP LOAD FILE="C:/Users/v.boshchuk/Documents/Unreal Projects/MyProject/Content/Maps/Minimal_Default.umap" TEMPLATE=0 SHOWPROGRESS=1 WORLDCOMPOSITION=0
[2014.04.22-10.21.58:092][  0]LightingResults: New page: Lighting Build
[2014.04.22-10.21.58:100][  0]MapCheck: New page: Map Check
[2014.04.22-10.21.58:100][  0]LightingResults: New page: Lighting Build
[2014.04.22-10.21.58:121][  0]LogParticles: Destroying 0 GPU particle simulations for FXSystem 0x000000598B3B2CA0
[2014.04.22-10.21.58:472][  0]LogEditorServer: Finished looking for orphan Actors (0.000 secs)
[2014.04.22-10.21.58:473][  0]Cmd: MAP CHECKDEP
[2014.04.22-10.21.58:473][  0]MapCheck: New page: Minimal_Default - Apr 22, 2014, 4:21:58 PM
[2014.04.22-10.21.58:516][  0]MapCheck: Info ========== Map Check: 0 Error(s), 0 Warning(s), [43.44ms] ==========
[2014.04.22-10.21.58:516][  0]LogFileHelpers: Loading map 'Minimal_Default' took 0.425
[2014.04.22-10.21.58:598][  0]LogCollectionManager: Loaded 0 collections in 0.000869 seconds
[2014.04.22-10.21.58:722][  0]LogCrashTracker: Crashtracker disabled due to settings.
[2014.04.22-10.21.58:722][  0]Cmd: MODE PLACEMENT
[2014.04.22-10.21.58:790][  0]LogLoad: Full Startup: 4.22 seconds (BP compile: 0.11 seconds)
[2014.04.22-10.21.58:803][  0]LogContentBrowser:Verbose: The content browser source was changed by the sources view to '/Game/Blueprints'
[2014.04.22-10.21.58:856][  0]LogRenderer:Warning: Reallocating scene render targets to support 32x32.
[2014.04.22-10.21.58:977][  1]LogRenderer:Warning: Reallocating scene render targets to support 592x592.
[2014.04.22-10.21.58:994][  1]LogAssetRegistry: Asset discovery search completed in 1.399810 seconds
[2014.04.22-10.21.59:395][  7]LogEpicSurvey:Warning: EnumerateFiles request failed. Invalid response. code=403 error=<?xml version="1.0" encoding="UTF-8"?>
<Error><Code>AccessDenied</Code><Message>Access Denied</Message><RequestId>3E02D2BC1C2251DC</RequestId><HostId>urYQI8Mx8kcPLKj7rHfSj00bnbO3aFz382aQ9u9dkfBrNIdFhihcTtQCfubcW/6w</HostId></Error>
[2014.04.22-10.21.59:549][ 12]LogEpicSurvey:Warning: EnumerateFiles request failed. Invalid response. code=403 error=<?xml version="1.0" encoding="UTF-8"?>
<Error><Code>AccessDenied</Code><Message>Access Denied</Message><RequestId>AD258A2B1CC14B02</RequestId><HostId>kdgiswsOEX3N6Y+TV0dYm4nNWjy1UqTRyAe+UwSBFE4N2Dvj+YtcD8L5jwnv0YN4</HostId></Error>
[2014.04.22-10.21.59:632][ 14]LogEpicSurvey:Warning: EnumerateFiles request failed. Invalid response. code=403 error=<?xml version="1.0" encoding="UTF-8"?>
<Error><Code>AccessDenied</Code><Message>Access Denied</Message><RequestId>16A959D524E4DE88</RequestId><HostId>AVp7PZhtp2Xm55HeeqTMgTGk5h5ACAyiMEJNsDH7FDOk3RVbdIePgzjwDt4uXxrm</HostId></Error>
[2014.04.22-10.22.05:215][214]LogActorComponent: UnregisterComponent: (/Engine/Transient.ProjectileMovementComponent_0) Not registered. Aborting.
[2014.04.22-10.22.05:245][214]Cmd: MAP LOAD FILE="C:/Users/v.boshchuk/Documents/Unreal Projects/MyProject/Content/Maps/MyTest.umap" TEMPLATE=0 SHOWPROGRESS=1 WORLDCOMPOSITION=0
[2014.04.22-10.22.05:245][214]LightingResults: New page: Lighting Build
[2014.04.22-10.22.05:249][214]LoadErrors: New page: Loading map: MyTest.umap
[2014.04.22-10.22.05:250][214]MapCheck: New page: Map Check
[2014.04.22-10.22.05:250][214]LightingResults: New page: Lighting Build
[2014.04.22-10.22.05:269][214]LogParticles: Destroying 0 GPU particle simulations for FXSystem 0x0000005990BBA340
[2014.04.22-10.22.05:308][214]LogBlueprint:Warning: [compiler] Warning Unable to find function with name 'ReadyForRemoteControl' for  Ready for Remote Control 
[2014.04.22-10.22.05:310][214]LogBlueprint:Warning: [compiler] Warning [0010.74] Compile of MyCharackter successful, but with 1 Warning(s) [in 5 ms]
[2014.04.22-10.22.05:314][214]LogBlueprint:Warning: [compiler] Warning Unable to find function with name 'ReadyForRemoteControl' for  Ready for Remote Control 
[2014.04.22-10.22.05:317][214]LogBlueprint:Warning: [compiler] Warning [0010.74] Compile of MyCharackter successful, but with 1 Warning(s) [in 5 ms]
[2014.04.22-10.22.05:470][214]LogEditorServer: Finished looking for orphan Actors (0.000 secs)
[2014.04.22-10.22.05:493][214]Cmd: MAP CHECKDEP
[2014.04.22-10.22.05:494][214]MapCheck: New page: MyTest - Apr 22, 2014, 4:22:05 PM
[2014.04.22-10.22.05:531][214]MapCheck: Info ========== Map Check: 0 Error(s), 0 Warning(s), [37.328ms] ==========
[2014.04.22-10.22.05:531][214]LogFileHelpers: Loading map 'MyTest' took 0.287
[2014.04.22-10.24.58:944][787]LogRenderer:Warning: Reallocating scene render targets to support 1200x672.
[2014.04.22-10.31.02:286][ 48]BlueprintLog: New page: Compile Untitled
[2014.04.22-10.31.02:366][ 48]LogActorComponent: UnregisterComponent: (/Engine/Transient.CharacterMovementComponent_0) Not registered. Aborting.
[2014.04.22-10.31.02:519][ 48]BlueprintEditorCompileResults: Info [0547.76] Compile of Untitled successful! [in 17 ms]
[2014.04.22-10.32.31:607][741]LogSavePackage: Save=205.087402ms
[2014.04.22-10.32.31:607][741]LogSavePackage: Moving 'C:/Users/v.boshchuk/Documents/Unreal Projects/MyProject/Saved//MyTest_Auto1421A4D774A28AB542E18D395361137EF.tmp' to 'C:/Users/v.boshchuk/Documents/Unreal Projects/MyProject/Saved/Autosaves/Game/Maps/MyTest_Auto1.umap'
[2014.04.22-10.32.31:616][741]LogFileHelpers: Editor autosave (incl. sublevels) for '/Game/Maps/MyTest' took 0.345
[2014.04.22-10.32.31:616][741]LogFileHelpers: Editor autosave (incl. sublevels) for all levels took 0.345
[2014.04.22-10.33.28:394][810]BlueprintLog: New page: Collapse to Function
[2014.04.22-10.33.37:667][127]BlueprintLog: New page: Compile Untitled
[2014.04.22-10.33.37:906][127]BlueprintEditorCompileResults: Info [0703.13] Compile of Untitled successful! [in 18 ms]
[2014.04.22-10.42.35:208][434]LogSavePackage: Save=219.880478ms
[2014.04.22-10.42.35:208][434]LogSavePackage: Moving 'C:/Users/v.boshchuk/Documents/Unreal Projects/MyProject/Saved//MyTest_Auto2105FF4884F2E1F99582BCDB0BA8062AD.tmp' to 'C:/Users/v.boshchuk/Documents/Unreal Projects/MyProject/Saved/Autosaves/Game/Maps/MyTest_Auto2.umap'
[2014.04.22-10.42.35:217][434]LogFileHelpers: Editor autosave (incl. sublevels) for '/Game/Maps/MyTest' took 0.343
[2014.04.22-10.42.35:217][434]LogFileHelpers: Editor autosave (incl. sublevels) for all levels took 0.343
[2014.04.22-10.50.07:085][400]BlueprintLog: New page: Compile Untitled
[2014.04.22-10.50.07:275][400]BlueprintEditorCompileResults: Info [1692.55] Compile of Untitled successful! [in 19 ms]
[2014.04.22-10.52.35:802][443]LogSavePackage: Save=223.078873ms
[2014.04.22-10.52.35:802][443]LogSavePackage: Moving 'C:/Users/v.boshchuk/Documents/Unreal Projects/MyProject/Saved//MyTest_Auto3C3DC08B9482C1A90B453FCBBD66D1BFC.tmp' to 'C:/Users/v.boshchuk/Documents/Unreal Projects/MyProject/Saved/Autosaves/Game/Maps/MyTest_Auto3.umap'
[2014.04.22-10.52.35:808][443]LogFileHelpers: Editor autosave (incl. sublevels) for '/Game/Maps/MyTest' took 0.339
[2014.04.22-10.52.35:809][443]LogFileHelpers: Editor autosave (incl. sublevels) for all levels took 0.339
[2014.04.22-11.02.36:414][694]LogSavePackage: Save=261.639160ms
[2014.04.22-11.02.36:414][694]LogSavePackage: Moving 'C:/Users/v.boshchuk/Documents/Unreal Projects/MyProject/Saved//MyTest_Auto4B04E13F747DF013930C789A125C72695.tmp' to 'C:/Users/v.boshchuk/Documents/Unreal Projects/MyProject/Saved/Autosaves/Game/Maps/MyTest_Auto4.umap'
[2014.04.22-11.02.36:421][694]LogFileHelpers: Editor autosave (incl. sublevels) for '/Game/Maps/MyTest' took 0.397
[2014.04.22-11.02.36:421][694]LogFileHelpers: Editor autosave (incl. sublevels) for all levels took 0.397
[2014.04.22-11.12.36:982][ 84]LogSavePackage: Save=207.043640ms
[2014.04.22-11.12.36:982][ 84]LogSavePackage: Moving 'C:/Users/v.boshchuk/Documents/Unreal Projects/MyProject/Saved//MyTest_Auto5AA66912F49963F2E157B4389472C449A.tmp' to 'C:/Users/v.boshchuk/Documents/Unreal Projects/MyProject/Saved/Autosaves/Game/Maps/MyTest_Auto5.umap'
[2014.04.22-11.12.36:988][ 84]LogFileHelpers: Editor autosave (incl. sublevels) for '/Game/Maps/MyTest' took 0.335
[2014.04.22-11.12.36:988][ 84]LogFileHelpers: Editor autosave (incl. sublevels) for all levels took 0.335
[2014.04.22-11.22.37:419][788]LogSavePackage: Save=210.227112ms
[2014.04.22-11.22.37:419][788]LogSavePackage: Moving 'C:/Users/v.boshchuk/Documents/Unreal Projects/MyProject/Saved//MyTest_Auto65034A61F450F7A3FD66D899BCDC85F00.tmp' to 'C:/Users/v.boshchuk/Documents/Unreal Projects/MyProject/Saved/Autosaves/Game/Maps/MyTest_Auto6.umap'
[2014.04.22-11.22.37:426][788]LogFileHelpers: Editor autosave (incl. sublevels) for '/Game/Maps/MyTest' took 0.343
[2014.04.22-11.22.37:426][788]LogFileHelpers: Editor autosave (incl. sublevels) for all levels took 0.343
[2014.04.22-11.32.38:042][790]LogSavePackage: Save=363.047821ms
[2014.04.22-11.32.38:043][790]LogSavePackage: Moving 'C:/Users/v.boshchuk/Documents/Unreal Projects/MyProject/Saved//MyTest_Auto7DCBF71E34E6BFF0749D1798A167AEB25.tmp' to 'C:/Users/v.boshchuk/Documents/Unreal Projects/MyProject/Saved/Autosaves/Game/Maps/MyTest_Auto7.umap'
[2014.04.22-11.32.38:052][790]LogFileHelpers: Editor autosave (incl. sublevels) for '/Game/Maps/MyTest' took 0.512
[2014.04.22-11.32.38:052][790]LogFileHelpers: Editor autosave (incl. sublevels) for all levels took 0.512
[2014.04.22-11.42.38:669][872]LogSavePackage: Save=194.552948ms
[2014.04.22-11.42.38:669][872]LogSavePackage: Moving 'C:/Users/v.boshchuk/Documents/Unreal Projects/MyProject/Saved//MyTest_Auto81F3C8F384D231A388B99CFAEFF5BB02D.tmp' to 'C:/Users/v.boshchuk/Documents/Unreal Projects/MyProject/Saved/Autosaves/Game/Maps/MyTest_Auto8.umap'
[2014.04.22-11.42.38:675][872]LogFileHelpers: Editor autosave (incl. sublevels) for '/Game/Maps/MyTest' took 0.312
[2014.04.22-11.42.38:675][872]LogFileHelpers: Editor autosave (incl. sublevels) for all levels took 0.312
[2014.04.22-11.50.26:577][195]BlueprintLog: New page: Compile Untitled
[2014.04.22-11.50.26:764][195]BlueprintEditorCompileResults: Info [5312.04] Compile of Untitled successful! [in 20 ms]
[2014.04.22-11.50.28:364][241]LogSavePackage: Save=212.414734ms
[2014.04.22-11.50.28:364][241]LogSavePackage: Moving 'C:/Users/v.boshchuk/Documents/Unreal Projects/MyProject/Saved//MyTestBF69D5A943938D8405BA23ACECED5DD2.tmp' to 'C:/Users/v.boshchuk/Documents/Unreal Projects/MyProject/Content/Maps/MyTest.umap'
[2014.04.22-11.50.28:394][241]LogFileHelpers: Saving map 'MyTest' took 0.454
[2014.04.22-11.50.33:527][650]LogParticles: Destroying 0 GPU particle simulations for FXSystem 0x0000005999085300
[2014.04.22-11.50.33:669][650]LogSavePackage: Save=92.827049ms
[2014.04.22-11.50.33:669][650]LogSavePackage: Moving 'C:/Users/v.boshchuk/Documents/Unreal Projects/MyProject/Saved//MyTest4E1F4FD54D30267C7BAD9E967F06B2A5.tmp' to 'C:/Users/v.boshchuk/Documents/Unreal Projects/MyProject/Content/Maps/MyTest.umap'
[2014.04.22-11.50.34:957][700]Cmd: QUIT_EDITOR
[2014.04.22-11.50.35:007][700]LogExit: Preparing to exit.
[2014.04.22-11.50.35:704][700]LogExit: Editor shut down
[2014.04.22-11.50.35:704][700]LogExit: Transaction tracking system shut down
[2014.04.22-11.50.35:705][700]LogParticles: Destroying 0 GPU particle simulations for FXSystem 0x00000059875CDEE0
[2014.04.22-11.50.35:727][700]LogParticles: Destroying 0 GPU particle simulations for FXSystem 0x0000005990C9C540
[2014.04.22-11.50.35:727][700]LogExit: Object subsystem successfully closed.
[2014.04.22-11.50.35:730][700]LogPhysics:Warning: PHYSX: ..\..\PhysX\src\NpScene.cpp (2861) 8 : PxScene::unlockWrite() called without matching call to PxScene::lockWrite(), behaviour will be undefined.
[2014.04.22-11.50.35:767][700]LogModuleManager: Shutting down and abandoning module DesktopPlatform (142)
[2014.04.22-11.50.35:767][700]LogModuleManager: Shutting down and abandoning module HTTP (141)
[2014.04.22-11.50.35:767][700]LogModuleManager: Shutting down and abandoning module CrashTracker (140)
[2014.04.22-11.50.35:767][700]LogModuleManager: Shutting down and abandoning module SceneOutliner (139)
[2014.04.22-11.50.35:767][700]LogModuleManager: Shutting down and abandoning module EditorWidgets (138)
[2014.04.22-11.50.35:767][700]LogModuleManager: Shutting down and abandoning module CollectionManager (137)
[2014.04.22-11.50.35:767][700]LogModuleManager: Shutting down and abandoning module StatsViewer (136)
[2014.04.22-11.50.35:767][700]LogModuleManager: Shutting down and abandoning module FoliageEdit (135)
[2014.04.22-11.50.35:767][700]LogModuleManager: Shutting down and abandoning module LandscapeEditor (134)
[2014.04.22-11.50.35:772][700]LogModuleManager: Shutting down and abandoning module MeshPaint (133)
[2014.04.22-11.50.35:772][700]LogModuleManager: Shutting down and abandoning module GeometryMode (132)
[2014.04.22-11.50.35:772][700]LogModuleManager: Shutting down and abandoning module TextureAlignMode (131)
[2014.04.22-11.50.35:772][700]LogModuleManager: Shutting down and abandoning module BspMode (130)
[2014.04.22-11.50.35:773][700]LogModuleManager: Shutting down and abandoning module PlacementMode (129)
[2014.04.22-11.50.35:773][700]LogModuleManager: Shutting down and abandoning module AutomationWorker (128)
[2014.04.22-11.50.35:773][700]LogModuleManager: Shutting down and abandoning module ViewportSnapping (127)
[2014.04.22-11.50.35:773][700]LogModuleManager: Shutting down and abandoning module GameplayTagsEditor (126)
[2014.04.22-11.50.35:773][700]LogModuleManager: Shutting down and abandoning module UserFeedback (125)
[2014.04.22-11.50.35:773][700]LogModuleManager: Shutting down and abandoning module XmlParser (124)
[2014.04.22-11.50.35:773][700]LogModuleManager: Shutting down and abandoning module OnlineBlueprintSupport (123)
[2014.04.22-11.50.35:773][700]LogModuleManager: Shutting down and abandoning module Blutility (122)
[2014.04.22-11.50.35:773][700]LogModuleManager: Shutting down and abandoning module IOSPlatformEditor (121)
[2014.04.22-11.50.35:773][700]LogModuleManager: Shutting down and abandoning module IOSRuntimeSettings (120)
[2014.04.22-11.50.35:773][700]LogModuleManager: Shutting down and abandoning module ProjectSettingsViewer (117)
[2014.04.22-11.50.35:773][700]LogModuleManager: Shutting down and abandoning module InputBindingEditor (116)
[2014.04.22-11.50.35:773][700]LogModuleManager: Shutting down and abandoning module EditorSettingsViewer (115)
[2014.04.22-11.50.35:774][700]LogModuleManager: Shutting down and abandoning module SettingsEditor (114)
[2014.04.22-11.50.35:774][700]LogModuleManager: Shutting down and abandoning module SessionLauncher (113)
[2014.04.22-11.50.35:774][700]LogModuleManager: Shutting down and abandoning module SessionFrontend (112)
[2014.04.22-11.50.35:774][700]LogModuleManager: Shutting down and abandoning module ProfilerClient (111)
[2014.04.22-11.50.35:774][700]LogModuleManager: Shutting down and abandoning module TargetDeviceServices (110)
[2014.04.22-11.50.35:774][700]LogModuleManager: Shutting down and abandoning module DeviceManager (109)
[2014.04.22-11.50.35:774][700]LogModuleManager: Shutting down and abandoning module AutomationController (108)
[2014.04.22-11.50.35:774][700]LogModuleManager: Shutting down and abandoning module AutomationWindow (107)
[2014.04.22-11.50.35:774][700]LogModuleManager: Shutting down and abandoning module Layers (106)
[2014.04.22-11.50.35:774][700]LogModuleManager: Shutting down and abandoning module ComponentVisualizers (105)
[2014.04.22-11.50.35:774][700]LogModuleManager: Shutting down and abandoning module DetailCustomizations (104)
[2014.04.22-11.50.35:774][700]LogModuleManager: Shutting down and abandoning module PreferencesEditor (103)
[2014.04.22-11.50.35:774][700]LogModuleManager: Shutting down and abandoning module PackagesDialog (102)
[2014.04.22-11.50.35:774][700]LogModuleManager: Shutting down and abandoning module DirectoryWatcher (101)
[2014.04.22-11.50.35:775][700]LogModuleManager: Shutting down and abandoning module AssetRegistry (100)
[2014.04.22-11.50.35:780][700]LogModuleManager: Shutting down and abandoning module Persona (99)
[2014.04.22-11.50.35:780][700]LogModuleManager: Shutting down and abandoning module GraphEditor (98)
[2014.04.22-11.50.35:780][700]LogModuleManager: Shutting down and abandoning module ContentBrowser (97)
[2014.04.22-11.50.35:780][700]LogModuleManager: Shutting down and abandoning module ClassViewer (96)
[2014.04.22-11.50.35:780][700]LogModuleManager: Shutting down and abandoning module Toolbox (95)
[2014.04.22-11.50.35:780][700]LogModuleManager: Shutting down and abandoning module ModuleUI (94)
[2014.04.22-11.50.35:780][700]LogModuleManager: Shutting down and abandoning module Sequencer (93)
[2014.04.22-11.50.35:780][700]LogModuleManager: Shutting down and abandoning module AssetTools (92)
[2014.04.22-11.50.35:781][700]LogModuleManager: Shutting down and abandoning module MovieSceneTools (91)
[2014.04.22-11.50.35:781][700]LogModuleManager: Shutting down and abandoning module OutputLog (90)
[2014.04.22-11.50.35:781][700]LogModuleManager: Shutting down and abandoning module GammaUI (89)
[2014.04.22-11.50.35:781][700]LogModuleManager: Shutting down and abandoning module Documentation (88)
[2014.04.22-11.50.35:781][700]LogModuleManager: Shutting down and abandoning module ProfilerService (87)
[2014.04.22-11.50.35:842][700]LogModuleManager: Shutting down and abandoning module TaskGraph (86)
[2014.04.22-11.50.35:842][700]LogModuleManager: Shutting down and abandoning module GameProjectGeneration (85)
[2014.04.22-11.50.35:842][700]LogModuleManager: Shutting down and abandoning module Matinee (84)
[2014.04.22-11.50.35:842][700]LogModuleManager: Shutting down and abandoning module Kismet (83)
[2014.04.22-11.50.35:842][700]LogModuleManager: Shutting down and abandoning module LevelEditor (82)
[2014.04.22-11.50.35:842][700]LogModuleManager: Shutting down and abandoning module MainFrame (81)
[2014.04.22-11.50.35:842][700]LogModuleManager: Shutting down and abandoning module SourceControl (80)
[2014.04.22-11.50.35:842][700]LogModuleManager: Shutting down and abandoning module ImageWrapper (79)
[2014.04.22-11.50.35:843][700]LogModuleManager: Shutting down and abandoning module FunctionalTesting (78)
[2014.04.22-11.50.35:843][700]LogModuleManager: Shutting down and abandoning module CollisionAnalyzer (77)
[2014.04.22-11.50.35:843][700]LogModuleManager: Shutting down and abandoning module WorkspaceMenuStructure (76)
[2014.04.22-11.50.35:843][700]LogModuleManager: Shutting down and abandoning module MessageLog (75)
[2014.04.22-11.50.35:843][700]LogModuleManager: Shutting down and abandoning module Slate (74)
[2014.04.22-11.50.35:843][700]LogModuleManager: Shutting down and abandoning module EditorStyle (73)
[2014.04.22-11.50.35:844][700]LogModuleManager: Shutting down and abandoning module SessionServices (72)
[2014.04.22-11.50.35:844][700]LogModuleManager: Shutting down and abandoning module VSAccessor (71)
[2014.04.22-11.50.35:844][700]LogModuleManager: Shutting down and abandoning module HeadMountedDisplay (70)
[2014.04.22-11.50.35:844][700]LogModuleManager: Shutting down and abandoning module XAudio2 (69)
[2014.04.22-11.50.35:844][700]LogModuleManager: Shutting down and abandoning module Networking (68)
[2014.04.22-11.50.35:844][700]LogModuleManager: Shutting down and abandoning module Core (67)
[2014.04.22-11.50.35:844][700]LogModuleManager: Shutting down and abandoning module KismetCompiler (66)
[2014.04.22-11.50.35:844][700]LogModuleManager: Shutting down and abandoning module PhysXFormats (65)
[2014.04.22-11.50.35:844][700]LogModuleManager: Shutting down and abandoning module MeshUtilities (64)
[2014.04.22-11.50.35:844][700]LogModuleManager: Shutting down and abandoning module DerivedDataCache (63)
[2014.04.22-11.50.35:905][700]LogDerivedDataCache: Shutdown
[2014.04.22-11.50.35:905][700]LogModuleManager: Shutting down and abandoning module ShaderFormatOpenGL (62)
[2014.04.22-11.50.35:905][700]LogModuleManager: Shutting down and abandoning module ShaderFormatD3D (61)
[2014.04.22-11.50.35:905][700]LogModuleManager: Shutting down and abandoning module TextureFormatUncompressed (60)
[2014.04.22-11.50.35:905][700]LogModuleManager: Shutting down and abandoning module TextureFormatPVR (59)
[2014.04.22-11.50.35:905][700]LogModuleManager: Shutting down and abandoning module TextureFormatDXT (58)
[2014.04.22-11.50.35:905][700]LogModuleManager: Shutting down and abandoning module AudioFormatOgg (57)
[2014.04.22-11.50.35:905][700]LogModuleManager: Shutting down and abandoning module AudioFormatADPCM (56)
[2014.04.22-11.50.35:905][700]LogModuleManager: Shutting down and abandoning module Messaging (55)
[2014.04.22-11.50.35:905][700]LogModuleManager: Shutting down and abandoning module IOSTargetPlatform (54)
[2014.04.22-11.50.35:905][700]LogModuleManager: Shutting down and abandoning module PropertyEditor (53)
[2014.04.22-11.50.35:905][700]LogModuleManager: Shutting down and abandoning module WindowsTargetPlatform (52)
[2014.04.22-11.50.35:905][700]LogModuleManager: Shutting down and abandoning module WindowsServerTargetPlatform (51)
[2014.04.22-11.50.35:905][700]LogModuleManager: Shutting down and abandoning module WindowsNoEditorTargetPlatform (50)
[2014.04.22-11.50.35:905][700]LogModuleManager: Shutting down and abandoning module WindowsClientTargetPlatform (49)
[2014.04.22-11.50.35:905][700]LogModuleManager: Shutting down and abandoning module TargetPlatform (48)
[2014.04.22-11.50.35:905][700]LogModuleManager: Shutting down and abandoning module InputCore (46)
[2014.04.22-11.50.35:905][700]LogModuleManager: Shutting down and abandoning module Settings (45)
[2014.04.22-11.50.35:905][700]LogModuleManager: Shutting down and abandoning module TextureCompressor (42)
[2014.04.22-11.50.35:905][700]LogModuleManager: Shutting down and abandoning module ShaderCore (41)
[2014.04.22-11.50.35:905][700]LogModuleManager: Shutting down and abandoning module OpenGLDrv (40)
[2014.04.22-11.50.35:905][700]LogModuleManager: Shutting down and abandoning module D3D11RHI (39)
[2014.04.22-11.50.35:905][700]LogModuleManager: Shutting down and abandoning module SlateRHIRenderer (38)
[2014.04.22-11.50.35:905][700]LogModuleManager: Shutting down and abandoning module Renderer (37)
[2014.04.22-11.50.35:905][700]LogModuleManager: Shutting down and abandoning module Engine (36)
[2014.04.22-11.50.35:905][700]LogModuleManager: Shutting down and abandoning module WindowsMoviePlayer (35)
[2014.04.22-11.50.35:907][700]LogModuleManager: Shutting down and abandoning module ExampleDeviceProfileSelector (30)
[2014.04.22-11.50.35:907][700]LogModuleManager: Shutting down and abandoning module CustomMeshComponent (29)
[2014.04.22-11.50.35:907][700]LogModuleManager: Shutting down and abandoning module CableComponent (28)
[2014.04.22-11.50.35:907][700]LogModuleManager: Shutting down and abandoning module OculusRift (25)
[2014.04.22-11.50.35:907][700]LogModuleManager: Shutting down and abandoning module UdpMessaging (24)
[2014.04.22-11.50.36:008][700]LogModuleManager: Shutting down and abandoning module MessagingDebugger (23)
[2014.04.22-11.50.36:008][700]LogModuleManager: Shutting down and abandoning module PluginsEditor (12)
[2014.04.22-11.50.36:008][700]LogModuleManager: Shutting down and abandoning module IntroTutorials (11)
[2014.04.22-11.50.36:008][700]LogModuleManager: Shutting down and abandoning module EpicSurvey (10)
[2014.04.22-11.50.36:008][700]LogModuleManager: Shutting down and abandoning module UObjectPlugin (9)
[2014.04.22-11.50.36:008][700]LogModuleManager: Shutting down and abandoning module SubversionSourceControl (8)
[2014.04.22-11.50.36:008][700]LogModuleManager: Shutting down and abandoning module PerforceSourceControl (7)
[2014.04.22-11.50.36:008][700]LogModuleManager: Shutting down and abandoning module BlankPlugin (6)
[2014.04.22-11.50.36:008][700]LogModuleManager: Shutting down and abandoning module CoreUObject (5)
[2014.04.22-11.50.36:008][700]LogModuleManager: Shutting down and abandoning module NetworkFile (4)
[2014.04.22-11.50.36:008][700]LogModuleManager: Shutting down and abandoning module StreamingFile (3)
[2014.04.22-11.50.36:008][700]LogModuleManager: Shutting down and abandoning module SandboxFile (2)
[2014.04.22-11.50.36:008][700]LogModuleManager: Shutting down and abandoning module PakFile (1)
[2014.04.22-11.50.36:008][700]LogExit: Exiting.
[2014.04.22-11.50.36:009][700]Log file closed, 04/22/14 14:50:36
