Log file open, 04/15/14 14:04:54
LogInit:Display: Running engine for game: MyProject
LogInit: Version: 4.1.0-0+UE4
LogInit: Compiled (64-bit): Apr  8 2014 22:36:54
LogInit: Build Configuration: Development
LogInit: Branch Name: UE4
LogInit: Command line: 
LogInit: Base directory: D:/UnrealEngine-4.1.0/Engine/Binaries/Win64/
[2014.04.15-11.04.54:197][  0]LogTaskGraph: Started task graph with 3 named threads and 4 total threads.
[2014.04.15-11.04.54:238][  0]LogOnline:Warning: No default platform service specified for OnlineSubsystem
[2014.04.15-11.04.54:245][  0]LogInit: Presizing for 0 objects not considered by GC, pre-allocating 0 bytes.
[2014.04.15-11.04.54:251][  0]LogInit: Object subsystem initialized
[2014.04.15-11.04.54:253][  0]LogInit: Selected Device Profile: [Windows]
[2014.04.15-11.04.54:253][  0]LogInit: Applying CVar settings loaded from the selected device profile: [Windows]
[2014.04.15-11.04.54:260][  0]LogInit: Computer: BOSHCHUKV
[2014.04.15-11.04.54:260][  0]LogInit: User: vboshchuk
[2014.04.15-11.04.54:260][  0]LogInit: CPU Page size=4096, Cores=2
[2014.04.15-11.04.54:260][  0]LogInit: High frequency timer resolution =3.215351 MHz
[2014.04.15-11.04.54:260][  0]LogInit: Memory total: Physical=15.9GB (16GB approx) Pagefile=8176.1GB Virtual=8192.0GB
[2014.04.15-11.04.54:271][  0]LogD3D11RHI: Found D3D11 adapter 0: Intel(R) HD Graphics 4000 (Feature Level 11_0)
[2014.04.15-11.04.54:271][  0]LogD3D11RHI: Adapter has 32MB of dedicated video memory, 0MB of dedicated system memory, and 1632MB of shared system memory
[2014.04.15-11.04.54:271][  0]LogD3D11RHI: Found D3D11 adapter 1: Microsoft Basic Render Driver (Feature Level 11_0)
[2014.04.15-11.04.54:271][  0]LogD3D11RHI: Adapter has 0MB of dedicated video memory, 0MB of dedicated system memory, and 256MB of shared system memory
[2014.04.15-11.04.54:271][  0]LogD3D11RHI: Chosen D3D11 Adapter Id = 1
[2014.04.15-11.04.54:276][  0]LogRHI: Texture pool is 1361 MB (70% of 1945 MB)
[2014.04.15-11.04.54:277][  0]LogD3D11RHI: Async texture creation disabled: no driver support
[2014.04.15-11.04.54:330][  0]LogTextLocalizationManager:Warning: Loading localization resources contain conflicting entries for (Namespace:UICommands, Key:ToggleRealtime_ToolTip):
Resource: (D:/UnrealEngine-4.1.0/Engine/Content/Localization/Editor/en/Editor.locres) Hash: (-291638278) String: (Toggle Realtime)
Resource: (D:/UnrealEngine-4.1.0/Engine/Content/Localization/Editor/en/Editor.locres) Hash: (-1913389001) String: (Toggles real time rendering in this viewport)
[2014.04.15-11.04.54:348][  0]LogContentStreaming: Texture pool size is 0.000000MB
[2014.04.15-11.04.54:369][  0]LogInit: WinSock: version 1.1 (2.2), MaxSocks=32767, MaxUdp=65467
[2014.04.15-11.04.54:949][  0]LogTargetPlatformManager:Display: Building Assets For Windows
[2014.04.15-11.04.55:029][  0]LogTargetPlatformManager:Display: Building Assets For Windows
[2014.04.15-11.04.55:062][  0]LogDerivedDataCache:Display: Max Cache Size: 512 MB
[2014.04.15-11.04.56:942][  0]LogDerivedDataCache: Loaded boot cache 1.88s 58MB C:/Users/v.boshchuk/Documents/Unreal Projects/MyProject/DerivedDataCache/Boot.ddc.
[2014.04.15-11.04.56:942][  0]LogDerivedDataCache:Display: Loaded Boot cache: C:/Users/v.boshchuk/Documents/Unreal Projects/MyProject/DerivedDataCache/Boot.ddc
[2014.04.15-11.04.56:942][  0]LogDerivedDataCache: FDerivedDataBackendGraph:  Pak pak cache file C:/Users/v.boshchuk/Documents/Unreal Projects/MyProject/DerivedDataCache/DDC.ddp not found, will not use a pak cache.
[2014.04.15-11.04.56:942][  0]LogDerivedDataCache: Unable to find inner node Pak for hierarchical cache Hierarchy.
[2014.04.15-11.04.56:942][  0]LogDerivedDataCache: FDerivedDataBackendGraph:  EnginePak pak cache file ../../../Engine/DerivedDataCache/DDC.ddp not found, will not use a pak cache.
[2014.04.15-11.04.56:942][  0]LogDerivedDataCache: Unable to find inner node EnginePak for hierarchical cache Hierarchy.
[2014.04.15-11.04.56:954][  0]LogDerivedDataCache: Using Local data cache path ../../../Engine/DerivedDataCache: Writable
[2014.04.15-11.04.56:954][  0]LogDerivedDataCache:Warning: Fail to write to //epicgames.net/root/UE4DDC, derived data cache to this directory will be read only.
[2014.04.15-11.04.56:954][  0]LogDerivedDataCache:Warning: Shared data cache path was not usable, will not use it.
[2014.04.15-11.04.56:954][  0]LogDerivedDataCache: Unable to find inner node Shared for hierarchical cache Hierarchy.
[2014.04.15-11.04.57:100][  0]LogMeshUtilities: No automatic mesh reduction module available
[2014.04.15-11.04.57:100][  0]LogMeshUtilities: No automatic mesh merging module available
[2014.04.15-11.04.57:283][  0]LogEnum:Warning: Enum Text 1 for Enum ECustomDepth failed to resolve to any value
[2014.04.15-11.04.57:283][  0]LogEnum:Warning: Enum Text 3 for Enum EEarlyZPass failed to resolve to any value
[2014.04.15-11.04.57:283][  0]LogEnum:Warning: Enum Text 1 for Enum EClearSceneOptions failed to resolve to any value
[2014.04.15-11.04.57:283][  0]LogEnum:Warning: Enum Text 4 for Enum ECompositingSampleCount failed to resolve to any value
[2014.04.15-11.04.57:796][  0]UdpMessaging: Initializing bridge on interface 0.0.0.0:0 to multicast group 230.0.0.1:6666.
[2014.04.15-11.04.57:871][  0]SourceControl: Info Source control is disabled
[2014.04.15-11.04.57:871][  0]SourceControl: Info Source control is disabled
[2014.04.15-11.04.57:876][  0]SourceControl: Info Source control is disabled
[2014.04.15-11.04.57:949][  0]BlueprintLog: New page: Editor Load
[2014.04.15-11.04.57:975][  0]LogObj: 18591 objects as part of root set at end of initial load.
[2014.04.15-11.04.57:975][  0]LogUObjectAllocator: 3700024 out of 0 bytes used by permanent object pool.
[2014.04.15-11.04.58:154][  0]LogAutomationTest:Warning: Loading localization resources contain conflicting entries for (Namespace:UICommands, Key:ToggleRealtime_ToolTip):
Resource: (D:/UnrealEngine-4.1.0/Engine/Content/Localization/Editor/en/Editor.locres) Hash: (-291638278) String: (Toggle Realtime)
Resource: (D:/UnrealEngine-4.1.0/Engine/Content/Localization/Editor/en/Editor.locres) Hash: (-1913389001) String: (Toggles real time rendering in this viewport)
[2014.04.15-11.04.58:154][  0]LogAutomationTest:Warning: Loading localization resources contain conflicting entries for (Namespace:UICommands, Key:ToggleRealtime_ToolTip):
Resource: (D:/UnrealEngine-4.1.0/Engine/Content/Localization/Editor/en/Editor.locres) Hash: (-291638278) String: (Toggle Realtime)
Resource: (D:/UnrealEngine-4.1.0/Engine/Content/Localization/Editor/en/Editor.locres) Hash: (-1913389001) String: (Toggles real time rendering in this viewport)
[2014.04.15-11.04.58:154][  0]LogAutomationTest:Warning: Loading localization resources contain conflicting entries for (Namespace:UICommands, Key:ToggleRealtime_ToolTip):
Resource: (D:/UnrealEngine-4.1.0/Engine/Content/Localization/Editor/en/Editor.locres) Hash: (-291638278) String: (Toggle Realtime)
Resource: (D:/UnrealEngine-4.1.0/Engine/Content/Localization/Editor/en/Editor.locres) Hash: (-1913389001) String: (Toggles real time rendering in this viewport)
[2014.04.15-11.04.58:154][  0]LogEngine: Initializing Engine...
[2014.04.15-11.04.58:244][  0]LogInit: XAudio2 using 'Speakers (2- High Definition Audio Device)' : 2 channels at 44.1 kHz using 16 bits per sample (channel mask 0x3)
[2014.04.15-11.04.58:255][  0]LogInit: FAudioDevice initialized.
[2014.04.15-11.04.58:275][  0]LogDerivedDataCache: Saved boot cache 0.02s 38MB C:/Users/v.boshchuk/Documents/Unreal Projects/MyProject/DerivedDataCache/Boot.ddc.
[2014.04.15-11.04.58:278][  0]LogInit: Texture streaming: Enabled
[2014.04.15-11.04.58:311][  0]LogInit: Transaction tracking system initialized
[2014.04.15-11.04.58:396][  0]LogAssetRegistry: FAssetRegistry took 0.0111 seconds to start up
[2014.04.15-11.04.58:504][  0]LogModuleManager:Warning: ModuleManager: Unable to load module '' because the file was not found.
[2014.04.15-11.04.58:508][  0]LogModuleManager:Warning: ModuleManager: Unable to load module '' because the file was not found.
[2014.04.15-11.04.58:586][  0]LogConsoleResponse:Display: 
[2014.04.15-11.04.58:856][  0]SourceControl: Info Source control is disabled
[2014.04.15-11.04.58:856][  0]Cmd: MAP LOAD FILE="C:/Users/v.boshchuk/Documents/Unreal Projects/MyProject/Content/Maps/Minimal_Default.umap" TEMPLATE=0 SHOWPROGRESS=1 WORLDCOMPOSITION=0
[2014.04.15-11.04.58:995][  0]LightingResults: New page: Lighting Build
[2014.04.15-11.04.59:001][  0]MapCheck: New page: Map Check
[2014.04.15-11.04.59:001][  0]LightingResults: New page: Lighting Build
[2014.04.15-11.04.59:015][  0]LogParticles: Destroying 0 GPU particle simulations for FXSystem 0x0000005AFBCCD4E0
[2014.04.15-11.05.02:560][  0]LogEditorServer: Finished looking for orphan Actors (0.000 secs)
[2014.04.15-11.05.02:580][  0]Cmd: MAP CHECKDEP
[2014.04.15-11.05.02:580][  0]MapCheck: New page: Minimal_Default - Apr 15, 2014, 5:05:02 PM
[2014.04.15-11.05.02:615][  0]MapCheck: Info ========== Map Check: 0 Error(s), 0 Warning(s), [34.498ms] ==========
[2014.04.15-11.05.02:615][  0]LogFileHelpers: Loading map 'Minimal_Default' took 3.759
[2014.04.15-11.05.03:007][  0]LogCollectionManager: Loaded 0 collections in 0.000789 seconds
[2014.04.15-11.05.04:574][  0]LogCrashTracker: Crashtracker disabled due to settings.
[2014.04.15-11.05.04:616][  0]Cmd: MODE PLACEMENT
[2014.04.15-11.05.04:844][  0]LogInit: Using libcurl 7.34.0
[2014.04.15-11.05.04:844][  0]LogInit:  - built for x86_64-pc-win32
[2014.04.15-11.05.04:844][  0]LogInit:  - supports SSL with WinSSL
[2014.04.15-11.05.04:844][  0]LogInit:  - other features:
[2014.04.15-11.05.04:844][  0]LogInit:      CURL_VERSION_SSL
[2014.04.15-11.05.04:844][  0]LogInit:      CURL_VERSION_ASYNCHDNS
[2014.04.15-11.05.04:844][  0]LogInit:      CURL_VERSION_LARGEFILE
[2014.04.15-11.05.04:844][  0]LogInit:      CURL_VERSION_IDN
[2014.04.15-11.05.04:844][  0]LogInit: Libcurl will NOT reuse connections
[2014.04.15-11.05.04:879][  0]LogLoad: Full Startup: 11.40 seconds (BP compile: 0.09 seconds)
[2014.04.15-11.05.04:889][  0]LogContentBrowser:Verbose: The content browser source was changed by the sources view to '/Game/Blueprints'
[2014.04.15-11.05.05:791][  0]LogRenderer:Warning: Reallocating scene render targets to support 32x32.
[2014.04.15-11.05.06:271][  0]LogRenderer:Warning: Reallocating scene render targets to support 784x896.
[2014.04.15-11.05.06:727][  1]LogEpicSurvey:Warning: EnumerateFiles request failed. Invalid response. code=403 error=<?xml version="1.0" encoding="UTF-8"?>
<Error><Code>AccessDenied</Code><Message>Access Denied</Message><RequestId>4DF9CAC930124F51</RequestId><HostId>517RNazn0V9+iFXdqE7hQZFKkMFQ6mSAWK0+TXKou/4YOTXe6hk7Moidh6J2z+zP</HostId></Error>
[2014.04.15-11.05.06:755][  1]LogAssetRegistry: Asset discovery search completed in 8.3710 seconds
[2014.04.15-11.05.07:494][  3]LogEpicSurvey:Warning: EnumerateFiles request failed. Invalid response. code=403 error=<?xml version="1.0" encoding="UTF-8"?>
<Error><Code>AccessDenied</Code><Message>Access Denied</Message><RequestId>9409C28F26B8B75F</RequestId><HostId>6eYMXurI43GqXm0Vunwy7vOXfyiFIa5XHsjDHDYtYQVn2pZ3mdOlH8Kz7/zC63Hh</HostId></Error>
[2014.04.15-11.05.08:209][  4]LogEpicSurvey:Warning: EnumerateFiles request failed. Invalid response. code=403 error=<?xml version="1.0" encoding="UTF-8"?>
<Error><Code>AccessDenied</Code><Message>Access Denied</Message><RequestId>1B2C6D260457C16E</RequestId><HostId>w5DgOuN9qcoIUQnA5t7Fd412aM11TkQljw7jTXIEch88M92FjPioSIR5nKMmpRUC</HostId></Error>
[2014.04.15-12.04.25:248][274]LogActorComponent: UnregisterComponent: (/Engine/Transient.ProjectileMovementComponent_0) Not registered. Aborting.
[2014.04.15-12.04.25:305][274]Cmd: MAP LOAD FILE="C:/Users/v.boshchuk/Documents/Unreal Projects/MyProject/Content/Maps/MyTest.umap" TEMPLATE=0 SHOWPROGRESS=1 WORLDCOMPOSITION=0
[2014.04.15-12.04.25:366][274]LightingResults: New page: Lighting Build
[2014.04.15-12.04.25:367][274]Cmd: MODE PLACEMENT
[2014.04.15-12.04.25:389][274]LoadErrors: New page: Loading map: MyTest.umap
[2014.04.15-12.04.25:476][274]MapCheck: New page: Map Check
[2014.04.15-12.04.25:476][274]LightingResults: New page: Lighting Build
[2014.04.15-12.04.25:492][274]LogParticles: Destroying 0 GPU particle simulations for FXSystem 0x0000005AF8A46840
[2014.04.15-12.04.25:940][274]LogEditorServer: Finished looking for orphan Actors (0.000 secs)
[2014.04.15-12.04.25:961][274]Cmd: MAP CHECKDEP
[2014.04.15-12.04.25:961][274]MapCheck: New page: MyTest - Apr 15, 2014, 6:04:25 PM
[2014.04.15-12.04.26:337][274]MapCheck: Info ========== Map Check: 0 Error(s), 0 Warning(s), [376.722ms] ==========
[2014.04.15-12.04.26:337][274]LogFileHelpers: Loading map 'MyTest' took 1.033
[2014.04.15-12.04.34:654][292]LogActorComponent: UnregisterComponent: (/Engine/Transient.CharacterMovementComponent_0) Not registered. Aborting.
[2014.04.15-12.04.34:654][292]LogActorComponent: UnregisterComponent: (/Engine/Transient.ProjectileMovementComponent_1) Not registered. Aborting.
[2014.04.15-12.04.35:642][293]Cmd: QUIT_EDITOR
[2014.04.15-12.04.35:699][293]LogWindowsTextInputMethodSystem:Error: Terminating failed while unadvising the language notification sink from the TSF source.
[2014.04.15-12.04.35:700][293]LogExit: Preparing to exit.
[2014.04.15-12.04.36:305][293]LogActorComponent: UnregisterComponent: (None.None) Not registered. Aborting.
[2014.04.15-12.04.36:305][293]LogActorComponent: UnregisterComponent: (None.None) Not registered. Aborting.
[2014.04.15-12.04.36:305][293]LogActorComponent: UnregisterComponent: (None.None) Not registered. Aborting.
[2014.04.15-12.04.36:305][293]LogActorComponent: UnregisterComponent: (None.None) Not registered. Aborting.
[2014.04.15-12.04.36:305][293]LogActorComponent: UnregisterComponent: (None.None) Not registered. Aborting.
[2014.04.15-12.04.36:305][293]LogActorComponent: UnregisterComponent: (None.None) Not registered. Aborting.
[2014.04.15-12.04.36:309][293]LogExit: Editor shut down
[2014.04.15-12.04.36:310][293]LogExit: Transaction tracking system shut down
[2014.04.15-12.04.36:310][293]LogParticles: Destroying 0 GPU particle simulations for FXSystem 0x0000005AFC25B7E0
[2014.04.15-12.04.36:310][293]LogParticles: Destroying 0 GPU particle simulations for FXSystem 0x0000005AF5D9ADE0
[2014.04.15-12.04.36:311][293]LogParticles: Destroying 0 GPU particle simulations for FXSystem 0x0000005A84F41800
[2014.04.15-12.04.36:329][293]LogExit: Object subsystem successfully closed.
[2014.04.15-12.04.36:368][293]LogModuleManager: Shutting down and abandoning module HTTP (144)
[2014.04.15-12.04.36:419][293]LogModuleManager: Shutting down and abandoning module CrashTracker (143)
[2014.04.15-12.04.36:419][293]LogModuleManager: Shutting down and abandoning module SceneOutliner (142)
[2014.04.15-12.04.36:419][293]LogModuleManager: Shutting down and abandoning module EditorWidgets (141)
[2014.04.15-12.04.36:419][293]LogModuleManager: Shutting down and abandoning module CollectionManager (140)
[2014.04.15-12.04.36:434][293]LogModuleManager: Shutting down and abandoning module StatsViewer (139)
[2014.04.15-12.04.36:434][293]LogModuleManager: Shutting down and abandoning module FoliageEdit (138)
[2014.04.15-12.04.36:434][293]LogModuleManager: Shutting down and abandoning module LandscapeEditor (137)
[2014.04.15-12.04.36:438][293]LogModuleManager: Shutting down and abandoning module MeshPaint (136)
[2014.04.15-12.04.36:438][293]LogModuleManager: Shutting down and abandoning module GeometryMode (135)
[2014.04.15-12.04.36:438][293]LogModuleManager: Shutting down and abandoning module TextureAlignMode (134)
[2014.04.15-12.04.36:438][293]LogModuleManager: Shutting down and abandoning module BspMode (133)
[2014.04.15-12.04.36:438][293]LogModuleManager: Shutting down and abandoning module PlacementMode (132)
[2014.04.15-12.04.36:438][293]LogModuleManager: Shutting down and abandoning module AutomationWorker (131)
[2014.04.15-12.04.36:438][293]LogModuleManager: Shutting down and abandoning module ViewportSnapping (130)
[2014.04.15-12.04.36:438][293]LogModuleManager: Shutting down and abandoning module DeviceProfileEditor (129)
[2014.04.15-12.04.36:438][293]LogModuleManager: Shutting down and abandoning module UndoHistory (128)
[2014.04.15-12.04.36:438][293]LogModuleManager: Shutting down and abandoning module GameplayTagsEditor (127)
[2014.04.15-12.04.36:438][293]LogModuleManager: Shutting down and abandoning module UserFeedback (126)
[2014.04.15-12.04.36:438][293]LogModuleManager: Shutting down and abandoning module XmlParser (125)
[2014.04.15-12.04.36:438][293]LogModuleManager: Shutting down and abandoning module OnlineBlueprintSupport (124)
[2014.04.15-12.04.36:439][293]LogModuleManager: Shutting down and abandoning module Blutility (123)
[2014.04.15-12.04.36:439][293]LogModuleManager: Shutting down and abandoning module IOSPlatformEditor (122)
[2014.04.15-12.04.36:439][293]LogModuleManager: Shutting down and abandoning module IOSRuntimeSettings (121)
[2014.04.15-12.04.36:439][293]LogModuleManager: Shutting down and abandoning module ProjectSettingsViewer (118)
[2014.04.15-12.04.36:439][293]LogModuleManager: Shutting down and abandoning module InputBindingEditor (117)
[2014.04.15-12.04.36:439][293]LogModuleManager: Shutting down and abandoning module EditorSettingsViewer (116)
[2014.04.15-12.04.36:439][293]LogModuleManager: Shutting down and abandoning module SettingsEditor (115)
[2014.04.15-12.04.36:439][293]LogModuleManager: Shutting down and abandoning module SessionLauncher (114)
[2014.04.15-12.04.36:439][293]LogModuleManager: Shutting down and abandoning module SessionFrontend (113)
[2014.04.15-12.04.36:439][293]LogModuleManager: Shutting down and abandoning module ProfilerClient (112)
[2014.04.15-12.04.36:439][293]LogModuleManager: Shutting down and abandoning module TargetDeviceServices (111)
[2014.04.15-12.04.36:439][293]LogModuleManager: Shutting down and abandoning module DeviceManager (110)
[2014.04.15-12.04.36:439][293]LogModuleManager: Shutting down and abandoning module AutomationController (109)
[2014.04.15-12.04.36:439][293]LogModuleManager: Shutting down and abandoning module AutomationWindow (108)
[2014.04.15-12.04.36:439][293]LogModuleManager: Shutting down and abandoning module Layers (107)
[2014.04.15-12.04.36:439][293]LogModuleManager: Shutting down and abandoning module ComponentVisualizers (106)
[2014.04.15-12.04.36:439][293]LogModuleManager: Shutting down and abandoning module DetailCustomizations (105)
[2014.04.15-12.04.36:439][293]LogModuleManager: Shutting down and abandoning module PackagesDialog (104)
[2014.04.15-12.04.36:439][293]LogModuleManager: Shutting down and abandoning module PropertyEditor (103)
[2014.04.15-12.04.36:439][293]LogModuleManager: Shutting down and abandoning module DirectoryWatcher (102)
[2014.04.15-12.04.36:440][293]LogModuleManager: Shutting down and abandoning module AssetRegistry (101)
[2014.04.15-12.04.36:515][293]LogModuleManager: Shutting down and abandoning module Persona (100)
[2014.04.15-12.04.36:515][293]LogModuleManager: Shutting down and abandoning module GraphEditor (99)
[2014.04.15-12.04.36:516][293]LogModuleManager: Shutting down and abandoning module ContentBrowser (98)
[2014.04.15-12.04.36:516][293]LogModuleManager: Shutting down and abandoning module ClassViewer (97)
[2014.04.15-12.04.36:516][293]LogModuleManager: Shutting down and abandoning module Toolbox (96)
[2014.04.15-12.04.36:516][293]LogModuleManager: Shutting down and abandoning module ModuleUI (95)
[2014.04.15-12.04.36:516][293]LogModuleManager: Shutting down and abandoning module Sequencer (94)
[2014.04.15-12.04.36:516][293]LogModuleManager: Shutting down and abandoning module AssetTools (93)
[2014.04.15-12.04.36:516][293]LogModuleManager: Shutting down and abandoning module MovieSceneTools (92)
[2014.04.15-12.04.36:516][293]LogModuleManager: Shutting down and abandoning module OutputLog (91)
[2014.04.15-12.04.36:516][293]LogModuleManager: Shutting down and abandoning module GammaUI (90)
[2014.04.15-12.04.36:516][293]LogModuleManager: Shutting down and abandoning module Documentation (89)
[2014.04.15-12.04.36:516][293]LogModuleManager: Shutting down and abandoning module DesktopPlatform (88)
[2014.04.15-12.04.36:516][293]LogModuleManager: Shutting down and abandoning module ProfilerService (87)
[2014.04.15-12.04.36:538][293]LogModuleManager: Shutting down and abandoning module TaskGraph (86)
[2014.04.15-12.04.36:538][293]LogModuleManager: Shutting down and abandoning module GameProjectGeneration (85)
[2014.04.15-12.04.36:538][293]LogModuleManager: Shutting down and abandoning module Matinee (84)
[2014.04.15-12.04.36:538][293]LogModuleManager: Shutting down and abandoning module Kismet (83)
[2014.04.15-12.04.36:538][293]LogModuleManager: Shutting down and abandoning module LevelEditor (82)
[2014.04.15-12.04.36:538][293]LogModuleManager: Shutting down and abandoning module MainFrame (81)
[2014.04.15-12.04.36:539][293]LogModuleManager: Shutting down and abandoning module SourceControl (80)
[2014.04.15-12.04.36:539][293]LogModuleManager: Shutting down and abandoning module ImageWrapper (79)
[2014.04.15-12.04.36:539][293]LogModuleManager: Shutting down and abandoning module FunctionalTesting (78)
[2014.04.15-12.04.36:539][293]LogModuleManager: Shutting down and abandoning module CollisionAnalyzer (77)
[2014.04.15-12.04.36:539][293]LogModuleManager: Shutting down and abandoning module WorkspaceMenuStructure (76)
[2014.04.15-12.04.36:539][293]LogModuleManager: Shutting down and abandoning module MessageLog (75)
[2014.04.15-12.04.36:539][293]LogModuleManager: Shutting down and abandoning module Slate (74)
[2014.04.15-12.04.36:539][293]LogModuleManager: Shutting down and abandoning module EditorStyle (73)
[2014.04.15-12.04.36:540][293]LogModuleManager: Shutting down and abandoning module SessionServices (72)
[2014.04.15-12.04.36:540][293]LogModuleManager: Shutting down and abandoning module VSAccessor (71)
[2014.04.15-12.04.36:540][293]LogModuleManager: Shutting down and abandoning module HeadMountedDisplay (70)
[2014.04.15-12.04.36:540][293]LogModuleManager: Shutting down and abandoning module XAudio2 (69)
[2014.04.15-12.04.36:540][293]LogModuleManager: Shutting down and abandoning module Networking (68)
[2014.04.15-12.04.36:540][293]LogModuleManager: Shutting down and abandoning module Core (67)
[2014.04.15-12.04.36:540][293]LogModuleManager: Shutting down and abandoning module KismetCompiler (66)
[2014.04.15-12.04.36:540][293]LogModuleManager: Shutting down and abandoning module PhysXFormats (65)
[2014.04.15-12.04.36:540][293]LogModuleManager: Shutting down and abandoning module MeshUtilities (64)
[2014.04.15-12.04.36:540][293]LogModuleManager: Shutting down and abandoning module DerivedDataCache (63)
[2014.04.15-12.04.36:599][293]LogDerivedDataCache: Shutdown
[2014.04.15-12.04.36:599][293]LogModuleManager: Shutting down and abandoning module ShaderFormatOpenGL (62)
[2014.04.15-12.04.36:599][293]LogModuleManager: Shutting down and abandoning module ShaderFormatD3D (61)
[2014.04.15-12.04.36:599][293]LogModuleManager: Shutting down and abandoning module TextureFormatUncompressed (60)
[2014.04.15-12.04.36:599][293]LogModuleManager: Shutting down and abandoning module TextureFormatPVR (59)
[2014.04.15-12.04.36:599][293]LogModuleManager: Shutting down and abandoning module TextureFormatDXT (58)
[2014.04.15-12.04.36:599][293]LogModuleManager: Shutting down and abandoning module AudioFormatOgg (57)
[2014.04.15-12.04.36:599][293]LogModuleManager: Shutting down and abandoning module AudioFormatADPCM (56)
[2014.04.15-12.04.36:599][293]LogModuleManager: Shutting down and abandoning module Messaging (55)
[2014.04.15-12.04.36:599][293]LogModuleManager: Shutting down and abandoning module IOSTargetPlatform (54)
[2014.04.15-12.04.36:599][293]LogModuleManager: Shutting down and abandoning module WindowsTargetPlatform (53)
[2014.04.15-12.04.36:599][293]LogModuleManager: Shutting down and abandoning module WindowsServerTargetPlatform (52)
[2014.04.15-12.04.36:599][293]LogModuleManager: Shutting down and abandoning module WindowsNoEditorTargetPlatform (51)
[2014.04.15-12.04.36:599][293]LogModuleManager: Shutting down and abandoning module WindowsClientTargetPlatform (50)
[2014.04.15-12.04.36:599][293]LogModuleManager: Shutting down and abandoning module TargetPlatform (49)
[2014.04.15-12.04.36:599][293]LogModuleManager: Shutting down and abandoning module InputCore (47)
[2014.04.15-12.04.36:599][293]LogModuleManager: Shutting down and abandoning module Settings (46)
[2014.04.15-12.04.36:599][293]LogModuleManager: Shutting down and abandoning module TextureCompressor (43)
[2014.04.15-12.04.36:599][293]LogModuleManager: Shutting down and abandoning module ShaderCore (42)
[2014.04.15-12.04.36:599][293]LogModuleManager: Shutting down and abandoning module OpenGLDrv (41)
[2014.04.15-12.04.36:599][293]LogModuleManager: Shutting down and abandoning module D3D11RHI (40)
[2014.04.15-12.04.36:599][293]LogModuleManager: Shutting down and abandoning module SlateRHIRenderer (39)
[2014.04.15-12.04.36:599][293]LogModuleManager: Shutting down and abandoning module Renderer (38)
[2014.04.15-12.04.36:599][293]LogModuleManager: Shutting down and abandoning module Engine (37)
[2014.04.15-12.04.36:599][293]LogModuleManager: Shutting down and abandoning module WindowsMoviePlayer (36)
[2014.04.15-12.04.36:601][293]LogModuleManager: Shutting down and abandoning module ExampleDeviceProfileSelector (31)
[2014.04.15-12.04.36:601][293]LogModuleManager: Shutting down and abandoning module CustomMeshComponent (30)
[2014.04.15-12.04.36:601][293]LogModuleManager: Shutting down and abandoning module CableComponent (29)
[2014.04.15-12.04.36:601][293]LogModuleManager: Shutting down and abandoning module OculusRift (26)
[2014.04.15-12.04.36:601][293]LogModuleManager: Shutting down and abandoning module UdpMessaging (25)
[2014.04.15-12.04.36:702][293]LogModuleManager: Shutting down and abandoning module MessagingDebugger (24)
[2014.04.15-12.04.36:702][293]LogModuleManager: Shutting down and abandoning module PluginsEditor (12)
[2014.04.15-12.04.36:702][293]LogModuleManager: Shutting down and abandoning module IntroTutorials (11)
[2014.04.15-12.04.36:702][293]LogModuleManager: Shutting down and abandoning module EpicSurvey (10)
[2014.04.15-12.04.36:702][293]LogModuleManager: Shutting down and abandoning module UObjectPlugin (9)
[2014.04.15-12.04.36:702][293]LogModuleManager: Shutting down and abandoning module SubversionSourceControl (8)
[2014.04.15-12.04.36:702][293]LogModuleManager: Shutting down and abandoning module PerforceSourceControl (7)
[2014.04.15-12.04.36:702][293]LogModuleManager: Shutting down and abandoning module BlankPlugin (6)
[2014.04.15-12.04.36:702][293]LogModuleManager: Shutting down and abandoning module CoreUObject (5)
[2014.04.15-12.04.36:702][293]LogModuleManager: Shutting down and abandoning module NetworkFile (4)
[2014.04.15-12.04.36:702][293]LogModuleManager: Shutting down and abandoning module StreamingFile (3)
[2014.04.15-12.04.36:702][293]LogModuleManager: Shutting down and abandoning module SandboxFile (2)
[2014.04.15-12.04.36:702][293]LogModuleManager: Shutting down and abandoning module PakFile (1)
[2014.04.15-12.04.36:702][293]LogExit: Exiting.
[2014.04.15-12.04.36:703][293]Log file closed, 04/15/14 15:04:36
