Log file open, 04/11/14 17:07:41
LogInit:Display: Running engine for game: MyProject
LogInit: Version: 4.0.1-0+UE4
LogInit: Compiled (64-bit): Apr  3 2014 11:44:54
LogInit: Build Configuration: Development
LogInit: Branch Name: UE4
LogInit: Command line: 
LogInit: Base directory: D:/UnrealEngine-4.0.1-release/Engine/Binaries/Win64/
[2014.04.11-14.07.41:823][  0]LogTaskGraph: Started task graph with 3 named threads and 4 total threads.
[2014.04.11-14.07.41:850][  0]LogOnline:Warning: No default platform service specified for OnlineSubsystem
[2014.04.11-14.07.41:857][  0]LogInit: Presizing for 0 objects not considered by GC, pre-allocating 0 bytes.
[2014.04.11-14.07.41:864][  0]LogInit: Object subsystem initialized
[2014.04.11-14.07.41:866][  0]LogInit: Selected Device Profile: [Windows]
[2014.04.11-14.07.41:866][  0]LogInit: Applying CVar settings loaded from the selected device profile: [Windows]
[2014.04.11-14.07.41:873][  0]LogInit: Computer: BOSHCHUKV
[2014.04.11-14.07.41:873][  0]LogInit: User: vboshchuk
[2014.04.11-14.07.41:874][  0]LogInit: CPU Page size=4096, Cores=2
[2014.04.11-14.07.41:874][  0]LogInit: High frequency timer resolution =3.215349 MHz
[2014.04.11-14.07.41:874][  0]LogInit: Memory total: Physical=15.9GB (16GB approx) Pagefile=8176.1GB Virtual=8192.0GB
[2014.04.11-14.07.41:886][  0]LogD3D11RHI: Found D3D11 adapter 0: Intel(R) HD Graphics 4000 (Feature Level 11_0)
[2014.04.11-14.07.41:886][  0]LogD3D11RHI: Adapter has 32MB of dedicated video memory, 0MB of dedicated system memory, and 1632MB of shared system memory
[2014.04.11-14.07.41:887][  0]LogD3D11RHI: Found D3D11 adapter 1: Microsoft Basic Render Driver (Feature Level 11_0)
[2014.04.11-14.07.41:887][  0]LogD3D11RHI: Adapter has 0MB of dedicated video memory, 0MB of dedicated system memory, and 256MB of shared system memory
[2014.04.11-14.07.41:893][  0]LogRHI: Texture pool is 593 MB (70% of 848 MB)
[2014.04.11-14.07.41:895][  0]LogD3D11RHI: Async texture creation enabled
[2014.04.11-14.07.41:954][  0]LogTextLocalizationManager:Warning: Loading localization resources contain conflicting entries for (Namespace:UICommands, Key:ToggleRealtime_ToolTip):
Resource: (D:/UnrealEngine-4.0.1-release/Engine/Content/Localization/Editor/en/Editor.locres) Hash: (-291638278) String: (Toggle Realtime)
Resource: (D:/UnrealEngine-4.0.1-release/Engine/Content/Localization/Editor/en/Editor.locres) Hash: (-1913389001) String: (Toggles real time rendering in this viewport)
[2014.04.11-14.07.41:972][  0]LogContentStreaming: Texture pool size is 0.000000MB
[2014.04.11-14.07.42:000][  0]LogInit: WinSock: version 1.1 (2.2), MaxSocks=32767, MaxUdp=65467
[2014.04.11-14.07.42:528][  0]LogTargetPlatformManager:Display: Building Assets For Windows
[2014.04.11-14.07.42:598][  0]LogTargetPlatformManager:Display: Building Assets For Windows
[2014.04.11-14.07.42:628][  0]LogDerivedDataCache:Display: Max Cache Size: 512 MB
[2014.04.11-14.07.42:665][  0]LogDerivedDataCache: Loaded boot cache 0.04s 37MB C:/Users/v.boshchuk/Documents/Unreal Projects/MyProject/DerivedDataCache/Boot.ddc.
[2014.04.11-14.07.42:665][  0]LogDerivedDataCache:Display: Loaded Boot cache: C:/Users/v.boshchuk/Documents/Unreal Projects/MyProject/DerivedDataCache/Boot.ddc
[2014.04.11-14.07.42:665][  0]LogDerivedDataCache: FDerivedDataBackendGraph:  Pak pak cache file C:/Users/v.boshchuk/Documents/Unreal Projects/MyProject/DerivedDataCache/DDC.ddp not found, will not use a pak cache.
[2014.04.11-14.07.42:665][  0]LogDerivedDataCache: Unable to find inner node Pak for hierarchical cache Hierarchy.
[2014.04.11-14.07.42:665][  0]LogDerivedDataCache: FDerivedDataBackendGraph:  EnginePak pak cache file ../../../Engine/DerivedDataCache/DDC.ddp not found, will not use a pak cache.
[2014.04.11-14.07.42:665][  0]LogDerivedDataCache: Unable to find inner node EnginePak for hierarchical cache Hierarchy.
[2014.04.11-14.07.42:677][  0]LogDerivedDataCache: Using Local data cache path ../../../Engine/DerivedDataCache: Writable
[2014.04.11-14.07.42:677][  0]LogDerivedDataCache:Warning: Fail to write to //epicgames.net/root/UE4DDC, derived data cache to this directory will be read only.
[2014.04.11-14.07.42:677][  0]LogDerivedDataCache:Warning: Shared data cache path was not usable, will not use it.
[2014.04.11-14.07.42:677][  0]LogDerivedDataCache: Unable to find inner node Shared for hierarchical cache Hierarchy.
[2014.04.11-14.07.42:821][  0]LogMeshUtilities: No automatic mesh reduction module available
[2014.04.11-14.07.42:821][  0]LogMeshUtilities: No automatic mesh merging module available
[2014.04.11-14.07.43:031][  0]LogEnum:Warning: Enum Text 1 for Enum ECustomDepth failed to resolve to any value
[2014.04.11-14.07.43:031][  0]LogEnum:Warning: Enum Text 3 for Enum EEarlyZPass failed to resolve to any value
[2014.04.11-14.07.43:031][  0]LogEnum:Warning: Enum Text 1 for Enum EClearSceneOptions failed to resolve to any value
[2014.04.11-14.07.43:031][  0]LogEnum:Warning: Enum Text 4 for Enum ECompositingSampleCount failed to resolve to any value
[2014.04.11-14.07.43:571][  0]UdpMessaging: Initializing bridge on interface 0.0.0.0:0 to multicast group 230.0.0.1:6666.
[2014.04.11-14.07.43:652][  0]SourceControl: Info Source control is disabled
[2014.04.11-14.07.43:652][  0]SourceControl: Info Source control is disabled
[2014.04.11-14.07.43:657][  0]SourceControl: Info Source control is disabled
[2014.04.11-14.07.43:723][  0]BlueprintLog: New page: Editor Load
[2014.04.11-14.07.43:751][  0]LogObj: 18325 objects as part of root set at end of initial load.
[2014.04.11-14.07.43:751][  0]LogUObjectAllocator: 3624888 out of 0 bytes used by permanent object pool.
[2014.04.11-14.07.43:916][  0]LogAutomationTest:Warning: Loading localization resources contain conflicting entries for (Namespace:UICommands, Key:ToggleRealtime_ToolTip):
Resource: (D:/UnrealEngine-4.0.1-release/Engine/Content/Localization/Editor/en/Editor.locres) Hash: (-291638278) String: (Toggle Realtime)
Resource: (D:/UnrealEngine-4.0.1-release/Engine/Content/Localization/Editor/en/Editor.locres) Hash: (-1913389001) String: (Toggles real time rendering in this viewport)
[2014.04.11-14.07.43:916][  0]LogAutomationTest:Warning: Loading localization resources contain conflicting entries for (Namespace:UICommands, Key:ToggleRealtime_ToolTip):
Resource: (D:/UnrealEngine-4.0.1-release/Engine/Content/Localization/Editor/en/Editor.locres) Hash: (-291638278) String: (Toggle Realtime)
Resource: (D:/UnrealEngine-4.0.1-release/Engine/Content/Localization/Editor/en/Editor.locres) Hash: (-1913389001) String: (Toggles real time rendering in this viewport)
[2014.04.11-14.07.43:916][  0]LogAutomationTest:Warning: Loading localization resources contain conflicting entries for (Namespace:UICommands, Key:ToggleRealtime_ToolTip):
Resource: (D:/UnrealEngine-4.0.1-release/Engine/Content/Localization/Editor/en/Editor.locres) Hash: (-291638278) String: (Toggle Realtime)
Resource: (D:/UnrealEngine-4.0.1-release/Engine/Content/Localization/Editor/en/Editor.locres) Hash: (-1913389001) String: (Toggles real time rendering in this viewport)
[2014.04.11-14.07.43:916][  0]LogEngine: Initializing Engine...
[2014.04.11-14.07.44:010][  0]LogInit: XAudio2 using 'Speakers (2- High Definition Audio Device)' : 2 channels at 44.1 kHz using 16 bits per sample (channel mask 0x3)
[2014.04.11-14.07.44:021][  0]LogInit: FAudioDevice initialized.
[2014.04.11-14.07.44:040][  0]LogDerivedDataCache: Saved boot cache 0.02s 37MB C:/Users/v.boshchuk/Documents/Unreal Projects/MyProject/DerivedDataCache/Boot.ddc.
[2014.04.11-14.07.44:042][  0]LogInit: Texture streaming: Enabled
[2014.04.11-14.07.44:058][  0]LogInit: Transaction tracking system initialized
[2014.04.11-14.07.44:145][  0]LogAssetRegistry: FAssetRegistry took 0.011026 seconds to start up
[2014.04.11-14.07.44:266][  0]LogModuleManager:Warning: ModuleManager: Unable to load module '' because the file was not found.
[2014.04.11-14.07.44:270][  0]LogModuleManager:Warning: ModuleManager: Unable to load module '' because the file was not found.
[2014.04.11-14.07.44:323][  0]LogConsoleResponse:Display: 
[2014.04.11-14.07.44:550][  0]SourceControl: Info Source control is disabled
[2014.04.11-14.07.44:551][  0]Cmd: MAP LOAD FILE="C:/Users/v.boshchuk/Documents/Unreal Projects/MyProject/Content/Maps/Minimal_Default.umap" TEMPLATE=0 SHOWPROGRESS=1 WORLDCOMPOSITION=0
[2014.04.11-14.07.44:551][  0]LightingResults: New page: Lighting Build
[2014.04.11-14.07.44:557][  0]MapCheck: New page: Map Check
[2014.04.11-14.07.44:557][  0]LightingResults: New page: Lighting Build
[2014.04.11-14.07.44:572][  0]LogParticles: Destroying 0 GPU particle simulations for FXSystem 0x000000E430EE2F20
[2014.04.11-14.07.44:831][  0]LogEditorServer: Finished looking for orphan Actors (0.000 secs)
[2014.04.11-14.07.44:831][  0]Cmd: MAP CHECKDEP
[2014.04.11-14.07.44:831][  0]MapCheck: New page: Minimal_Default - Apr 11, 2014, 8:07:44 PM
[2014.04.11-14.07.44:869][  0]MapCheck: Info ========== Map Check: 0 Error(s), 0 Warning(s), [37.527ms] ==========
[2014.04.11-14.07.44:869][  0]LogFileHelpers: Loading map 'Minimal_Default' took 0.318
[2014.04.11-14.07.44:941][  0]LogCollectionManager: Loaded 0 collections in 0.001004 seconds
[2014.04.11-14.07.45:078][  0]LogCrashTracker: Crashtracker disabled due to settings.
[2014.04.11-14.07.45:079][  0]Cmd: MODE PLACEMENT
[2014.04.11-14.07.45:146][  0]LogLoad: Full Startup: 4.07 seconds (BP compile: 0.07 seconds)
[2014.04.11-14.07.45:158][  0]LogContentBrowser:Verbose: The content browser source was changed by the sources view to '/Game/Blueprints'
[2014.04.11-14.07.45:210][  0]LogRenderer:Warning: Reallocating scene render targets to support 32x32.
[2014.04.11-14.07.45:432][  1]LogRenderer:Warning: Reallocating scene render targets to support 696x776.
[2014.04.11-14.07.45:445][  1]LogAssetRegistry: Asset discovery search completed in 1.311336 seconds
[2014.04.11-14.07.45:814][  2]LogEpicSurvey:Warning: EnumerateFiles request failed. Invalid response. code=403 error=<?xml version="1.0" encoding="UTF-8"?>
<Error><Code>AccessDenied</Code><Message>Access Denied</Message><RequestId>33E4D48EE8250BBC</RequestId><HostId>7eSCBreUKa3x9cU0v4B4O4B3aYcvMVPXLOn7FbAwAnjOz/KKhfPbXG4hU+3WR1yulGB/bagMk8c=</HostId></Error>
[2014.04.11-14.07.46:099][  5]LogEpicSurvey:Warning: EnumerateFiles request failed. Invalid response. code=403 error=<?xml version="1.0" encoding="UTF-8"?>
<Error><Code>AccessDenied</Code><Message>Access Denied</Message><RequestId>5148FB82DFA61807</RequestId><HostId>mFInCCpyd5c2xcOZuDoSqjBm0KzcCsQTGx8n1v1ViuySW77VFgaX3xGHL+WCF2RS</HostId></Error>
[2014.04.11-14.07.46:177][  6]LogEpicSurvey:Warning: EnumerateFiles request failed. Invalid response. code=403 error=<?xml version="1.0" encoding="UTF-8"?>
<Error><Code>AccessDenied</Code><Message>Access Denied</Message><RequestId>6035CAF158AF51C0</RequestId><HostId>h+Fcirf5tYYJKPfY9fIJAU1whN7kr94EQK/xARI4232gTC3hatWY0bZ6ld58x+fPVatPE5OqQrM=</HostId></Error>
[2014.04.11-14.08.00:505][606]LogActorComponent: UnregisterComponent: (/Engine/Transient.ProjectileMovementComponent_0) Not registered. Aborting.
[2014.04.11-14.08.00:528][606]Cmd: MAP LOAD FILE="C:/Users/v.boshchuk/Documents/Unreal Projects/MyProject/Content/Maps/MyTest.umap" TEMPLATE=0 SHOWPROGRESS=1 WORLDCOMPOSITION=0
[2014.04.11-14.08.00:528][606]LightingResults: New page: Lighting Build
[2014.04.11-14.08.00:532][606]LoadErrors: New page: Loading map: MyTest.umap
[2014.04.11-14.08.00:533][606]MapCheck: New page: Map Check
[2014.04.11-14.08.00:533][606]LightingResults: New page: Lighting Build
[2014.04.11-14.08.00:549][606]LogParticles: Destroying 0 GPU particle simulations for FXSystem 0x000000E4255D8900
[2014.04.11-14.08.00:690][606]LogEditorServer: Finished looking for orphan Actors (0.000 secs)
[2014.04.11-14.08.00:699][606]Cmd: MAP CHECKDEP
[2014.04.11-14.08.00:699][606]MapCheck: New page: MyTest - Apr 11, 2014, 8:08:00 PM
[2014.04.11-14.08.00:735][606]MapCheck: Info ========== Map Check: 0 Error(s), 0 Warning(s), [36.33ms] ==========
[2014.04.11-14.08.00:735][606]LogFileHelpers: Loading map 'MyTest' took 0.207
[2014.04.11-14.08.08:404][848]BlueprintLog: New page: Pre-PIE auto-recompile
[2014.04.11-14.08.08:424][848]LogPlayLevel: [PIE] Compiling Untitled before PIE...
[2014.04.11-14.08.08:471][848]LogActorComponent: UnregisterComponent: (/Engine/Transient.CharacterMovementComponent_0) Not registered. Aborting.
[2014.04.11-14.08.08:491][848]LogPlayLevel: PIE:  Blueprint regeneration took 87 ms (1 blueprints)
[2014.04.11-14.08.08:491][848]PIE: New page: PIE session: MyTest (Apr 11, 2014, 8:08:08 PM)
[2014.04.11-14.08.08:496][848]LogPlayLevel: PIE: StaticDuplicateObject took: (0.005038s)
[2014.04.11-14.08.08:498][848]LogPlayLevel: PIE: World Init took: (0.001819s)
[2014.04.11-14.08.08:498][848]LogPlayLevel: PIE: Created PIE world by copying editor world from /Game/Maps/MyTest.MyTest to /Game/Maps/UEDPIE_0_MyTest.MyTest (0.007061s)
[2014.04.11-14.08.08:498][848]LogWorld: Game class is 'AntiGameMode_C'
[2014.04.11-14.08.08:541][848]LogWorld: Bringing World /Game/Maps/UEDPIE_0_MyTest.MyTest up for play (max tick rate 0) at 2014.04.11-17.08.08
[2014.04.11-14.08.08:541][848]LogWorld: Bringing up level for play took: 0.001537
[2014.04.11-14.08.08:542][848]LogPlayerController: ClientRestart_Implementation MyCharackter_C_0
[2014.04.11-14.08.08:542][848]LogPlayerController: ServerAcknowledgePossession_Implementation MyCharackter_C_0
[2014.04.11-14.08.08:543][848]LogBlueprintUserMessages: X=530.000 Y=-620.000 Z=100.000
[2014.04.11-14.08.08:544][848]PIE: Info Play in editor start time for /Game/Maps/UEDPIE_0_MyTest 0.718
[2014.04.11-14.08.15:555][969]LogBlueprintUserMessages: Player Lunch
[2014.04.11-14.08.19:149][ 34]LogBlueprintUserMessages: Player Lunch
[2014.04.11-14.08.23:057][104]LogBlueprintUserMessages: Player Lunch
[2014.04.11-14.08.26:254][162]LogBlueprintUserMessages: Player Lunch
[2014.04.11-14.08.28:856][209]LogBlueprintUserMessages: Player Lunch
[2014.04.11-14.08.30:677][242]LogBlueprintUserMessages: Player Lunch
[2014.04.11-14.08.32:494][275]LogBlueprintUserMessages: Player Lunch
[2014.04.11-14.08.33:325][290]LogBlueprintUserMessages: Player Lunch
[2014.04.11-14.08.33:544][294]LogBlueprintUserMessages: Player Lunch
[2014.04.11-14.08.33:718][297]LogBlueprintUserMessages: Player Lunch
[2014.04.11-14.08.33:838][299]LogBlueprintUserMessages: Player Lunch
[2014.04.11-14.08.34:067][303]LogBlueprintUserMessages: Player Lunch
[2014.04.11-14.08.34:234][306]LogBlueprintUserMessages: Player Lunch
[2014.04.11-14.08.34:407][309]LogBlueprintUserMessages: Player Lunch
[2014.04.11-14.08.34:522][311]LogBlueprintUserMessages: Player Lunch
[2014.04.11-14.08.34:691][314]LogBlueprintUserMessages: Player Lunch
[2014.04.11-14.08.35:143][322]LogBlueprintUserMessages: Player Lunch
[2014.04.11-14.08.35:309][325]LogBlueprintUserMessages: Player Lunch
[2014.04.11-14.08.35:478][328]LogBlueprintUserMessages: Player Lunch
[2014.04.11-14.08.35:764][333]LogBlueprintUserMessages: Player Lunch
[2014.04.11-14.08.36:278][342]LogBlueprintUserMessages: Player Lunch
[2014.04.11-14.08.36:621][348]LogBlueprintUserMessages: Player Lunch
[2014.04.11-14.08.36:791][351]LogBlueprintUserMessages: Player Lunch
[2014.04.11-14.08.36:909][353]LogBlueprintUserMessages: Player Lunch
[2014.04.11-14.08.37:030][355]LogBlueprintUserMessages: Player Lunch
[2014.04.11-14.08.37:198][358]LogBlueprintUserMessages: Player Lunch
[2014.04.11-14.08.37:307][360]LogBlueprintUserMessages: Player Lunch
[2014.04.11-14.08.37:482][363]LogBlueprintUserMessages: Player Lunch
[2014.04.11-14.08.37:587][365]LogBlueprintUserMessages: Player Lunch
[2014.04.11-14.08.37:756][368]LogBlueprintUserMessages: Player Lunch
[2014.04.11-14.08.37:924][371]LogBlueprintUserMessages: Player Lunch
[2014.04.11-14.08.38:094][374]LogBlueprintUserMessages: Player Lunch
[2014.04.11-14.08.38:383][379]LogBlueprintUserMessages: Player Lunch
[2014.04.11-14.08.38:554][382]LogBlueprintUserMessages: Player Lunch
[2014.04.11-14.08.38:789][386]LogBlueprintUserMessages: Player Lunch
[2014.04.11-14.08.38:967][389]LogBlueprintUserMessages: Player Lunch
[2014.04.11-14.08.39:078][391]LogBlueprintUserMessages: Player Lunch
[2014.04.11-14.08.39:250][394]LogBlueprintUserMessages: Player Lunch
[2014.04.11-14.08.39:420][397]LogBlueprintUserMessages: Player Lunch
[2014.04.11-14.08.39:589][400]LogBlueprintUserMessages: Player Lunch
[2014.04.11-14.08.39:760][403]LogBlueprintUserMessages: Player Lunch
[2014.04.11-14.08.39:938][406]LogBlueprintUserMessages: Player Lunch
[2014.04.11-14.08.40:108][409]LogBlueprintUserMessages: Player Lunch
[2014.04.11-14.08.40:288][412]LogBlueprintUserMessages: Player Lunch
[2014.04.11-14.08.40:405][414]LogBlueprintUserMessages: Player Lunch
[2014.04.11-14.08.40:581][417]LogBlueprintUserMessages: Player Lunch
[2014.04.11-14.08.40:760][420]LogBlueprintUserMessages: Player Lunch
[2014.04.11-14.08.41:834][439]LogBlueprintUserMessages: Player Lunch
[2014.04.11-14.08.42:409][449]LogBlueprintUserMessages: Player Lunch
[2014.04.11-14.08.42:524][451]LogBlueprintUserMessages: Player Lunch
[2014.04.11-14.08.42:708][454]LogBlueprintUserMessages: Player Lunch
[2014.04.11-14.08.42:890][457]LogBlueprintUserMessages: Player Lunch
[2014.04.11-14.08.43:063][460]LogBlueprintUserMessages: Player Lunch
[2014.04.11-14.08.43:180][462]LogBlueprintUserMessages: Player Lunch
[2014.04.11-14.08.43:459][467]LogBlueprintUserMessages: Player Lunch
[2014.04.11-14.08.43:636][470]LogBlueprintUserMessages: Player Lunch
[2014.04.11-14.08.43:862][474]LogBlueprintUserMessages: Player Lunch
[2014.04.11-14.08.44:033][477]LogBlueprintUserMessages: Player Lunch
[2014.04.11-14.08.44:268][481]LogBlueprintUserMessages: Player Lunch
[2014.04.11-14.08.44:499][485]LogBlueprintUserMessages: Player Lunch
[2014.04.11-14.08.44:678][488]LogBlueprintUserMessages: Player Lunch
[2014.04.11-14.08.44:963][493]LogBlueprintUserMessages: Player Lunch
[2014.04.11-14.08.45:201][497]LogBlueprintUserMessages: Player Lunch
[2014.04.11-14.08.45:381][500]LogBlueprintUserMessages: Player Lunch
[2014.04.11-14.08.45:609][504]LogBlueprintUserMessages: Player Lunch
[2014.04.11-14.08.45:783][507]LogBlueprintUserMessages: Player Lunch
[2014.04.11-14.08.45:970][510]LogBlueprintUserMessages: Player Lunch
[2014.04.11-14.08.46:380][517]LogBlueprintUserMessages: Player Lunch
[2014.04.11-14.08.46:560][520]LogBlueprintUserMessages: Player Lunch
[2014.04.11-14.08.46:733][523]LogBlueprintUserMessages: Player Lunch
[2014.04.11-14.08.46:908][526]LogBlueprintUserMessages: Player Lunch
[2014.04.11-14.08.47:319][533]LogBlueprintUserMessages: Player Lunch
[2014.04.11-14.08.47:496][536]LogBlueprintUserMessages: Player Lunch
[2014.04.11-14.08.47:735][540]LogBlueprintUserMessages: Player Lunch
[2014.04.11-14.08.47:915][543]LogBlueprintUserMessages: Player Lunch
[2014.04.11-14.08.48:260][549]LogBlueprintUserMessages: Player Lunch
[2014.04.11-14.08.48:435][552]LogBlueprintUserMessages: Player Lunch
[2014.04.11-14.08.48:612][555]LogBlueprintUserMessages: Player Lunch
[2014.04.11-14.08.48:843][559]LogBlueprintUserMessages: Player Lunch
[2014.04.11-14.08.49:069][563]LogBlueprintUserMessages: Player Lunch
[2014.04.11-14.08.49:356][568]LogBlueprintUserMessages: Player Lunch
[2014.04.11-14.08.49:582][572]LogBlueprintUserMessages: Player Lunch
[2014.04.11-14.08.49:814][576]LogBlueprintUserMessages: Player Lunch
[2014.04.11-14.08.50:224][583]LogBlueprintUserMessages: Player Lunch
[2014.04.11-14.08.50:337][585]LogBlueprintUserMessages: Player Lunch
[2014.04.11-14.08.50:454][587]LogBlueprintUserMessages: Player Lunch
[2014.04.11-14.08.50:633][590]LogBlueprintUserMessages: Player Lunch
[2014.04.11-14.08.50:898][595]LogBlueprintUserMessages: Player Lunch
[2014.04.11-14.08.51:078][598]LogBlueprintUserMessages: Player Lunch
[2014.04.11-14.08.51:255][601]LogBlueprintUserMessages: Player Lunch
[2014.04.11-14.08.51:414][604]LogBlueprintUserMessages: Player Lunch
[2014.04.11-14.08.51:588][607]LogBlueprintUserMessages: Player Lunch
[2014.04.11-14.08.51:758][610]LogBlueprintUserMessages: Player Lunch
[2014.04.11-14.08.52:034][615]LogBlueprintUserMessages: Player Lunch
[2014.04.11-14.08.52:211][618]LogBlueprintUserMessages: Player Lunch
[2014.04.11-14.08.52:507][623]LogBlueprintUserMessages: Player Lunch
[2014.04.11-14.08.52:747][627]LogBlueprintUserMessages: Player Lunch
[2014.04.11-14.08.52:929][630]LogBlueprintUserMessages: Player Lunch
[2014.04.11-14.08.53:106][633]LogBlueprintUserMessages: Player Lunch
[2014.04.11-14.08.53:280][636]LogBlueprintUserMessages: Player Lunch
[2014.04.11-14.08.53:461][639]LogBlueprintUserMessages: Player Lunch
[2014.04.11-14.08.53:629][642]LogBlueprintUserMessages: Player Lunch
[2014.04.11-14.08.54:611][659]LogBlueprintUserMessages: Player Lunch
[2014.04.11-14.08.54:787][662]LogBlueprintUserMessages: Player Lunch
[2014.04.11-14.08.54:968][665]LogBlueprintUserMessages: Player Lunch
[2014.04.11-14.08.55:150][668]LogBlueprintUserMessages: Player Lunch
[2014.04.11-14.08.55:389][672]LogBlueprintUserMessages: Player Lunch
[2014.04.11-14.08.55:562][675]LogBlueprintUserMessages: Player Lunch
[2014.04.11-14.08.56:974][699]LogBlueprintUserMessages: Player Lunch
[2014.04.11-14.08.57:154][702]LogBlueprintUserMessages: Player Lunch
[2014.04.11-14.08.57:334][705]LogBlueprintUserMessages: Player Lunch
[2014.04.11-14.08.57:925][715]LogBlueprintUserMessages: Player Lunch
[2014.04.11-14.08.58:341][722]LogBlueprintUserMessages: Player Lunch
[2014.04.11-14.08.58:580][726]LogBlueprintUserMessages: Player Lunch
[2014.04.11-14.08.58:940][732]LogBlueprintUserMessages: Player Lunch
[2014.04.11-14.08.59:180][736]LogBlueprintUserMessages: Player Lunch
[2014.04.11-14.08.59:302][738]LogBlueprintUserMessages: Player Lunch
[2014.04.11-14.08.59:648][744]LogBlueprintUserMessages: Player Lunch
[2014.04.11-14.08.59:826][747]LogBlueprintUserMessages: Player Lunch
[2014.04.11-14.09.00:239][754]LogBlueprintUserMessages: Player Lunch
[2014.04.11-14.09.00:418][757]LogBlueprintUserMessages: Player Lunch
[2014.04.11-14.09.00:656][761]LogBlueprintUserMessages: Player Lunch
[2014.04.11-14.09.01:068][768]LogBlueprintUserMessages: Player Lunch
[2014.04.11-14.09.01:250][771]LogBlueprintUserMessages: Player Lunch
[2014.04.11-14.09.01:436][774]LogBlueprintUserMessages: Player Lunch
[2014.04.11-14.09.01:553][776]LogBlueprintUserMessages: Player Lunch
[2014.04.11-14.09.01:725][779]LogBlueprintUserMessages: Player Lunch
[2014.04.11-14.09.01:960][783]LogBlueprintUserMessages: Player Lunch
[2014.04.11-14.09.02:079][785]LogBlueprintUserMessages: Player Lunch
[2014.04.11-14.09.02:375][790]LogBlueprintUserMessages: Player Lunch
[2014.04.11-14.09.02:611][794]LogBlueprintUserMessages: Player Lunch
[2014.04.11-14.09.03:040][801]LogBlueprintUserMessages: Player Lunch
[2014.04.11-14.09.03:346][806]LogBlueprintUserMessages: Player Lunch
[2014.04.11-14.09.03:594][810]LogBlueprintUserMessages: Player Lunch
[2014.04.11-14.09.03:777][813]LogBlueprintUserMessages: Player Lunch
[2014.04.11-14.09.03:904][815]LogBlueprintUserMessages: Player Lunch
[2014.04.11-14.09.04:202][820]LogBlueprintUserMessages: Player Lunch
[2014.04.11-14.09.04:672][828]LogBlueprintUserMessages: Player Lunch
[2014.04.11-14.09.04:855][831]LogBlueprintUserMessages: Player Lunch
[2014.04.11-14.09.05:034][834]LogBlueprintUserMessages: Player Lunch
[2014.04.11-14.09.05:156][836]LogBlueprintUserMessages: Player Lunch
[2014.04.11-14.09.05:511][842]LogBlueprintUserMessages: Player Lunch
[2014.04.11-14.09.05:694][845]LogBlueprintUserMessages: Player Lunch
[2014.04.11-14.09.05:871][848]LogBlueprintUserMessages: Player Lunch
[2014.04.11-14.09.05:990][850]LogBlueprintUserMessages: Player Lunch
[2014.04.11-14.09.08:124][885]LogParticles: Destroying 0 GPU particle simulations for FXSystem 0x000000E42AF62D40
[2014.04.11-14.16.35:599][211]LogEditorViewport: Clicking on Actor (context menu): BP_Sky_Sphere_C (BP_Sky_Shere)
[2014.04.11-14.16.36:844][328]LogEditorViewport: Clicking on Actor (LMB): BP_Sky_Sphere_C (BP_Sky_Shere)
[2014.04.11-14.17.28:968][381]LogRenderer:Warning: Reallocating scene render targets to support 1136x904.
[2014.04.11-14.18.43:729][319]LogEditorViewport: Clicking on Actor (LMB): BP_Sky_Sphere_C (BP_Sky_Shere)
[2014.04.11-14.18.46:249][342]BlueprintLog: New page: Pre-PIE auto-recompile
[2014.04.11-14.18.46:267][342]LogPlayLevel: [PIE] Compiling Untitled before PIE...
[2014.04.11-14.18.46:333][342]LogPlayLevel: PIE:  Blueprint regeneration took 84 ms (1 blueprints)
[2014.04.11-14.18.46:333][342]PIE: New page: PIE session: MyTest (Apr 11, 2014, 8:18:46 PM)
[2014.04.11-14.18.46:338][342]LogPlayLevel: PIE: StaticDuplicateObject took: (0.004852s)
[2014.04.11-14.18.46:340][342]LogPlayLevel: PIE: World Init took: (0.001500s)
[2014.04.11-14.18.46:340][342]LogPlayLevel: PIE: Created PIE world by copying editor world from /Game/Maps/MyTest.MyTest to /Game/Maps/UEDPIE_0_MyTest.MyTest (0.006525s)
[2014.04.11-14.18.46:340][342]LogWorld: Game class is 'AntiGameMode_C'
[2014.04.11-14.18.46:366][342]LogWorld: Bringing World /Game/Maps/UEDPIE_0_MyTest.MyTest up for play (max tick rate 0) at 2014.04.11-17.18.46
[2014.04.11-14.18.46:366][342]LogWorld: Bringing up level for play took: 0.001629
[2014.04.11-14.18.46:367][342]LogPlayerController: ClientRestart_Implementation MyCharackter_C_1
[2014.04.11-14.18.46:367][342]LogPlayerController: ServerAcknowledgePossession_Implementation MyCharackter_C_1
[2014.04.11-14.18.46:368][342]LogBlueprintUserMessages: X=530.000 Y=-620.000 Z=100.000
[2014.04.11-14.18.46:368][342]PIE: Info Play in editor start time for /Game/Maps/UEDPIE_0_MyTest 0.544
[2014.04.11-14.18.48:763][371]LogBlueprintUserMessages: Player Lunch
[2014.04.11-14.18.51:466][403]LogBlueprintUserMessages: Player Lunch
[2014.04.11-14.18.54:816][443]LogBlueprintUserMessages: Player Lunch
[2014.04.11-14.18.57:015][469]LogBlueprintUserMessages: Player Lunch
[2014.04.11-14.19.01:769][525]LogParticles: Destroying 0 GPU particle simulations for FXSystem 0x000000E426051E40
[2014.04.11-14.19.43:976][219]BlueprintLog: New page: Pre-PIE auto-recompile
[2014.04.11-14.19.44:005][219]LogPlayLevel: [PIE] Compiling Untitled before PIE...
[2014.04.11-14.19.44:204][219]LogActorComponent: UnregisterComponent: (/Engine/Transient.ProjectileMovementComponent_1) Not registered. Aborting.
[2014.04.11-14.19.44:204][219]LogActorComponent: UnregisterComponent: (/Engine/Transient.CharacterMovementComponent_1) Not registered. Aborting.
[2014.04.11-14.19.44:229][219]LogPlayLevel: PIE:  Blueprint regeneration took 253 ms (1 blueprints)
[2014.04.11-14.19.44:229][219]PIE: New page: PIE session: MyTest (Apr 11, 2014, 8:19:44 PM)
[2014.04.11-14.19.44:234][219]LogPlayLevel: PIE: StaticDuplicateObject took: (0.004628s)
[2014.04.11-14.19.44:235][219]LogPlayLevel: PIE: World Init took: (0.000783s)
[2014.04.11-14.19.44:235][219]LogPlayLevel: PIE: Created PIE world by copying editor world from /Game/Maps/MyTest.MyTest to /Game/Maps/UEDPIE_0_MyTest.MyTest (0.005638s)
[2014.04.11-14.19.44:235][219]LogWorld: Game class is 'AntiGameMode_C'
[2014.04.11-14.19.44:263][219]LogWorld: Bringing World /Game/Maps/UEDPIE_0_MyTest.MyTest up for play (max tick rate 0) at 2014.04.11-17.19.44
[2014.04.11-14.19.44:263][219]LogWorld: Bringing up level for play took: 0.001561
[2014.04.11-14.19.44:264][219]LogPlayerController: ClientRestart_Implementation MyCharackter_C_2
[2014.04.11-14.19.44:264][219]LogPlayerController: ServerAcknowledgePossession_Implementation MyCharackter_C_2
[2014.04.11-14.19.44:265][219]LogBlueprintUserMessages: X=530.000 Y=-620.000 Z=100.000
[2014.04.11-14.19.44:265][219]PIE: Info Play in editor start time for /Game/Maps/UEDPIE_0_MyTest 0.44
[2014.04.11-14.19.49:372][274]LogParticles: Destroying 0 GPU particle simulations for FXSystem 0x000000E4251DB100
[2014.04.11-14.19.52:982][350]BlueprintLog: New page: Pre-PIE auto-recompile
[2014.04.11-14.19.53:006][350]LogPlayLevel: [PIE] Compiling Untitled before PIE...
[2014.04.11-14.19.53:231][350]LogPlayLevel: PIE:  Blueprint regeneration took 248 ms (1 blueprints)
[2014.04.11-14.19.53:231][350]PIE: New page: PIE session: MyTest (Apr 11, 2014, 8:19:53 PM)
[2014.04.11-14.19.53:236][350]LogPlayLevel: PIE: StaticDuplicateObject took: (0.004618s)
[2014.04.11-14.19.53:237][350]LogPlayLevel: PIE: World Init took: (0.000894s)
[2014.04.11-14.19.53:237][350]LogPlayLevel: PIE: Created PIE world by copying editor world from /Game/Maps/MyTest.MyTest to /Game/Maps/UEDPIE_0_MyTest.MyTest (0.005722s)
[2014.04.11-14.19.53:237][350]LogWorld: Game class is 'AntiGameMode_C'
[2014.04.11-14.19.53:263][350]LogWorld: Bringing World /Game/Maps/UEDPIE_0_MyTest.MyTest up for play (max tick rate 0) at 2014.04.11-17.19.53
[2014.04.11-14.19.53:263][350]LogWorld: Bringing up level for play took: 0.001449
[2014.04.11-14.19.53:264][350]LogPlayerController: ClientRestart_Implementation MyCharackter_C_3
[2014.04.11-14.19.53:264][350]LogPlayerController: ServerAcknowledgePossession_Implementation MyCharackter_C_3
[2014.04.11-14.19.53:264][350]LogBlueprintUserMessages: X=530.000 Y=-620.000 Z=100.000
[2014.04.11-14.19.53:265][350]PIE: Info Play in editor start time for /Game/Maps/UEDPIE_0_MyTest -0.56
[2014.04.11-14.19.54:399][363]LogBlueprintUserMessages: Player Lunch
[2014.04.11-14.19.56:156][382]LogBlueprintUserMessages: Player Lunch
[2014.04.11-14.19.57:341][394]LogParticles: Destroying 0 GPU particle simulations for FXSystem 0x000000E43E04F1A0
[2014.04.11-14.20.16:652][436]LogSlate:Warning: GetFontFace failed to load or process 'Roboto-Regular'
[2014.04.11-14.20.16:652][436]LogSlate:Warning: GetFontFace failed to load or process 'Roboto-Regular'
[2014.04.11-14.20.16:656][436]LogSlate:Warning: GetFontFace failed to load or process 'Roboto-Regular'
[2014.04.11-14.20.16:656][436]LogSlate:Warning: GetFontFace failed to load or process 'Roboto-Regular'
[2014.04.11-14.20.16:656][436]LogSlate:Warning: GetFontFace failed to load or process 'Roboto-Regular'
[2014.04.11-14.20.16:656][436]LogSlate:Warning: GetFontFace failed to load or process 'Roboto-Regular'
[2014.04.11-14.20.16:656][436]LogSlate:Warning: GetFontFace failed to load or process 'Roboto-Regular'
[2014.04.11-14.20.16:656][436]LogSlate:Warning: GetFontFace failed to load or process 'Roboto-Regular'
[2014.04.11-14.20.16:656][436]LogSlate:Warning: GetFontFace failed to load or process 'Roboto-Regular'
[2014.04.11-14.20.16:656][436]LogSlate:Warning: GetFontFace failed to load or process 'Roboto-Regular'
[2014.04.11-14.20.16:656][436]LogSlate:Warning: GetFontFace failed to load or process 'Roboto-Regular'
[2014.04.11-14.20.16:657][436]LogSlate:Warning: GetFontFace failed to load or process 'Roboto-Regular'
[2014.04.11-14.20.16:657][436]LogSlate:Warning: GetFontFace failed to load or process 'Roboto-Regular'
[2014.04.11-14.20.16:657][436]LogSlate:Warning: GetFontFace failed to load or process 'Roboto-Regular'
[2014.04.11-14.20.16:657][436]LogSlate:Warning: GetFontFace failed to load or process 'Roboto-Regular'
[2014.04.11-14.20.16:657][436]LogSlate:Warning: GetFontFace failed to load or process 'Roboto-Regular'
[2014.04.11-14.20.16:657][436]LogSlate:Warning: GetFontFace failed to load or process 'Roboto-Regular'
[2014.04.11-14.20.16:657][436]LogSlate:Warning: GetFontFace failed to load or process 'Roboto-Regular'
[2014.04.11-14.21.19:044][915]BlueprintLog: New page: Pre-PIE auto-recompile
[2014.04.11-14.21.19:179][915]LogPlayLevel: [PIE] Compiling Untitled before PIE...
[2014.04.11-14.21.19:405][915]LogPlayLevel: PIE:  Blueprint regeneration took 361 ms (1 blueprints)
[2014.04.11-14.21.19:405][915]PIE: New page: PIE session: MyTest (Apr 11, 2014, 8:21:19 PM)
[2014.04.11-14.21.19:410][915]LogPlayLevel: PIE: StaticDuplicateObject took: (0.004635s)
[2014.04.11-14.21.19:411][915]LogPlayLevel: PIE: World Init took: (0.001160s)
[2014.04.11-14.21.19:411][915]LogPlayLevel: PIE: Created PIE world by copying editor world from /Game/Maps/MyTest.MyTest to /Game/Maps/UEDPIE_0_MyTest.MyTest (0.005985s)
[2014.04.11-14.21.19:411][915]LogWorld: Game class is 'AntiGameMode_C'
[2014.04.11-14.21.19:438][915]LogWorld: Bringing World /Game/Maps/UEDPIE_0_MyTest.MyTest up for play (max tick rate 0) at 2014.04.11-17.21.19
[2014.04.11-14.21.19:438][915]LogWorld: Bringing up level for play took: 0.001521
[2014.04.11-14.21.19:439][915]LogPlayerController: ClientRestart_Implementation MyCharackter_C_4
[2014.04.11-14.21.19:439][915]LogPlayerController: ServerAcknowledgePossession_Implementation MyCharackter_C_4
[2014.04.11-14.21.19:440][915]LogBlueprintUserMessages: X=530.000 Y=-620.000 Z=100.000
[2014.04.11-14.21.19:440][915]PIE: Info Play in editor start time for /Game/Maps/UEDPIE_0_MyTest -0.384
[2014.04.11-14.21.36:641][102]LogParticles: Destroying 0 GPU particle simulations for FXSystem 0x000000E43A5CB1A0
[2014.04.11-14.28.59:459][218]LogSlate:Warning: GetFontFace failed to load or process 'Roboto-Regular'
[2014.04.11-14.28.59:459][218]LogSlate:Warning: GetFontFace failed to load or process 'Roboto-Regular'
[2014.04.11-14.28.59:459][218]LogSlate:Warning: GetFontFace failed to load or process 'Roboto-Regular'
[2014.04.11-14.28.59:459][218]LogSlate:Warning: GetFontFace failed to load or process 'Roboto-Regular'
[2014.04.11-14.29.12:390][858]LogFileHelpers: Editor autosave (incl. sublevels) for '/Game/Maps/MyTest' took 0.026
[2014.04.11-14.29.44:069][722]BlueprintLog: New page: Compile Untitled
[2014.04.11-14.29.44:135][722]LogActorComponent: UnregisterComponent: (/Engine/Transient.CharacterMovementComponent_2) Not registered. Aborting.
[2014.04.11-14.29.44:343][722]BlueprintEditorCompileResults: Info [1323.03] Compile of Untitled successful! [in 16 ms]
[2014.04.11-14.29.47:925][754]BlueprintLog: New page: Pre-PIE auto-recompile
[2014.04.11-14.29.47:969][754]LogPlayLevel: [PIE] Compiling MyCharackter before PIE...
[2014.04.11-14.29.48:214][754]LogPlayLevel: [PIE] Compiling Untitled before PIE...
[2014.04.11-14.29.48:453][754]LogPlayLevel: PIE:  Blueprint regeneration took 528 ms (2 blueprints)
[2014.04.11-14.29.48:453][754]PIE: New page: PIE session: MyTest (Apr 11, 2014, 8:29:48 PM)
[2014.04.11-14.29.48:458][754]LogPlayLevel: PIE: StaticDuplicateObject took: (0.004650s)
[2014.04.11-14.29.48:459][754]LogPlayLevel: PIE: World Init took: (0.000828s)
[2014.04.11-14.29.48:459][754]LogPlayLevel: PIE: Created PIE world by copying editor world from /Game/Maps/MyTest.MyTest to /Game/Maps/UEDPIE_0_MyTest.MyTest (0.005692s)
[2014.04.11-14.29.48:459][754]LogWorld: Game class is 'AntiGameMode_C'
[2014.04.11-14.29.48:485][754]LogWorld: Bringing World /Game/Maps/UEDPIE_0_MyTest.MyTest up for play (max tick rate 0) at 2014.04.11-17.29.48
[2014.04.11-14.29.48:486][754]LogWorld: Bringing up level for play took: 0.001737
[2014.04.11-14.29.48:486][754]LogPlayerController: ClientRestart_Implementation MyCharackter_C_0
[2014.04.11-14.29.48:486][754]LogPlayerController: ServerAcknowledgePossession_Implementation MyCharackter_C_0
[2014.04.11-14.29.48:487][754]LogBlueprintUserMessages: X=530.000 Y=-620.000 Z=100.000
[2014.04.11-14.29.48:488][754]PIE: Info Play in editor start time for /Game/Maps/UEDPIE_0_MyTest 0.663
[2014.04.11-14.29.50:600][778]LogBlueprintUserMessages: Frome my level
[2014.04.11-14.29.52:997][806]LogBlueprintUserMessages: Frome my level
[2014.04.11-14.29.55:313][833]LogBlueprintUserMessages: Frome my level
[2014.04.11-14.29.55:485][835]LogBlueprintUserMessages: Frome my level
[2014.04.11-14.29.55:660][837]LogBlueprintUserMessages: Frome my level
[2014.04.11-14.29.55:829][839]LogBlueprintUserMessages: Frome my level
[2014.04.11-14.29.55:922][840]LogBlueprintUserMessages: Frome my level
[2014.04.11-14.29.56:102][842]LogBlueprintUserMessages: Frome my level
[2014.04.11-14.30.00:180][890]LogBlueprintUserMessages: Frome my level
[2014.04.11-14.30.02:472][915]LogActorComponent: UnregisterComponent: (/Engine/Transient.CharacterMovementComponent_3) Not registered. Aborting.
[2014.04.11-14.30.02:550][915]LogParticles: Destroying 0 GPU particle simulations for FXSystem 0x000000E43CEC71A0
[2014.04.11-14.39.26:954][578]LogActorComponent: UnregisterComponent: (/Engine/Transient.ProjectileMovementComponent_2) Not registered. Aborting.
[2014.04.11-14.39.26:954][578]LogActorComponent: UnregisterComponent: (/Engine/Transient.CharacterMovementComponent_4) Not registered. Aborting.
[2014.04.11-14.39.27:406][578]LogSavePackage: Save=231.260437ms
[2014.04.11-14.39.27:406][578]LogSavePackage: Moving 'C:/Users/v.boshchuk/Documents/Unreal Projects/MyProject/Saved//MyTest_Auto1643B6D1E42EC9FA281C226ADE5990E1A.tmp' to 'C:/Users/v.boshchuk/Documents/Unreal Projects/MyProject/Saved/Autosaves/Game/Maps/MyTest_Auto1.umap'
[2014.04.11-14.39.27:413][578]LogFileHelpers: Editor autosave (incl. sublevels) for '/Game/Maps/MyTest' took 0.459
[2014.04.11-14.39.27:413][578]LogFileHelpers: Editor autosave (incl. sublevels) for all levels took 0.459
[2014.04.11-14.44.58:686][559]LogActorComponent: UnregisterComponent: (/Engine/Transient.ProjectileMovementComponent_3) Not registered. Aborting.
[2014.04.11-14.44.58:686][559]LogActorComponent: UnregisterComponent: (/Engine/Transient.CharacterMovementComponent_5) Not registered. Aborting.
[2014.04.11-14.45.16:269][710]LogActorComponent: UnregisterComponent: (/Engine/Transient.ProjectileMovementComponent_4) Not registered. Aborting.
[2014.04.11-14.49.27:881][825]LogActorComponent: UnregisterComponent: (/Engine/Transient.ProjectileMovementComponent_5) Not registered. Aborting.
[2014.04.11-14.49.28:453][825]LogSavePackage: Save=349.088684ms
[2014.04.11-14.49.28:453][825]LogSavePackage: Moving 'C:/Users/v.boshchuk/Documents/Unreal Projects/MyProject/Saved//MyTest_Auto217435B6A44F7821F86F68F9D4D33C814.tmp' to 'C:/Users/v.boshchuk/Documents/Unreal Projects/MyProject/Saved/Autosaves/Game/Maps/MyTest_Auto2.umap'
[2014.04.11-14.49.28:459][825]LogFileHelpers: Editor autosave (incl. sublevels) for '/Game/Maps/MyTest' took 0.578
[2014.04.11-14.49.28:459][825]LogFileHelpers: Editor autosave (incl. sublevels) for all levels took 0.578
[2014.04.11-14.59.29:241][734]LogSavePackage: Save=306.251373ms
[2014.04.11-14.59.29:241][734]LogSavePackage: Moving 'C:/Users/v.boshchuk/Documents/Unreal Projects/MyProject/Saved//MyTest_Auto39E815C764DD22AFB59F621B127FB366F.tmp' to 'C:/Users/v.boshchuk/Documents/Unreal Projects/MyProject/Saved/Autosaves/Game/Maps/MyTest_Auto3.umap'
[2014.04.11-14.59.29:248][734]LogFileHelpers: Editor autosave (incl. sublevels) for '/Game/Maps/MyTest' took 0.520
[2014.04.11-14.59.29:248][734]LogFileHelpers: Editor autosave (incl. sublevels) for all levels took 0.520
[2014.04.11-15.03.30:417][771]Cmd: OBJ SAVEPACKAGE PACKAGE="/Game/Blueprints/MyProjectile" FILE="C:/Users/v.boshchuk/Documents/Unreal Projects/MyProject/Content/Blueprints/MyProjectile.uasset" SILENT=true
[2014.04.11-15.03.30:863][771]LogSavePackage: Save=418.937408ms
[2014.04.11-15.03.30:863][771]LogSavePackage: Moving 'C:/Users/v.boshchuk/Documents/Unreal Projects/MyProject/Saved//MyProjectile7C6C1D6242C45467CAA8CC81EAEC84DA.tmp' to 'C:/Users/v.boshchuk/Documents/Unreal Projects/MyProject/Content/Blueprints/MyProjectile.uasset'
[2014.04.11-15.03.32:945][844]LogActorComponent: UnregisterComponent: (/Engine/Transient.ProjectileMovementComponent_6) Not registered. Aborting.
[2014.04.11-15.03.33:380][844]LogSavePackage: Save=304.958801ms
[2014.04.11-15.03.33:380][844]LogSavePackage: Moving 'C:/Users/v.boshchuk/Documents/Unreal Projects/MyProject/Saved//MyTestD9D4FF1146D17E760F0C58A318064C6A.tmp' to 'C:/Users/v.boshchuk/Documents/Unreal Projects/MyProject/Content/Maps/MyTest.umap'
[2014.04.11-15.03.33:393][844]LogFileHelpers: Saving map 'MyTest' took 0.396
[2014.04.11-15.03.33:435][844]Cmd: OBJ SAVEPACKAGE PACKAGE="/Game/Blueprints/MyCharackter" FILE="C:/Users/v.boshchuk/Documents/Unreal Projects/MyProject/Content/Blueprints/MyCharackter.uasset" SILENT=true
[2014.04.11-15.03.33:770][844]LogSavePackage: Save=313.883820ms
[2014.04.11-15.03.33:770][844]LogSavePackage: Moving 'C:/Users/v.boshchuk/Documents/Unreal Projects/MyProject/Saved//MyCharackterF91F7F1B471649E68D76DB94508E8F4D.tmp' to 'C:/Users/v.boshchuk/Documents/Unreal Projects/MyProject/Content/Blueprints/MyCharackter.uasset'
[2014.04.12-12.20.24:529][197]BlueprintLog: New page: Pre-PIE auto-recompile
[2014.04.12-12.20.24:538][197]LogActorComponent: UnregisterComponent: (/Engine/Transient.CharacterMovementComponent_6) Not registered. Aborting.
[2014.04.12-12.20.24:543][197]LogPlayLevel: [PIE] Compiling MyProjectile before PIE...
[2014.04.12-12.20.24:963][197]LogPlayLevel: [PIE] Compiling Untitled before PIE...
[2014.04.12-12.20.25:410][197]LogPlayLevel: PIE:  Blueprint regeneration took 880 ms (2 blueprints)
[2014.04.12-12.20.25:410][197]PIE: New page: PIE session: MyTest (Apr 12, 2014, 6:20:25 PM)
[2014.04.12-12.20.25:416][197]LogPlayLevel: PIE: StaticDuplicateObject took: (0.006104s)
[2014.04.12-12.20.25:418][197]LogPlayLevel: PIE: World Init took: (0.001586s)
[2014.04.12-12.20.25:418][197]LogPlayLevel: PIE: Created PIE world by copying editor world from /Game/Maps/MyTest.MyTest to /Game/Maps/UEDPIE_0_MyTest.MyTest (0.007872s)
[2014.04.12-12.20.25:418][197]LogWorld: Game class is 'AntiGameMode_C'
[2014.04.12-12.20.25:447][197]LogWorld: Bringing World /Game/Maps/UEDPIE_0_MyTest.MyTest up for play (max tick rate 0) at 2014.04.12-15.20.25
[2014.04.12-12.20.25:448][197]LogWorld: Bringing up level for play took: 0.002383
[2014.04.12-12.20.25:448][197]LogPlayerController: ClientRestart_Implementation MyCharackter_C_1
[2014.04.12-12.20.25:448][197]LogPlayerController: ServerAcknowledgePossession_Implementation MyCharackter_C_1
[2014.04.12-12.20.25:449][197]LogBlueprintUserMessages: X=530.000 Y=-620.000 Z=100.000
[2014.04.12-12.20.25:450][197]PIE: Info Play in editor start time for /Game/Maps/UEDPIE_0_MyTest 1.047
[2014.04.12-12.20.33:911][281]LogActorComponent: UnregisterComponent: (/Engine/Transient.ProjectileMovementComponent_7) Not registered. Aborting.
[2014.04.12-12.20.33:988][282]LogParticles: Destroying 0 GPU particle simulations for FXSystem 0x000000E43CEDAC00
[2014.04.12-12.20.44:201][435]LogSavePackage: Save=326.623322ms
[2014.04.12-12.20.44:201][435]LogSavePackage: Moving 'C:/Users/v.boshchuk/Documents/Unreal Projects/MyProject/Saved//MyTest_Auto49895D5834EF0BB2AAE8281B7FCF0FF3F.tmp' to 'C:/Users/v.boshchuk/Documents/Unreal Projects/MyProject/Saved/Autosaves/Game/Maps/MyTest_Auto4.umap'
[2014.04.12-12.20.44:209][435]LogFileHelpers: Editor autosave (incl. sublevels) for '/Game/Maps/MyTest' took 0.476
[2014.04.12-12.20.44:209][435]LogFileHelpers: Editor autosave (incl. sublevels) for all levels took 0.476
[2014.04.12-12.20.53:293][703]LogSavePackage: Save=313.190582ms
[2014.04.12-12.20.53:293][703]LogSavePackage: Moving 'C:/Users/v.boshchuk/Documents/Unreal Projects/MyProject/Saved//MyTestFE6DE750479F90EF15E29C9760ED46F3.tmp' to 'C:/Users/v.boshchuk/Documents/Unreal Projects/MyProject/Content/Maps/MyTest.umap'
[2014.04.12-12.20.53:311][703]LogFileHelpers: Saving map 'MyTest' took 0.524
[2014.04.12-12.20.57:959][820]Cmd: QUIT_EDITOR
[2014.04.12-12.20.58:011][820]LogExit: Preparing to exit.
[2014.04.12-12.20.58:716][820]LogExit: Editor shut down
[2014.04.12-12.20.58:716][820]LogExit: Transaction tracking system shut down
[2014.04.12-12.20.58:717][820]LogParticles: Destroying 0 GPU particle simulations for FXSystem 0x000000E439AE2700
[2014.04.12-12.20.58:718][820]LogParticles: Destroying 0 GPU particle simulations for FXSystem 0x000000E431AF00E0
[2014.04.12-12.20.58:718][820]LogParticles: Destroying 0 GPU particle simulations for FXSystem 0x000000E427C8B2E0
[2014.04.12-12.20.58:718][820]LogParticles: Destroying 0 GPU particle simulations for FXSystem 0x000000E426A2B4C0
[2014.04.12-12.20.58:718][820]LogParticles: Destroying 0 GPU particle simulations for FXSystem 0x000000E4273E74C0
[2014.04.12-12.20.58:739][820]LogExit: Object subsystem successfully closed.
[2014.04.12-12.20.58:742][820]LogPhysics:Warning: PHYSX: ..\..\PhysX\src\NpScene.cpp (2861) 8 : PxScene::unlockWrite() called without matching call to PxScene::lockWrite(), behaviour will be undefined.
[2014.04.12-12.20.58:742][820]LogPhysics:Warning: PHYSX: ..\..\PhysX\src\NpScene.cpp (2861) 8 : PxScene::unlockWrite() called without matching call to PxScene::lockWrite(), behaviour will be undefined.
[2014.04.12-12.20.58:743][820]LogPhysics:Warning: PHYSX: ..\..\PhysX\src\NpScene.cpp (2861) 8 : PxScene::unlockWrite() called without matching call to PxScene::lockWrite(), behaviour will be undefined.
[2014.04.12-12.20.58:744][820]LogPhysics:Warning: PHYSX: ..\..\PhysX\src\NpScene.cpp (2861) 8 : PxScene::unlockWrite() called without matching call to PxScene::lockWrite(), behaviour will be undefined.
[2014.04.12-12.20.58:779][820]LogModuleManager: Shutting down and abandoning module DesktopPlatform (142)
[2014.04.12-12.20.58:779][820]LogModuleManager: Shutting down and abandoning module HTTP (141)
[2014.04.12-12.20.58:779][820]LogModuleManager: Shutting down and abandoning module CrashTracker (140)
[2014.04.12-12.20.58:779][820]LogModuleManager: Shutting down and abandoning module SceneOutliner (139)
[2014.04.12-12.20.58:779][820]LogModuleManager: Shutting down and abandoning module EditorWidgets (138)
[2014.04.12-12.20.58:779][820]LogModuleManager: Shutting down and abandoning module CollectionManager (137)
[2014.04.12-12.20.58:779][820]LogModuleManager: Shutting down and abandoning module StatsViewer (136)
[2014.04.12-12.20.58:779][820]LogModuleManager: Shutting down and abandoning module FoliageEdit (135)
[2014.04.12-12.20.58:779][820]LogModuleManager: Shutting down and abandoning module LandscapeEditor (134)
[2014.04.12-12.20.58:783][820]LogModuleManager: Shutting down and abandoning module MeshPaint (133)
[2014.04.12-12.20.58:783][820]LogModuleManager: Shutting down and abandoning module GeometryMode (132)
[2014.04.12-12.20.58:783][820]LogModuleManager: Shutting down and abandoning module TextureAlignMode (131)
[2014.04.12-12.20.58:783][820]LogModuleManager: Shutting down and abandoning module BspMode (130)
[2014.04.12-12.20.58:783][820]LogModuleManager: Shutting down and abandoning module PlacementMode (129)
[2014.04.12-12.20.58:783][820]LogModuleManager: Shutting down and abandoning module AutomationWorker (128)
[2014.04.12-12.20.58:783][820]LogModuleManager: Shutting down and abandoning module ViewportSnapping (127)
[2014.04.12-12.20.58:783][820]LogModuleManager: Shutting down and abandoning module GameplayTagsEditor (126)
[2014.04.12-12.20.58:783][820]LogModuleManager: Shutting down and abandoning module UserFeedback (125)
[2014.04.12-12.20.58:783][820]LogModuleManager: Shutting down and abandoning module XmlParser (124)
[2014.04.12-12.20.58:783][820]LogModuleManager: Shutting down and abandoning module OnlineBlueprintSupport (123)
[2014.04.12-12.20.58:783][820]LogModuleManager: Shutting down and abandoning module Blutility (122)
[2014.04.12-12.20.58:783][820]LogModuleManager: Shutting down and abandoning module IOSPlatformEditor (121)
[2014.04.12-12.20.58:784][820]LogModuleManager: Shutting down and abandoning module IOSRuntimeSettings (120)
[2014.04.12-12.20.58:784][820]LogModuleManager: Shutting down and abandoning module ProjectSettingsViewer (117)
[2014.04.12-12.20.58:784][820]LogModuleManager: Shutting down and abandoning module InputBindingEditor (116)
[2014.04.12-12.20.58:784][820]LogModuleManager: Shutting down and abandoning module EditorSettingsViewer (115)
[2014.04.12-12.20.58:784][820]LogModuleManager: Shutting down and abandoning module SettingsEditor (114)
[2014.04.12-12.20.58:784][820]LogModuleManager: Shutting down and abandoning module SessionLauncher (113)
[2014.04.12-12.20.58:784][820]LogModuleManager: Shutting down and abandoning module SessionFrontend (112)
[2014.04.12-12.20.58:784][820]LogModuleManager: Shutting down and abandoning module ProfilerClient (111)
[2014.04.12-12.20.58:784][820]LogModuleManager: Shutting down and abandoning module TargetDeviceServices (110)
[2014.04.12-12.20.58:784][820]LogModuleManager: Shutting down and abandoning module DeviceManager (109)
[2014.04.12-12.20.58:784][820]LogModuleManager: Shutting down and abandoning module AutomationController (108)
[2014.04.12-12.20.58:784][820]LogModuleManager: Shutting down and abandoning module AutomationWindow (107)
[2014.04.12-12.20.58:784][820]LogModuleManager: Shutting down and abandoning module Layers (106)
[2014.04.12-12.20.58:784][820]LogModuleManager: Shutting down and abandoning module ComponentVisualizers (105)
[2014.04.12-12.20.58:784][820]LogModuleManager: Shutting down and abandoning module DetailCustomizations (104)
[2014.04.12-12.20.58:784][820]LogModuleManager: Shutting down and abandoning module PreferencesEditor (103)
[2014.04.12-12.20.58:784][820]LogModuleManager: Shutting down and abandoning module PackagesDialog (102)
[2014.04.12-12.20.58:784][820]LogModuleManager: Shutting down and abandoning module DirectoryWatcher (101)
[2014.04.12-12.20.58:785][820]LogModuleManager: Shutting down and abandoning module AssetRegistry (100)
[2014.04.12-12.20.58:788][820]LogModuleManager: Shutting down and abandoning module Persona (99)
[2014.04.12-12.20.58:788][820]LogModuleManager: Shutting down and abandoning module GraphEditor (98)
[2014.04.12-12.20.58:788][820]LogModuleManager: Shutting down and abandoning module ContentBrowser (97)
[2014.04.12-12.20.58:788][820]LogModuleManager: Shutting down and abandoning module ClassViewer (96)
[2014.04.12-12.20.58:788][820]LogModuleManager: Shutting down and abandoning module Toolbox (95)
[2014.04.12-12.20.58:788][820]LogModuleManager: Shutting down and abandoning module ModuleUI (94)
[2014.04.12-12.20.58:788][820]LogModuleManager: Shutting down and abandoning module Sequencer (93)
[2014.04.12-12.20.58:788][820]LogModuleManager: Shutting down and abandoning module AssetTools (92)
[2014.04.12-12.20.58:788][820]LogModuleManager: Shutting down and abandoning module MovieSceneTools (91)
[2014.04.12-12.20.58:788][820]LogModuleManager: Shutting down and abandoning module OutputLog (90)
[2014.04.12-12.20.58:788][820]LogModuleManager: Shutting down and abandoning module GammaUI (89)
[2014.04.12-12.20.58:788][820]LogModuleManager: Shutting down and abandoning module Documentation (88)
[2014.04.12-12.20.58:788][820]LogModuleManager: Shutting down and abandoning module ProfilerService (87)
[2014.04.12-12.20.58:979][820]LogModuleManager: Shutting down and abandoning module TaskGraph (86)
[2014.04.12-12.20.58:979][820]LogModuleManager: Shutting down and abandoning module GameProjectGeneration (85)
[2014.04.12-12.20.58:979][820]LogModuleManager: Shutting down and abandoning module Matinee (84)
[2014.04.12-12.20.58:979][820]LogModuleManager: Shutting down and abandoning module Kismet (83)
[2014.04.12-12.20.58:979][820]LogModuleManager: Shutting down and abandoning module LevelEditor (82)
[2014.04.12-12.20.58:979][820]LogModuleManager: Shutting down and abandoning module MainFrame (81)
[2014.04.12-12.20.58:979][820]LogModuleManager: Shutting down and abandoning module SourceControl (80)
[2014.04.12-12.20.58:979][820]LogModuleManager: Shutting down and abandoning module ImageWrapper (79)
[2014.04.12-12.20.58:979][820]LogModuleManager: Shutting down and abandoning module FunctionalTesting (78)
[2014.04.12-12.20.58:979][820]LogModuleManager: Shutting down and abandoning module CollisionAnalyzer (77)
[2014.04.12-12.20.58:979][820]LogModuleManager: Shutting down and abandoning module WorkspaceMenuStructure (76)
[2014.04.12-12.20.58:980][820]LogModuleManager: Shutting down and abandoning module MessageLog (75)
[2014.04.12-12.20.58:980][820]LogModuleManager: Shutting down and abandoning module Slate (74)
[2014.04.12-12.20.58:980][820]LogModuleManager: Shutting down and abandoning module EditorStyle (73)
[2014.04.12-12.20.58:981][820]LogModuleManager: Shutting down and abandoning module SessionServices (72)
[2014.04.12-12.20.58:981][820]LogModuleManager: Shutting down and abandoning module VSAccessor (71)
[2014.04.12-12.20.58:981][820]LogModuleManager: Shutting down and abandoning module HeadMountedDisplay (70)
[2014.04.12-12.20.58:981][820]LogModuleManager: Shutting down and abandoning module XAudio2 (69)
[2014.04.12-12.20.58:981][820]LogModuleManager: Shutting down and abandoning module Networking (68)
[2014.04.12-12.20.58:981][820]LogModuleManager: Shutting down and abandoning module Core (67)
[2014.04.12-12.20.58:981][820]LogModuleManager: Shutting down and abandoning module KismetCompiler (66)
[2014.04.12-12.20.58:981][820]LogModuleManager: Shutting down and abandoning module PhysXFormats (65)
[2014.04.12-12.20.58:981][820]LogModuleManager: Shutting down and abandoning module MeshUtilities (64)
[2014.04.12-12.20.58:981][820]LogModuleManager: Shutting down and abandoning module DerivedDataCache (63)
[2014.04.12-12.20.59:062][820]LogDerivedDataCache: Shutdown
[2014.04.12-12.20.59:062][820]LogModuleManager: Shutting down and abandoning module ShaderFormatOpenGL (62)
[2014.04.12-12.20.59:062][820]LogModuleManager: Shutting down and abandoning module ShaderFormatD3D (61)
[2014.04.12-12.20.59:062][820]LogModuleManager: Shutting down and abandoning module TextureFormatUncompressed (60)
[2014.04.12-12.20.59:062][820]LogModuleManager: Shutting down and abandoning module TextureFormatPVR (59)
[2014.04.12-12.20.59:062][820]LogModuleManager: Shutting down and abandoning module TextureFormatDXT (58)
[2014.04.12-12.20.59:062][820]LogModuleManager: Shutting down and abandoning module AudioFormatOgg (57)
[2014.04.12-12.20.59:062][820]LogModuleManager: Shutting down and abandoning module AudioFormatADPCM (56)
[2014.04.12-12.20.59:062][820]LogModuleManager: Shutting down and abandoning module Messaging (55)
[2014.04.12-12.20.59:062][820]LogModuleManager: Shutting down and abandoning module IOSTargetPlatform (54)
[2014.04.12-12.20.59:062][820]LogModuleManager: Shutting down and abandoning module PropertyEditor (53)
[2014.04.12-12.20.59:062][820]LogModuleManager: Shutting down and abandoning module WindowsTargetPlatform (52)
[2014.04.12-12.20.59:062][820]LogModuleManager: Shutting down and abandoning module WindowsServerTargetPlatform (51)
[2014.04.12-12.20.59:062][820]LogModuleManager: Shutting down and abandoning module WindowsNoEditorTargetPlatform (50)
[2014.04.12-12.20.59:062][820]LogModuleManager: Shutting down and abandoning module WindowsClientTargetPlatform (49)
[2014.04.12-12.20.59:062][820]LogModuleManager: Shutting down and abandoning module TargetPlatform (48)
[2014.04.12-12.20.59:062][820]LogModuleManager: Shutting down and abandoning module InputCore (46)
[2014.04.12-12.20.59:062][820]LogModuleManager: Shutting down and abandoning module Settings (45)
[2014.04.12-12.20.59:062][820]LogModuleManager: Shutting down and abandoning module TextureCompressor (42)
[2014.04.12-12.20.59:062][820]LogModuleManager: Shutting down and abandoning module ShaderCore (41)
[2014.04.12-12.20.59:062][820]LogModuleManager: Shutting down and abandoning module OpenGLDrv (40)
[2014.04.12-12.20.59:062][820]LogModuleManager: Shutting down and abandoning module D3D11RHI (39)
[2014.04.12-12.20.59:062][820]LogModuleManager: Shutting down and abandoning module SlateRHIRenderer (38)
[2014.04.12-12.20.59:062][820]LogModuleManager: Shutting down and abandoning module Renderer (37)
[2014.04.12-12.20.59:062][820]LogModuleManager: Shutting down and abandoning module Engine (36)
[2014.04.12-12.20.59:062][820]LogModuleManager: Shutting down and abandoning module WindowsMoviePlayer (35)
[2014.04.12-12.20.59:064][820]LogModuleManager: Shutting down and abandoning module ExampleDeviceProfileSelector (30)
[2014.04.12-12.20.59:064][820]LogModuleManager: Shutting down and abandoning module CustomMeshComponent (29)
[2014.04.12-12.20.59:064][820]LogModuleManager: Shutting down and abandoning module CableComponent (28)
[2014.04.12-12.20.59:064][820]LogModuleManager: Shutting down and abandoning module OculusRift (25)
[2014.04.12-12.20.59:064][820]LogModuleManager: Shutting down and abandoning module UdpMessaging (24)
[2014.04.12-12.20.59:165][820]LogModuleManager: Shutting down and abandoning module MessagingDebugger (23)
[2014.04.12-12.20.59:165][820]LogModuleManager: Shutting down and abandoning module PluginsEditor (12)
[2014.04.12-12.20.59:165][820]LogModuleManager: Shutting down and abandoning module IntroTutorials (11)
[2014.04.12-12.20.59:165][820]LogModuleManager: Shutting down and abandoning module EpicSurvey (10)
[2014.04.12-12.20.59:165][820]LogModuleManager: Shutting down and abandoning module UObjectPlugin (9)
[2014.04.12-12.20.59:165][820]LogModuleManager: Shutting down and abandoning module SubversionSourceControl (8)
[2014.04.12-12.20.59:165][820]LogModuleManager: Shutting down and abandoning module PerforceSourceControl (7)
[2014.04.12-12.20.59:165][820]LogModuleManager: Shutting down and abandoning module BlankPlugin (6)
[2014.04.12-12.20.59:165][820]LogModuleManager: Shutting down and abandoning module CoreUObject (5)
[2014.04.12-12.20.59:165][820]LogModuleManager: Shutting down and abandoning module NetworkFile (4)
[2014.04.12-12.20.59:165][820]LogModuleManager: Shutting down and abandoning module StreamingFile (3)
[2014.04.12-12.20.59:165][820]LogModuleManager: Shutting down and abandoning module SandboxFile (2)
[2014.04.12-12.20.59:165][820]LogModuleManager: Shutting down and abandoning module PakFile (1)
[2014.04.12-12.20.59:165][820]LogExit: Exiting.
[2014.04.12-12.20.59:167][820]Log file closed, 04/12/14 15:20:59
