Log file open, 04/27/14 21:22:10
LogInit:Display: Running engine for game: MyProject
LogInit: Version: 4.1.0-0+UE4
LogInit: Compiled (64-bit): Apr  8 2014 22:36:54
LogInit: Build Configuration: Development
LogInit: Branch Name: UE4
LogInit: Command line: 
LogInit: Base directory: E:/UnrealEngine-4.1.0/Engine/Binaries/Win64/
[2014.04.27-18.22.10:743][  0]LogTaskGraph: Started task graph with 3 named threads and 4 total threads.
[2014.04.27-18.22.10:768][  0]LogOnline:Warning: No default platform service specified for OnlineSubsystem
[2014.04.27-18.22.10:774][  0]LogInit: Presizing for 0 objects not considered by GC, pre-allocating 0 bytes.
[2014.04.27-18.22.10:782][  0]LogInit: Object subsystem initialized
[2014.04.27-18.22.10:784][  0]LogInit: Selected Device Profile: [Windows]
[2014.04.27-18.22.10:784][  0]LogInit: Applying CVar settings loaded from the selected device profile: [Windows]
[2014.04.27-18.22.10:787][  0]LogInit: Computer: NCC-PC
[2014.04.27-18.22.10:788][  0]LogInit: User: Boshchuk
[2014.04.27-18.22.10:789][  0]LogInit: CPU Page size=4096, Cores=2
[2014.04.27-18.22.10:789][  0]LogInit: High frequency timer resolution =3.410226 MHz
[2014.04.27-18.22.10:789][  0]LogInit: Memory total: Physical=8.0GB (8GB approx) Pagefile=131064.0GB Virtual=131072.0GB
[2014.04.27-18.22.10:818][  0]LogD3D11RHI: Found D3D11 adapter 0: NVIDIA GeForce GTX 660   (Feature Level 11_0)
[2014.04.27-18.22.10:818][  0]LogD3D11RHI: Adapter has 1989MB of dedicated video memory, 0MB of dedicated system memory, and 2048MB of shared system memory
[2014.04.27-18.22.10:819][  0]LogD3D11RHI: Found D3D11 adapter 1: Microsoft Basic Render Driver (Feature Level 11_0)
[2014.04.27-18.22.10:819][  0]LogD3D11RHI: Adapter has 0MB of dedicated video memory, 0MB of dedicated system memory, and 256MB of shared system memory
[2014.04.27-18.22.10:819][  0]LogD3D11RHI: Chosen D3D11 Adapter Id = 0
[2014.04.27-18.22.10:823][  0]LogRHI: Texture pool is 1361 MB (70% of 1945 MB)
[2014.04.27-18.22.10:832][  0]LogD3D11RHI: Async texture creation enabled
[2014.04.27-18.22.10:894][  0]LogContentStreaming: Texture pool size is 0.000000MB
[2014.04.27-18.22.10:911][  0]LogInit: WinSock: version 1.1 (2.2), MaxSocks=32767, MaxUdp=65467
[2014.04.27-18.22.11:462][  0]LogTargetPlatformManager:Display: Building Assets For Windows
[2014.04.27-18.22.11:519][  0]LogTargetPlatformManager:Display: Building Assets For Windows
[2014.04.27-18.22.11:543][  0]LogDerivedDataCache:Display: Max Cache Size: 512 MB
[2014.04.27-18.22.11:597][  0]LogDerivedDataCache: Loaded boot cache 0.05s 58MB ../../../../Users/Boshchuk/Documents/Unreal Projects/MyProject/DerivedDataCache/Boot.ddc.
[2014.04.27-18.22.11:597][  0]LogDerivedDataCache:Display: Loaded Boot cache: ../../../../Users/Boshchuk/Documents/Unreal Projects/MyProject/DerivedDataCache/Boot.ddc
[2014.04.27-18.22.11:597][  0]LogDerivedDataCache: FDerivedDataBackendGraph:  Pak pak cache file ../../../../Users/Boshchuk/Documents/Unreal Projects/MyProject/DerivedDataCache/DDC.ddp not found, will not use a pak cache.
[2014.04.27-18.22.11:597][  0]LogDerivedDataCache: Unable to find inner node Pak for hierarchical cache Hierarchy.
[2014.04.27-18.22.11:597][  0]LogDerivedDataCache: FDerivedDataBackendGraph:  EnginePak pak cache file ../../../Engine/DerivedDataCache/DDC.ddp not found, will not use a pak cache.
[2014.04.27-18.22.11:597][  0]LogDerivedDataCache: Unable to find inner node EnginePak for hierarchical cache Hierarchy.
[2014.04.27-18.22.11:609][  0]LogDerivedDataCache: Using Local data cache path ../../../Engine/DerivedDataCache: Writable
[2014.04.27-18.22.11:611][  0]LogDerivedDataCache:Warning: Fail to write to //epicgames.net/root/UE4DDC, derived data cache to this directory will be read only.
[2014.04.27-18.22.11:611][  0]LogDerivedDataCache:Warning: Shared data cache path was not usable, will not use it.
[2014.04.27-18.22.11:611][  0]LogDerivedDataCache: Unable to find inner node Shared for hierarchical cache Hierarchy.
[2014.04.27-18.22.11:737][  0]LogMeshUtilities: No automatic mesh reduction module available
[2014.04.27-18.22.11:737][  0]LogMeshUtilities: No automatic mesh merging module available
[2014.04.27-18.22.11:947][  0]LogEnum:Warning: Enum Text 1 for Enum ECustomDepth failed to resolve to any value
[2014.04.27-18.22.11:947][  0]LogEnum:Warning: Enum Text 3 for Enum EEarlyZPass failed to resolve to any value
[2014.04.27-18.22.11:947][  0]LogEnum:Warning: Enum Text 1 for Enum EClearSceneOptions failed to resolve to any value
[2014.04.27-18.22.11:947][  0]LogEnum:Warning: Enum Text 4 for Enum ECompositingSampleCount failed to resolve to any value
[2014.04.27-18.22.12:449][  0]UdpMessaging: Initializing bridge on interface 0.0.0.0:0 to multicast group 230.0.0.1:6666.
[2014.04.27-18.22.12:518][  0]SourceControl: Info Source control is disabled
[2014.04.27-18.22.12:518][  0]SourceControl: Info Source control is disabled
[2014.04.27-18.22.12:521][  0]SourceControl: Info Source control is disabled
[2014.04.27-18.22.12:583][  0]BlueprintLog: New page: Editor Load
[2014.04.27-18.22.12:605][  0]LogObj: 18591 objects as part of root set at end of initial load.
[2014.04.27-18.22.12:605][  0]LogUObjectAllocator: 3700024 out of 0 bytes used by permanent object pool.
[2014.04.27-18.22.12:782][  0]LogAutomationTest:Warning: Loading localization resources contain conflicting entries for (Namespace:UICommands, Key:ToggleRealtime_ToolTip):
Resource: (E:/UnrealEngine-4.1.0/Engine/Content/Localization/Editor/en/Editor.locres) Hash: (-291638278) String: (Toggle Realtime)
Resource: (E:/UnrealEngine-4.1.0/Engine/Content/Localization/Editor/en/Editor.locres) Hash: (-1913389001) String: (Toggles real time rendering in this viewport)
[2014.04.27-18.22.12:782][  0]LogAutomationTest:Warning: Loading localization resources contain conflicting entries for (Namespace:UICommands, Key:ToggleRealtime_ToolTip):
Resource: (E:/UnrealEngine-4.1.0/Engine/Content/Localization/Editor/en/Editor.locres) Hash: (-291638278) String: (Toggle Realtime)
Resource: (E:/UnrealEngine-4.1.0/Engine/Content/Localization/Editor/en/Editor.locres) Hash: (-1913389001) String: (Toggles real time rendering in this viewport)
[2014.04.27-18.22.12:782][  0]LogAutomationTest:Warning: Loading localization resources contain conflicting entries for (Namespace:UICommands, Key:ToggleRealtime_ToolTip):
Resource: (E:/UnrealEngine-4.1.0/Engine/Content/Localization/Editor/en/Editor.locres) Hash: (-291638278) String: (Toggle Realtime)
Resource: (E:/UnrealEngine-4.1.0/Engine/Content/Localization/Editor/en/Editor.locres) Hash: (-1913389001) String: (Toggles real time rendering in this viewport)
[2014.04.27-18.22.12:782][  0]LogEngine: Initializing Engine...
[2014.04.27-18.22.12:879][  0]LogInit: XAudio2 using 'BenQ GW2450H-4 (NVIDIA High Definition Audio)' : 2 channels at 48 kHz using 16 bits per sample (channel mask 0x3)
[2014.04.27-18.22.12:884][  0]LogInit: FAudioDevice initialized.
[2014.04.27-18.22.12:916][  0]LogDerivedDataCache: Saved boot cache 0.03s 58MB ../../../../Users/Boshchuk/Documents/Unreal Projects/MyProject/DerivedDataCache/Boot.ddc.
[2014.04.27-18.22.12:921][  0]LogInit: Texture streaming: Enabled
[2014.04.27-18.22.12:933][  0]LogInit: Transaction tracking system initialized
[2014.04.27-18.22.12:991][  0]LogAssetRegistry: FAssetRegistry took 0.0104 seconds to start up
[2014.04.27-18.22.13:078][  0]LogModuleManager:Warning: ModuleManager: Unable to load module '' because the file was not found.
[2014.04.27-18.22.13:082][  0]LogModuleManager:Warning: ModuleManager: Unable to load module '' because the file was not found.
[2014.04.27-18.22.13:132][  0]LogConsoleResponse:Display: 
[2014.04.27-18.22.13:291][  0]SourceControl: Info Source control is disabled
[2014.04.27-18.22.13:291][  0]Cmd: MAP LOAD FILE="../../../../Users/Boshchuk/Documents/Unreal Projects/MyProject/Content/Maps/Minimal_Default.umap" TEMPLATE=0 SHOWPROGRESS=1 WORLDCOMPOSITION=0
[2014.04.27-18.22.13:298][  0]LightingResults: New page: Lighting Build
[2014.04.27-18.22.13:301][  0]MapCheck: New page: Map Check
[2014.04.27-18.22.13:301][  0]LightingResults: New page: Lighting Build
[2014.04.27-18.22.13:315][  0]LogParticles: Destroying 0 GPU particle simulations for FXSystem 0x000000E85FE0A340
[2014.04.27-18.22.14:668][  0]LogEditorServer: Finished looking for orphan Actors (0.000 secs)
[2014.04.27-18.22.14:676][  0]Cmd: MAP CHECKDEP
[2014.04.27-18.22.14:676][  0]MapCheck: New page: Minimal_Default - 28 0?@. 2014 3., 0:22:14
[2014.04.27-18.22.14:703][  0]MapCheck: Info ========== Map Check: 0 Error(s), 0 Warning(s), [26,188ms] ==========
[2014.04.27-18.22.14:703][  0]LogFileHelpers: Loading map 'Minimal_Default' took 1.411
[2014.04.27-18.22.14:893][  0]LogCollectionManager: Loaded 0 collections in 0.000535 seconds
[2014.04.27-18.22.16:102][  0]LogCrashTracker: Crashtracker disabled due to settings.
[2014.04.27-18.22.16:171][  0]Cmd: MODE PLACEMENT
[2014.04.27-18.22.23:678][  0]LogRenderer:Warning: Reallocating scene render targets to support 32x32.
[2014.04.27-18.22.23:913][  0]LogRenderer:Warning: Reallocating scene render targets to support 624x624.
[2014.04.27-18.22.23:983][  0]LogLinker:Warning: Can't resolve asset name
[2014.04.27-18.22.24:010][  0]LogInit: Using libcurl 7.34.0
[2014.04.27-18.22.24:010][  0]LogInit:  - built for x86_64-pc-win32
[2014.04.27-18.22.24:010][  0]LogInit:  - supports SSL with WinSSL
[2014.04.27-18.22.24:010][  0]LogInit:  - other features:
[2014.04.27-18.22.24:010][  0]LogInit:      CURL_VERSION_SSL
[2014.04.27-18.22.24:010][  0]LogInit:      CURL_VERSION_ASYNCHDNS
[2014.04.27-18.22.24:010][  0]LogInit:      CURL_VERSION_LARGEFILE
[2014.04.27-18.22.24:010][  0]LogInit:      CURL_VERSION_IDN
[2014.04.27-18.22.24:010][  0]LogInit: Libcurl will NOT reuse connections
[2014.04.27-18.22.24:063][  0]LogLoad: Full Startup: 13.97 seconds (BP compile: 0.08 seconds)
[2014.04.27-18.22.24:086][  0]LogContentBrowser:Verbose: The content browser source was changed by the sources view to '/Game/Blueprints'
[2014.04.27-18.22.24:171][  1]LogAssetRegistry: Asset discovery search completed in 11.1903 seconds
[2014.04.27-18.22.24:511][ 29]LogEpicSurvey:Warning: EnumerateFiles request failed. Invalid response. code=403 error=<?xml version="1.0" encoding="UTF-8"?>
<Error><Code>AccessDenied</Code><Message>Access Denied</Message><RequestId>A435743CAC977DBD</RequestId><HostId>Zjnfpk1wDEAlGGmVkFFhT+x03rdniCO2CZIZXl+LwZZy641G8KXYZD8TGqTUiHIPEj2fpKqniVw=</HostId></Error>
[2014.04.27-18.22.24:570][ 36]LogEpicSurvey:Warning: EnumerateFiles request failed. Invalid response. code=403 error=<?xml version="1.0" encoding="UTF-8"?>
<Error><Code>AccessDenied</Code><Message>Access Denied</Message><RequestId>57265D8E52C1C90E</RequestId><HostId>oxn1eWBxikKDATFNGDAcYFia/20CEKu1hvnBP/mV3ElXAgYa+N3qWe+uB0Igd9+5CcB7IUPlQQI=</HostId></Error>
[2014.04.27-18.22.24:627][ 42]LogEpicSurvey:Warning: EnumerateFiles request failed. Invalid response. code=403 error=<?xml version="1.0" encoding="UTF-8"?>
<Error><Code>AccessDenied</Code><Message>Access Denied</Message><RequestId>593268992AFD0758</RequestId><HostId>AlF0JgzJrsDr8RAHkFXIy9hZt+UFD1h+znHO4H5VGtfy3Pwp/YrxLxYNVsrFleTl</HostId></Error>
[2014.04.27-18.22.27:851][300]LogRenderer:Warning: Reallocating scene render targets to support 624x656.
[2014.04.27-18.22.33:661][635]LogActorComponent: UnregisterComponent: (/Engine/Transient.ProjectileMovementComponent_0) Not registered. Aborting.
[2014.04.27-18.22.33:681][635]Cmd: MAP LOAD FILE="../../../../Users/Boshchuk/Documents/Unreal Projects/MyProject/Content/Maps/MyTest.umap" TEMPLATE=0 SHOWPROGRESS=1 WORLDCOMPOSITION=0
[2014.04.27-18.22.33:682][635]LightingResults: New page: Lighting Build
[2014.04.27-18.22.33:698][635]Cmd: MODE PLACEMENT
[2014.04.27-18.22.33:718][635]LoadErrors: New page: Loading map: MyTest.umap
[2014.04.27-18.22.33:718][635]MapCheck: New page: Map Check
[2014.04.27-18.22.33:718][635]LightingResults: New page: Lighting Build
[2014.04.27-18.22.33:742][635]LogParticles: Destroying 0 GPU particle simulations for FXSystem 0x000000E85CD16B60
[2014.04.27-18.22.33:781][635]LogBlueprint:Warning: [compiler] Warning Unable to find function with name 'ReadyForRemoteControl' for  Ready for Remote Control 
[2014.04.27-18.22.33:784][635]LogBlueprint:Warning: [compiler] Warning [0023,69] Compile of MyCharackter successful, but with 1 Warning(s) [in 5 ms]
[2014.04.27-18.22.33:787][635]LogBlueprint:Warning: [compiler] Warning Unable to find function with name 'ReadyForRemoteControl' for  Ready for Remote Control 
[2014.04.27-18.22.33:790][635]LogBlueprint:Warning: [compiler] Warning [0023,70] Compile of MyCharackter successful, but with 1 Warning(s) [in 5 ms]
[2014.04.27-18.22.34:066][635]LogEditorServer: Finished looking for orphan Actors (0.000 secs)
[2014.04.27-18.22.34:099][635]Cmd: MAP CHECKDEP
[2014.04.27-18.22.34:099][635]MapCheck: New page: MyTest - 28 0?@. 2014 3., 0:22:34
[2014.04.27-18.22.34:128][635]MapCheck: Info ========== Map Check: 0 Error(s), 0 Warning(s), [28,48ms] ==========
[2014.04.27-18.22.34:128][635]LogFileHelpers: Loading map 'MyTest' took 0.446
[2014.04.27-18.22.35:987][837]LogRenderer:Warning: Reallocating scene render targets to support 1200x672.
[2014.04.27-18.23.26:104][802]LogSlate:Warning: GetFontFace failed to load or process 'Roboto-Regular'
[2014.04.27-18.23.26:104][802]LogSlate:Warning: GetFontFace failed to load or process 'Roboto-Regular'
[2014.04.27-18.23.26:104][802]LogSlate:Warning: GetFontFace failed to load or process 'Roboto-Regular'
[2014.04.27-18.23.26:104][802]LogSlate:Warning: GetFontFace failed to load or process 'Roboto-Regular'
[2014.04.27-18.23.26:104][802]LogSlate:Warning: GetFontFace failed to load or process 'Roboto-Regular'
[2014.04.27-18.23.26:104][802]LogSlate:Warning: GetFontFace failed to load or process 'Roboto-Regular'
[2014.04.27-18.23.26:104][802]LogSlate:Warning: GetFontFace failed to load or process 'Roboto-Regular'
[2014.04.27-18.23.26:104][802]LogSlate:Warning: GetFontFace failed to load or process 'Roboto-Regular'
[2014.04.27-18.23.26:104][802]LogSlate:Warning: GetFontFace failed to load or process 'Roboto-Regular'
[2014.04.27-18.23.26:104][802]LogSlate:Warning: GetFontFace failed to load or process 'Roboto-Regular'
[2014.04.27-18.23.26:104][802]LogSlate:Warning: GetFontFace failed to load or process 'Roboto-Regular'
[2014.04.27-18.23.26:104][802]LogSlate:Warning: GetFontFace failed to load or process 'Roboto-Regular'
[2014.04.27-18.23.26:104][802]LogSlate:Warning: GetFontFace failed to load or process 'Roboto-Regular'
[2014.04.27-18.23.26:104][802]LogSlate:Warning: GetFontFace failed to load or process 'Roboto-Regular'
[2014.04.27-18.23.26:105][802]LogSlate:Warning: GetFontFace failed to load or process 'Roboto-Regular'
[2014.04.27-18.23.26:105][802]LogSlate:Warning: GetFontFace failed to load or process 'Roboto-Regular'
[2014.04.27-18.24.15:106][616]LogSlate:Warning: GetFontFace failed to load or process 'Roboto-Regular'
[2014.04.27-18.24.15:106][616]LogSlate:Warning: GetFontFace failed to load or process 'Roboto-Regular'
[2014.04.27-18.24.15:106][616]LogSlate:Warning: GetFontFace failed to load or process 'Roboto-Regular'
[2014.04.27-18.24.15:106][616]LogSlate:Warning: GetFontFace failed to load or process 'Roboto-Regular'
[2014.04.27-18.24.15:106][616]LogSlate:Warning: GetFontFace failed to load or process 'Roboto-Regular'
[2014.04.27-18.24.15:106][616]LogSlate:Warning: GetFontFace failed to load or process 'Roboto-Regular'
[2014.04.27-18.24.15:106][616]LogSlate:Warning: GetFontFace failed to load or process 'Roboto-Regular'
[2014.04.27-18.24.55:917][844]LogSlate:Warning: GetFontFace failed to load or process 'Roboto-Regular'
[2014.04.27-18.24.55:917][844]LogSlate:Warning: GetFontFace failed to load or process 'Roboto-Regular'
[2014.04.27-18.24.55:917][844]LogSlate:Warning: GetFontFace failed to load or process 'Roboto-Regular'
[2014.04.27-18.24.55:917][844]LogSlate:Warning: GetFontFace failed to load or process 'Roboto-Regular'
[2014.04.27-18.25.18:677][ 82]LogSlate:Warning: GetFontFace failed to load or process 'Roboto-Regular'
[2014.04.27-18.25.18:678][ 82]LogSlate:Warning: GetFontFace failed to load or process 'Roboto-Regular'
[2014.04.27-18.25.18:678][ 82]LogSlate:Warning: GetFontFace failed to load or process 'Roboto-Regular'
[2014.04.27-18.25.53:645][966]BlueprintLog: New page: Pre-PIE auto-recompile
[2014.04.27-18.25.53:777][966]LogPlayLevel: [PIE] Compiling Untitled before PIE...
[2014.04.27-18.25.53:995][966]LogActorComponent: UnregisterComponent: (/Engine/Transient.CharacterMovementComponent_0) Not registered. Aborting.
[2014.04.27-18.25.53:995][966]LogActorComponent: UnregisterComponent: (/Engine/Transient.ProjectileMovementComponent_1) Not registered. Aborting.
[2014.04.27-18.25.54:025][966]LogPlayLevel: PIE:  Blueprint regeneration took 379 ms (1 blueprints)
[2014.04.27-18.25.54:025][966]PIE: New page: PIE session: MyTest (28 0?@. 2014 3., 0:25:54)
[2014.04.27-18.25.54:034][966]LogPlayLevel: PIE: StaticDuplicateObject took: (0.008667s)
[2014.04.27-18.25.54:034][966]LogPlayLevel: PIE: World Init took: (0.000508s)
[2014.04.27-18.25.54:034][966]LogPlayLevel: PIE: Created PIE world by copying editor world from /Game/Maps/MyTest.MyTest to /Game/Maps/UEDPIE_0_MyTest.MyTest (0.009367s)
[2014.04.27-18.25.54:034][966]LogWorld: Game class is 'AntiGameMode_C'
[2014.04.27-18.25.54:101][966]LogWorld: Bringing World /Game/Maps/UEDPIE_0_MyTest.MyTest up for play (max tick rate 0) at 2014.04.27-21.25.54
[2014.04.27-18.25.54:101][966]LogWorld: Bringing up level for play took: 0.001221
[2014.04.27-18.25.54:125][966]LogGameMode: RestartPlayer 256
[2014.04.27-18.25.54:146][966]LogPlayerController: ClientRestart_Implementation MyCharackter_C_0
[2014.04.27-18.25.54:146][966]LogPlayerController: ServerAcknowledgePossession_Implementation MyCharackter_C_0
[2014.04.27-18.25.54:223][966]PIE: Info Play in editor start time for /Game/Maps/UEDPIE_0_MyTest 1,177
[2014.04.27-18.26.07:489][857]LogParticles: Destroying 0 GPU particle simulations for FXSystem 0x000000E867A6AD40
[2014.04.27-18.26.27:273][962]BlueprintLog: New page: Pre-PIE auto-recompile
[2014.04.27-18.26.27:322][962]LogPlayLevel: [PIE] Compiling Untitled before PIE...
[2014.04.27-18.26.27:484][962]LogPlayLevel: PIE:  Blueprint regeneration took 211 ms (1 blueprints)
[2014.04.27-18.26.27:484][962]PIE: New page: PIE session: MyTest (28 0?@. 2014 3., 0:26:27)
[2014.04.27-18.26.27:492][962]LogPlayLevel: PIE: StaticDuplicateObject took: (0.008725s)
[2014.04.27-18.26.27:493][962]LogPlayLevel: PIE: World Init took: (0.000637s)
[2014.04.27-18.26.27:493][962]LogPlayLevel: PIE: Created PIE world by copying editor world from /Game/Maps/MyTest.MyTest to /Game/Maps/UEDPIE_0_MyTest.MyTest (0.009573s)
[2014.04.27-18.26.27:493][962]LogWorld: Game class is 'AntiGameMode_C'
[2014.04.27-18.26.27:529][962]LogWorld: Bringing World /Game/Maps/UEDPIE_0_MyTest.MyTest up for play (max tick rate 0) at 2014.04.27-21.26.27
[2014.04.27-18.26.27:529][962]LogWorld: Bringing up level for play took: 0.001317
[2014.04.27-18.26.27:529][962]LogGameMode: RestartPlayer 257
[2014.04.27-18.26.27:530][962]LogPlayerController: ClientRestart_Implementation MyCharackter_C_1
[2014.04.27-18.26.27:530][962]LogPlayerController: ServerAcknowledgePossession_Implementation MyCharackter_C_1
[2014.04.27-18.26.27:531][962]PIE: Info Play in editor start time for /Game/Maps/UEDPIE_0_MyTest 0,486
[2014.04.27-18.26.51:420][273]LogParticles: Destroying 0 GPU particle simulations for FXSystem 0x000000E8649A0B80
[2014.04.27-18.27.35:298][669]BlueprintLog: New page: Pre-PIE auto-recompile
[2014.04.27-18.27.35:370][669]LogPlayLevel: [PIE] Compiling Untitled before PIE...
[2014.04.27-18.27.35:542][669]LogPlayLevel: PIE:  Blueprint regeneration took 243 ms (1 blueprints)
[2014.04.27-18.27.35:542][669]PIE: New page: PIE session: MyTest (28 0?@. 2014 3., 0:27:35)
[2014.04.27-18.27.35:551][669]LogPlayLevel: PIE: StaticDuplicateObject took: (0.008558s)
[2014.04.27-18.27.35:551][669]LogPlayLevel: PIE: World Init took: (0.000544s)
[2014.04.27-18.27.35:551][669]LogPlayLevel: PIE: Created PIE world by copying editor world from /Game/Maps/MyTest.MyTest to /Game/Maps/UEDPIE_0_MyTest.MyTest (0.009272s)
[2014.04.27-18.27.35:551][669]LogWorld: Game class is 'AntiGameMode_C'
[2014.04.27-18.27.35:587][669]LogWorld: Bringing World /Game/Maps/UEDPIE_0_MyTest.MyTest up for play (max tick rate 0) at 2014.04.27-21.27.35
[2014.04.27-18.27.35:588][669]LogWorld: Bringing up level for play took: 0.001329
[2014.04.27-18.27.35:588][669]LogGameMode: RestartPlayer 258
[2014.04.27-18.27.35:588][669]LogPlayerController: ClientRestart_Implementation MyCharackter_C_2
[2014.04.27-18.27.35:588][669]LogPlayerController: ServerAcknowledgePossession_Implementation MyCharackter_C_2
[2014.04.27-18.27.35:590][669]PIE: Info Play in editor start time for /Game/Maps/UEDPIE_0_MyTest 0,545
[2014.04.27-18.27.44:173][134]LogParticles: Destroying 0 GPU particle simulations for FXSystem 0x000000E867A687C0
[2014.04.27-18.28.08:106][500]BlueprintLog: New page: Pre-PIE auto-recompile
[2014.04.27-18.28.08:178][500]LogPlayLevel: [PIE] Compiling Untitled before PIE...
[2014.04.27-18.28.08:350][500]LogPlayLevel: PIE:  Blueprint regeneration took 243 ms (1 blueprints)
[2014.04.27-18.28.08:350][500]PIE: New page: PIE session: MyTest (28 0?@. 2014 3., 0:28:08)
[2014.04.27-18.28.08:359][500]LogPlayLevel: PIE: StaticDuplicateObject took: (0.008907s)
[2014.04.27-18.28.08:360][500]LogPlayLevel: PIE: World Init took: (0.000620s)
[2014.04.27-18.28.08:360][500]LogPlayLevel: PIE: Created PIE world by copying editor world from /Game/Maps/MyTest.MyTest to /Game/Maps/UEDPIE_0_MyTest.MyTest (0.009729s)
[2014.04.27-18.28.08:360][500]LogWorld: Game class is 'AntiGameMode_C'
[2014.04.27-18.28.08:396][500]LogWorld: Bringing World /Game/Maps/UEDPIE_0_MyTest.MyTest up for play (max tick rate 0) at 2014.04.27-21.28.08
[2014.04.27-18.28.08:397][500]LogWorld: Bringing up level for play took: 0.001177
[2014.04.27-18.28.08:397][500]LogGameMode: RestartPlayer 259
[2014.04.27-18.28.08:397][500]LogPlayerController: ClientRestart_Implementation MyCharackter_C_3
[2014.04.27-18.28.08:397][500]LogPlayerController: ServerAcknowledgePossession_Implementation MyCharackter_C_3
[2014.04.27-18.28.08:399][500]PIE: Info Play in editor start time for /Game/Maps/UEDPIE_0_MyTest -0,646
[2014.04.27-18.28.11:697][673]LogParticles: Destroying 0 GPU particle simulations for FXSystem 0x000000E86C04AE80
[2014.04.27-18.28.21:332][205]LogEditorViewport: Clicking on Actor (LMB): BP_Sky_Sphere_C (BP_Sky_Shere)
[2014.04.27-18.28.23:002][293]BlueprintLog: New page: Pre-PIE auto-recompile
[2014.04.27-18.28.23:073][293]LogPlayLevel: [PIE] Compiling Untitled before PIE...
[2014.04.27-18.28.23:246][293]LogPlayLevel: PIE:  Blueprint regeneration took 244 ms (1 blueprints)
[2014.04.27-18.28.23:246][293]PIE: New page: PIE session: MyTest (28 0?@. 2014 3., 0:28:23)
[2014.04.27-18.28.23:255][293]LogPlayLevel: PIE: StaticDuplicateObject took: (0.008256s)
[2014.04.27-18.28.23:255][293]LogPlayLevel: PIE: World Init took: (0.000548s)
[2014.04.27-18.28.23:255][293]LogPlayLevel: PIE: Created PIE world by copying editor world from /Game/Maps/MyTest.MyTest to /Game/Maps/UEDPIE_0_MyTest.MyTest (0.008975s)
[2014.04.27-18.28.23:255][293]LogWorld: Game class is 'AntiGameMode_C'
[2014.04.27-18.28.23:292][293]LogWorld: Bringing World /Game/Maps/UEDPIE_0_MyTest.MyTest up for play (max tick rate 0) at 2014.04.27-21.28.23
[2014.04.27-18.28.23:292][293]LogWorld: Bringing up level for play took: 0.001326
[2014.04.27-18.28.23:292][293]LogGameMode: RestartPlayer 260
[2014.04.27-18.28.23:293][293]LogPlayerController: ClientRestart_Implementation MyCharackter_C_4
[2014.04.27-18.28.23:293][293]LogPlayerController: ServerAcknowledgePossession_Implementation MyCharackter_C_4
[2014.04.27-18.28.23:294][293]PIE: Info Play in editor start time for /Game/Maps/UEDPIE_0_MyTest 0,25
[2014.04.27-18.28.25:671][411]LogParticles: Destroying 0 GPU particle simulations for FXSystem 0x000000E86782EE80
[2014.04.27-18.28.30:401][658]BlueprintLog: New page: Pre-PIE auto-recompile
[2014.04.27-18.28.30:472][658]LogPlayLevel: [PIE] Compiling Untitled before PIE...
[2014.04.27-18.28.30:647][658]LogPlayLevel: PIE:  Blueprint regeneration took 246 ms (1 blueprints)
[2014.04.27-18.28.30:647][658]PIE: New page: PIE session: MyTest (28 0?@. 2014 3., 0:28:30)
[2014.04.27-18.28.30:656][658]LogPlayLevel: PIE: StaticDuplicateObject took: (0.008744s)
[2014.04.27-18.28.30:656][658]LogPlayLevel: PIE: World Init took: (0.000573s)
[2014.04.27-18.28.30:657][658]LogPlayLevel: PIE: Created PIE world by copying editor world from /Game/Maps/MyTest.MyTest to /Game/Maps/UEDPIE_0_MyTest.MyTest (0.009530s)
[2014.04.27-18.28.30:657][658]LogWorld: Game class is 'AntiGameMode_C'
[2014.04.27-18.28.30:692][658]LogWorld: Bringing World /Game/Maps/UEDPIE_0_MyTest.MyTest up for play (max tick rate 0) at 2014.04.27-21.28.30
[2014.04.27-18.28.30:693][658]LogWorld: Bringing up level for play took: 0.001350
[2014.04.27-18.28.30:693][658]LogGameMode: RestartPlayer 261
[2014.04.27-18.28.30:693][658]LogPlayerController: ClientRestart_Implementation MyCharackter_C_5
[2014.04.27-18.28.30:693][658]LogPlayerController: ServerAcknowledgePossession_Implementation MyCharackter_C_5
[2014.04.27-18.28.30:695][658]PIE: Info Play in editor start time for /Game/Maps/UEDPIE_0_MyTest -0,35
[2014.04.27-18.28.37:457][ 23]LogParticles: Destroying 0 GPU particle simulations for FXSystem 0x000000E86D366DE0
[2014.04.27-18.28.42:882][313]LogEditorViewport: Clicking on Actor (LMB): BP_Sky_Sphere_C (BP_Sky_Shere)
[2014.04.27-18.28.44:246][387]BlueprintLog: New page: Pre-PIE auto-recompile
[2014.04.27-18.28.44:317][387]LogPlayLevel: [PIE] Compiling Untitled before PIE...
[2014.04.27-18.28.44:492][387]LogPlayLevel: PIE:  Blueprint regeneration took 244 ms (1 blueprints)
[2014.04.27-18.28.44:492][387]PIE: New page: PIE session: MyTest (28 0?@. 2014 3., 0:28:44)
[2014.04.27-18.28.44:501][387]LogPlayLevel: PIE: StaticDuplicateObject took: (0.008723s)
[2014.04.27-18.28.44:501][387]LogPlayLevel: PIE: World Init took: (0.000547s)
[2014.04.27-18.28.44:501][387]LogPlayLevel: PIE: Created PIE world by copying editor world from /Game/Maps/MyTest.MyTest to /Game/Maps/UEDPIE_0_MyTest.MyTest (0.009438s)
[2014.04.27-18.28.44:501][387]LogWorld: Game class is 'AntiGameMode_C'
[2014.04.27-18.28.44:542][387]LogWorld: Bringing World /Game/Maps/UEDPIE_0_MyTest.MyTest up for play (max tick rate 0) at 2014.04.27-21.28.44
[2014.04.27-18.28.44:542][387]LogWorld: Bringing up level for play took: 0.001281
[2014.04.27-18.28.44:543][387]LogGameMode: RestartPlayer 262
[2014.04.27-18.28.44:543][387]LogPlayerController: ClientRestart_Implementation MyCharackter_C_6
[2014.04.27-18.28.44:543][387]LogPlayerController: ServerAcknowledgePossession_Implementation MyCharackter_C_6
[2014.04.27-18.28.44:545][387]PIE: Info Play in editor start time for /Game/Maps/UEDPIE_0_MyTest -0,501
[2014.04.27-18.29.15:280][128]LogParticles: Destroying 0 GPU particle simulations for FXSystem 0x000000E86C05EDE0
[2014.04.27-18.29.27:178][792]BlueprintLog: New page: Pre-PIE auto-recompile
[2014.04.27-18.29.27:249][792]LogPlayLevel: [PIE] Compiling Untitled before PIE...
[2014.04.27-18.29.27:420][792]LogPlayLevel: PIE:  Blueprint regeneration took 241 ms (1 blueprints)
[2014.04.27-18.29.27:420][792]PIE: New page: PIE session: MyTest (28 0?@. 2014 3., 0:29:27)
[2014.04.27-18.29.27:429][792]LogPlayLevel: PIE: StaticDuplicateObject took: (0.008509s)
[2014.04.27-18.29.27:429][792]LogPlayLevel: PIE: World Init took: (0.000540s)
[2014.04.27-18.29.27:429][792]LogPlayLevel: PIE: Created PIE world by copying editor world from /Game/Maps/MyTest.MyTest to /Game/Maps/UEDPIE_0_MyTest.MyTest (0.009229s)
[2014.04.27-18.29.27:429][792]LogWorld: Game class is 'AntiGameMode_C'
[2014.04.27-18.29.27:464][792]LogWorld: Bringing World /Game/Maps/UEDPIE_0_MyTest.MyTest up for play (max tick rate 0) at 2014.04.27-21.29.27
[2014.04.27-18.29.27:464][792]LogWorld: Bringing up level for play took: 0.001266
[2014.04.27-18.29.27:465][792]LogGameMode: RestartPlayer 263
[2014.04.27-18.29.27:465][792]LogPlayerController: ClientRestart_Implementation MyCharackter_C_7
[2014.04.27-18.29.27:465][792]LogPlayerController: ServerAcknowledgePossession_Implementation MyCharackter_C_7
[2014.04.27-18.29.27:467][792]PIE: Info Play in editor start time for /Game/Maps/UEDPIE_0_MyTest 0,422
[2014.04.27-18.29.29:463][892]LogParticles: Destroying 0 GPU particle simulations for FXSystem 0x000000E86D1A6DE0
[2014.04.27-18.29.38:928][404]BlueprintLog: New page: Pre-PIE auto-recompile
[2014.04.27-18.29.38:999][404]LogPlayLevel: [PIE] Compiling Untitled before PIE...
[2014.04.27-18.29.39:173][404]LogPlayLevel: PIE:  Blueprint regeneration took 245 ms (1 blueprints)
[2014.04.27-18.29.39:173][404]PIE: New page: PIE session: MyTest (28 0?@. 2014 3., 0:29:39)
[2014.04.27-18.29.39:183][404]LogPlayLevel: PIE: StaticDuplicateObject took: (0.009074s)
[2014.04.27-18.29.39:183][404]LogPlayLevel: PIE: World Init took: (0.000613s)
[2014.04.27-18.29.39:183][404]LogPlayLevel: PIE: Created PIE world by copying editor world from /Game/Maps/MyTest.MyTest to /Game/Maps/UEDPIE_0_MyTest.MyTest (0.009895s)
[2014.04.27-18.29.39:183][404]LogWorld: Game class is 'AntiGameMode_C'
[2014.04.27-18.29.39:222][404]LogWorld: Bringing World /Game/Maps/UEDPIE_0_MyTest.MyTest up for play (max tick rate 0) at 2014.04.27-21.29.39
[2014.04.27-18.29.39:222][404]LogWorld: Bringing up level for play took: 0.001292
[2014.04.27-18.29.39:222][404]LogGameMode: RestartPlayer 264
[2014.04.27-18.29.39:223][404]LogPlayerController: ClientRestart_Implementation MyCharackter_C_8
[2014.04.27-18.29.39:223][404]LogPlayerController: ServerAcknowledgePossession_Implementation MyCharackter_C_8
[2014.04.27-18.29.39:224][404]PIE: Info Play in editor start time for /Game/Maps/UEDPIE_0_MyTest 0,179
[2014.04.27-18.30.15:301][467]LogParticles: Destroying 0 GPU particle simulations for FXSystem 0x000000E86AB5ADE0
[2014.04.27-18.31.39:069][807]LogSavePackage: Save=143.450317ms
[2014.04.27-18.31.39:069][807]LogSavePackage: Moving '../../../../Users/Boshchuk/Documents/Unreal Projects/MyProject/Saved//MyTest796DA50447014F31EDBAC98FB6D71003.tmp' to '../../../../Users/Boshchuk/Documents/Unreal Projects/MyProject/Content/Maps/MyTest.umap'
[2014.04.27-18.31.39:106][807]LogFileHelpers: Saving map 'MyTest' took 0.258
[2014.04.27-18.31.40:483][930]Cmd: QUIT_EDITOR
[2014.04.27-18.31.40:526][930]LogWindowsTextInputMethodSystem:Error: Terminating failed while unadvising the language notification sink from the TSF source.
[2014.04.27-18.31.40:528][930]LogExit: Preparing to exit.
[2014.04.27-18.31.40:937][930]LogExit: Editor shut down
[2014.04.27-18.31.40:937][930]LogExit: Transaction tracking system shut down
[2014.04.27-18.31.40:938][930]LogParticles: Destroying 0 GPU particle simulations for FXSystem 0x000000E858B2F240
[2014.04.27-18.31.40:938][930]LogParticles: Destroying 0 GPU particle simulations for FXSystem 0x000000E858C59760
[2014.04.27-18.31.40:938][930]LogParticles: Destroying 0 GPU particle simulations for FXSystem 0x000000E8608A7D80
[2014.04.27-18.31.40:958][930]LogExit: Object subsystem successfully closed.
[2014.04.27-18.31.40:980][930]LogModuleManager: Shutting down and abandoning module DesktopPlatform (144)
[2014.04.27-18.31.40:980][930]LogModuleManager: Shutting down and abandoning module HTTP (143)
[2014.04.27-18.31.40:984][930]LogModuleManager: Shutting down and abandoning module CrashTracker (142)
[2014.04.27-18.31.40:984][930]LogModuleManager: Shutting down and abandoning module SceneOutliner (141)
[2014.04.27-18.31.40:984][930]LogModuleManager: Shutting down and abandoning module EditorWidgets (140)
[2014.04.27-18.31.40:984][930]LogModuleManager: Shutting down and abandoning module CollectionManager (139)
[2014.04.27-18.31.40:987][930]LogModuleManager: Shutting down and abandoning module StatsViewer (138)
[2014.04.27-18.31.40:987][930]LogModuleManager: Shutting down and abandoning module FoliageEdit (137)
[2014.04.27-18.31.40:987][930]LogModuleManager: Shutting down and abandoning module LandscapeEditor (136)
[2014.04.27-18.31.40:991][930]LogModuleManager: Shutting down and abandoning module MeshPaint (135)
[2014.04.27-18.31.40:991][930]LogModuleManager: Shutting down and abandoning module GeometryMode (134)
[2014.04.27-18.31.40:991][930]LogModuleManager: Shutting down and abandoning module TextureAlignMode (133)
[2014.04.27-18.31.40:991][930]LogModuleManager: Shutting down and abandoning module BspMode (132)
[2014.04.27-18.31.40:991][930]LogModuleManager: Shutting down and abandoning module PlacementMode (131)
[2014.04.27-18.31.40:991][930]LogModuleManager: Shutting down and abandoning module AutomationWorker (130)
[2014.04.27-18.31.40:991][930]LogModuleManager: Shutting down and abandoning module ViewportSnapping (129)
[2014.04.27-18.31.40:991][930]LogModuleManager: Shutting down and abandoning module DeviceProfileEditor (128)
[2014.04.27-18.31.40:991][930]LogModuleManager: Shutting down and abandoning module UndoHistory (127)
[2014.04.27-18.31.40:991][930]LogModuleManager: Shutting down and abandoning module GameplayTagsEditor (126)
[2014.04.27-18.31.40:991][930]LogModuleManager: Shutting down and abandoning module UserFeedback (125)
[2014.04.27-18.31.40:991][930]LogModuleManager: Shutting down and abandoning module XmlParser (124)
[2014.04.27-18.31.40:991][930]LogModuleManager: Shutting down and abandoning module OnlineBlueprintSupport (123)
[2014.04.27-18.31.40:991][930]LogModuleManager: Shutting down and abandoning module Blutility (122)
[2014.04.27-18.31.40:991][930]LogModuleManager: Shutting down and abandoning module IOSPlatformEditor (121)
[2014.04.27-18.31.40:991][930]LogModuleManager: Shutting down and abandoning module IOSRuntimeSettings (120)
[2014.04.27-18.31.40:991][930]LogModuleManager: Shutting down and abandoning module ProjectSettingsViewer (117)
[2014.04.27-18.31.40:991][930]LogModuleManager: Shutting down and abandoning module InputBindingEditor (116)
[2014.04.27-18.31.40:991][930]LogModuleManager: Shutting down and abandoning module EditorSettingsViewer (115)
[2014.04.27-18.31.40:992][930]LogModuleManager: Shutting down and abandoning module SettingsEditor (114)
[2014.04.27-18.31.40:992][930]LogModuleManager: Shutting down and abandoning module SessionLauncher (113)
[2014.04.27-18.31.40:992][930]LogModuleManager: Shutting down and abandoning module SessionFrontend (112)
[2014.04.27-18.31.40:992][930]LogModuleManager: Shutting down and abandoning module ProfilerClient (111)
[2014.04.27-18.31.40:992][930]LogModuleManager: Shutting down and abandoning module TargetDeviceServices (110)
[2014.04.27-18.31.40:992][930]LogModuleManager: Shutting down and abandoning module DeviceManager (109)
[2014.04.27-18.31.40:992][930]LogModuleManager: Shutting down and abandoning module AutomationController (108)
[2014.04.27-18.31.40:992][930]LogModuleManager: Shutting down and abandoning module AutomationWindow (107)
[2014.04.27-18.31.40:992][930]LogModuleManager: Shutting down and abandoning module Layers (106)
[2014.04.27-18.31.40:992][930]LogModuleManager: Shutting down and abandoning module ComponentVisualizers (105)
[2014.04.27-18.31.40:992][930]LogModuleManager: Shutting down and abandoning module DetailCustomizations (104)
[2014.04.27-18.31.40:992][930]LogModuleManager: Shutting down and abandoning module PackagesDialog (103)
[2014.04.27-18.31.40:992][930]LogModuleManager: Shutting down and abandoning module PropertyEditor (102)
[2014.04.27-18.31.40:992][930]LogModuleManager: Shutting down and abandoning module DirectoryWatcher (101)
[2014.04.27-18.31.40:992][930]LogModuleManager: Shutting down and abandoning module AssetRegistry (100)
[2014.04.27-18.31.41:090][930]LogModuleManager: Shutting down and abandoning module Persona (99)
[2014.04.27-18.31.41:090][930]LogModuleManager: Shutting down and abandoning module GraphEditor (98)
[2014.04.27-18.31.41:091][930]LogModuleManager: Shutting down and abandoning module ContentBrowser (97)
[2014.04.27-18.31.41:091][930]LogModuleManager: Shutting down and abandoning module ClassViewer (96)
[2014.04.27-18.31.41:091][930]LogModuleManager: Shutting down and abandoning module Toolbox (95)
[2014.04.27-18.31.41:091][930]LogModuleManager: Shutting down and abandoning module ModuleUI (94)
[2014.04.27-18.31.41:091][930]LogModuleManager: Shutting down and abandoning module Sequencer (93)
[2014.04.27-18.31.41:091][930]LogModuleManager: Shutting down and abandoning module AssetTools (92)
[2014.04.27-18.31.41:091][930]LogModuleManager: Shutting down and abandoning module MovieSceneTools (91)
[2014.04.27-18.31.41:091][930]LogModuleManager: Shutting down and abandoning module OutputLog (90)
[2014.04.27-18.31.41:091][930]LogModuleManager: Shutting down and abandoning module GammaUI (89)
[2014.04.27-18.31.41:091][930]LogModuleManager: Shutting down and abandoning module Documentation (88)
[2014.04.27-18.31.41:091][930]LogModuleManager: Shutting down and abandoning module ProfilerService (87)
[2014.04.27-18.31.41:245][930]LogModuleManager: Shutting down and abandoning module TaskGraph (86)
[2014.04.27-18.31.41:245][930]LogModuleManager: Shutting down and abandoning module GameProjectGeneration (85)
[2014.04.27-18.31.41:245][930]LogModuleManager: Shutting down and abandoning module Matinee (84)
[2014.04.27-18.31.41:245][930]LogModuleManager: Shutting down and abandoning module Kismet (83)
[2014.04.27-18.31.41:245][930]LogModuleManager: Shutting down and abandoning module LevelEditor (82)
[2014.04.27-18.31.41:245][930]LogModuleManager: Shutting down and abandoning module MainFrame (81)
[2014.04.27-18.31.41:245][930]LogModuleManager: Shutting down and abandoning module SourceControl (80)
[2014.04.27-18.31.41:245][930]LogModuleManager: Shutting down and abandoning module ImageWrapper (79)
[2014.04.27-18.31.41:245][930]LogModuleManager: Shutting down and abandoning module FunctionalTesting (78)
[2014.04.27-18.31.41:245][930]LogModuleManager: Shutting down and abandoning module CollisionAnalyzer (77)
[2014.04.27-18.31.41:245][930]LogModuleManager: Shutting down and abandoning module WorkspaceMenuStructure (76)
[2014.04.27-18.31.41:246][930]LogModuleManager: Shutting down and abandoning module MessageLog (75)
[2014.04.27-18.31.41:246][930]LogModuleManager: Shutting down and abandoning module Slate (74)
[2014.04.27-18.31.41:246][930]LogModuleManager: Shutting down and abandoning module EditorStyle (73)
[2014.04.27-18.31.41:247][930]LogModuleManager: Shutting down and abandoning module SessionServices (72)
[2014.04.27-18.31.41:247][930]LogModuleManager: Shutting down and abandoning module VSAccessor (71)
[2014.04.27-18.31.41:247][930]LogModuleManager: Shutting down and abandoning module HeadMountedDisplay (70)
[2014.04.27-18.31.41:247][930]LogModuleManager: Shutting down and abandoning module XAudio2 (69)
[2014.04.27-18.31.41:247][930]LogModuleManager: Shutting down and abandoning module Networking (68)
[2014.04.27-18.31.41:247][930]LogModuleManager: Shutting down and abandoning module Core (67)
[2014.04.27-18.31.41:247][930]LogModuleManager: Shutting down and abandoning module KismetCompiler (66)
[2014.04.27-18.31.41:247][930]LogModuleManager: Shutting down and abandoning module PhysXFormats (65)
[2014.04.27-18.31.41:247][930]LogModuleManager: Shutting down and abandoning module MeshUtilities (64)
[2014.04.27-18.31.41:247][930]LogModuleManager: Shutting down and abandoning module DerivedDataCache (63)
[2014.04.27-18.31.41:257][930]LogDerivedDataCache: Shutdown
[2014.04.27-18.31.41:257][930]LogModuleManager: Shutting down and abandoning module ShaderFormatOpenGL (62)
[2014.04.27-18.31.41:257][930]LogModuleManager: Shutting down and abandoning module ShaderFormatD3D (61)
[2014.04.27-18.31.41:257][930]LogModuleManager: Shutting down and abandoning module TextureFormatUncompressed (60)
[2014.04.27-18.31.41:257][930]LogModuleManager: Shutting down and abandoning module TextureFormatPVR (59)
[2014.04.27-18.31.41:257][930]LogModuleManager: Shutting down and abandoning module TextureFormatDXT (58)
[2014.04.27-18.31.41:257][930]LogModuleManager: Shutting down and abandoning module AudioFormatOgg (57)
[2014.04.27-18.31.41:257][930]LogModuleManager: Shutting down and abandoning module AudioFormatADPCM (56)
[2014.04.27-18.31.41:257][930]LogModuleManager: Shutting down and abandoning module Messaging (55)
[2014.04.27-18.31.41:257][930]LogModuleManager: Shutting down and abandoning module IOSTargetPlatform (54)
[2014.04.27-18.31.41:257][930]LogModuleManager: Shutting down and abandoning module WindowsTargetPlatform (53)
[2014.04.27-18.31.41:257][930]LogModuleManager: Shutting down and abandoning module WindowsServerTargetPlatform (52)
[2014.04.27-18.31.41:257][930]LogModuleManager: Shutting down and abandoning module WindowsNoEditorTargetPlatform (51)
[2014.04.27-18.31.41:257][930]LogModuleManager: Shutting down and abandoning module WindowsClientTargetPlatform (50)
[2014.04.27-18.31.41:257][930]LogModuleManager: Shutting down and abandoning module TargetPlatform (49)
[2014.04.27-18.31.41:257][930]LogModuleManager: Shutting down and abandoning module InputCore (47)
[2014.04.27-18.31.41:257][930]LogModuleManager: Shutting down and abandoning module Settings (46)
[2014.04.27-18.31.41:257][930]LogModuleManager: Shutting down and abandoning module TextureCompressor (43)
[2014.04.27-18.31.41:257][930]LogModuleManager: Shutting down and abandoning module ShaderCore (42)
[2014.04.27-18.31.41:257][930]LogModuleManager: Shutting down and abandoning module OpenGLDrv (41)
[2014.04.27-18.31.41:257][930]LogModuleManager: Shutting down and abandoning module D3D11RHI (40)
[2014.04.27-18.31.41:257][930]LogModuleManager: Shutting down and abandoning module SlateRHIRenderer (39)
[2014.04.27-18.31.41:257][930]LogModuleManager: Shutting down and abandoning module Renderer (38)
[2014.04.27-18.31.41:257][930]LogModuleManager: Shutting down and abandoning module Engine (37)
[2014.04.27-18.31.41:257][930]LogModuleManager: Shutting down and abandoning module WindowsMoviePlayer (36)
[2014.04.27-18.31.41:258][930]LogModuleManager: Shutting down and abandoning module ExampleDeviceProfileSelector (31)
[2014.04.27-18.31.41:259][930]LogModuleManager: Shutting down and abandoning module CustomMeshComponent (30)
[2014.04.27-18.31.41:259][930]LogModuleManager: Shutting down and abandoning module CableComponent (29)
[2014.04.27-18.31.41:259][930]LogModuleManager: Shutting down and abandoning module OculusRift (26)
[2014.04.27-18.31.41:259][930]LogModuleManager: Shutting down and abandoning module UdpMessaging (25)
[2014.04.27-18.31.41:360][930]LogModuleManager: Shutting down and abandoning module MessagingDebugger (24)
[2014.04.27-18.31.41:360][930]LogModuleManager: Shutting down and abandoning module PluginsEditor (12)
[2014.04.27-18.31.41:360][930]LogModuleManager: Shutting down and abandoning module IntroTutorials (11)
[2014.04.27-18.31.41:360][930]LogModuleManager: Shutting down and abandoning module EpicSurvey (10)
[2014.04.27-18.31.41:360][930]LogModuleManager: Shutting down and abandoning module UObjectPlugin (9)
[2014.04.27-18.31.41:360][930]LogModuleManager: Shutting down and abandoning module SubversionSourceControl (8)
[2014.04.27-18.31.41:360][930]LogModuleManager: Shutting down and abandoning module PerforceSourceControl (7)
[2014.04.27-18.31.41:360][930]LogModuleManager: Shutting down and abandoning module BlankPlugin (6)
[2014.04.27-18.31.41:360][930]LogModuleManager: Shutting down and abandoning module CoreUObject (5)
[2014.04.27-18.31.41:360][930]LogModuleManager: Shutting down and abandoning module NetworkFile (4)
[2014.04.27-18.31.41:360][930]LogModuleManager: Shutting down and abandoning module StreamingFile (3)
[2014.04.27-18.31.41:360][930]LogModuleManager: Shutting down and abandoning module SandboxFile (2)
[2014.04.27-18.31.41:360][930]LogModuleManager: Shutting down and abandoning module PakFile (1)
[2014.04.27-18.31.41:360][930]LogExit: Exiting.
[2014.04.27-18.31.41:361][930]Log file closed, 04/27/14 21:31:41
